This file contains any messages produced by compilers while
running configure, to aid debugging if configure makes a mistake.

It was created by rcssmonitor configure 19.0.1, which was
generated by GNU Autoconf 2.71.  Invocation command line was

  $ ./configure --with-boost=/usr/local/Cellar/boost/1.88.0

## --------- ##
## Platform. ##
## --------- ##

hostname = Taewons-MacBook-Pro.local
uname -m = x86_64
uname -r = 24.4.0
uname -s = Darwin
uname -v = Darwin Kernel Version 24.4.0: Wed Mar 19 21:16:31 PDT 2025; root:xnu-11417.101.15~1/RELEASE_X86_64

/usr/bin/uname -p = i386
/bin/uname -X     = unknown

/bin/arch              = unknown
/usr/bin/arch -k       = unknown
/usr/convex/getsysinfo = unknown
/usr/bin/hostinfo      = Mach kernel version:
	 Darwin Kernel Version 24.4.0: Wed Mar 19 21:16:31 PDT 2025; root:xnu-11417.101.15~1/RELEASE_X86_64
Kernel configured for up to 8 processors.
4 processors are physically available.
8 processors are logically available.
Processor type: x86_64h (Intel x86-64h Haswell)
Processors active: 0 1 2 3 4 5 6 7
Primary memory available: 8.00 gigabytes
Default processor set: 524 tasks, 3016 threads, 8 processors
Load average: 2.48, Mach factor: 5.51
/bin/machine           = unknown
/usr/bin/oslevel       = unknown
/bin/universe          = unknown

PATH: /usr/local/opt/bison/bin/
PATH: /usr/local/opt/qt@5/bin/
PATH: /opt/homebrew/opt/qt@5/bin/
PATH: /opt/homebrew/opt/qt@5/bin/
PATH: /Users/taewonhwang/.nvm/versions/node/v22.12.0/bin/
PATH: /Users/taewonhwang/.gem/ruby/3.2.1/bin/
PATH: /Users/taewonhwang/.rubies/ruby-3.2.1/lib/ruby/gems/3.2.0/bin/
PATH: /Users/taewonhwang/.rubies/ruby-3.2.1/bin/
PATH: /Users/taewonhwang/opt/anaconda3/bin/
PATH: /Users/taewonhwang/opt/anaconda3/condabin/
PATH: /usr/local/bin/
PATH: /System/Cryptexes/App/usr/bin/
PATH: /usr/bin/
PATH: /bin/
PATH: /usr/sbin/
PATH: /sbin/
PATH: /var/run/com.apple.security.cryptexd/codex.system/bootstrap/usr/local/bin/
PATH: /var/run/com.apple.security.cryptexd/codex.system/bootstrap/usr/bin/
PATH: /var/run/com.apple.security.cryptexd/codex.system/bootstrap/usr/appleinternal/bin/
PATH: /opt/X11/bin/
PATH: /Library/Apple/usr/bin/


## ----------- ##
## Core tests. ##
## ----------- ##

configure:2975: looking for aux files: compile config.guess config.sub ltmain.sh missing install-sh
configure:2988:  trying ./
configure:3017:   ./compile found
configure:3017:   ./config.guess found
configure:3017:   ./config.sub found
configure:3017:   ./ltmain.sh found
configure:3017:   ./missing found
configure:2999:   ./install-sh found
configure:3150: checking for a BSD-compatible install
configure:3223: result: /usr/bin/install -c
configure:3234: checking whether build environment is sane
configure:3289: result: yes
configure:3448: checking for a race-free mkdir -p
configure:3492: result: ./install-sh -c -d
configure:3499: checking for gawk
configure:3534: result: no
configure:3499: checking for mawk
configure:3534: result: no
configure:3499: checking for nawk
configure:3534: result: no
configure:3499: checking for awk
configure:3520: found /usr/bin/awk
configure:3531: result: awk
configure:3542: checking whether make sets $(MAKE)
configure:3565: result: yes
configure:3595: checking whether make supports nested variables
configure:3613: result: yes
configure:3760: WARNING: Libtool does not cope well with whitespace in `pwd`
configure:3790: checking build system type
configure:3805: result: x86_64-apple-darwin24.4.0
configure:3825: checking host system type
configure:3839: result: x86_64-apple-darwin24.4.0
configure:3880: checking how to print strings
configure:3907: result: printf
configure:3941: checking whether make supports the include directive
configure:3956: make -f confmf.GNU && cat confinc.out
this is the am__doit target
configure:3959: $? = 0
configure:3978: result: yes (GNU style)
configure:4054: checking for gcc
configure:4075: found /usr/bin/gcc
configure:4086: result: gcc
configure:4439: checking for C compiler version
configure:4448: gcc --version >&5
Apple clang version 14.0.3 (clang-1403.0.22.14.1)
Target: x86_64-apple-darwin24.4.0
Thread model: posix
InstalledDir: /Library/Developer/CommandLineTools/usr/bin
configure:4459: $? = 0
configure:4448: gcc -v >&5
Apple clang version 14.0.3 (clang-1403.0.22.14.1)
Target: x86_64-apple-darwin24.4.0
Thread model: posix
InstalledDir: /Library/Developer/CommandLineTools/usr/bin
configure:4459: $? = 0
configure:4448: gcc -V >&5
clang: error: argument to '-V' is missing (expected 1 value)
clang: error: no input files
configure:4459: $? = 1
configure:4448: gcc -qversion >&5
clang: error: unknown argument '-qversion'; did you mean '--version'?
clang: error: no input files
configure:4459: $? = 1
configure:4448: gcc -version >&5
clang: error: unknown argument '-version'; did you mean '--version'?
clang: error: no input files
configure:4459: $? = 1
configure:4479: checking whether the C compiler works
configure:4501: gcc  -I/usr/local/opt/qt@5/include -L/usr/local/opt/qt@5/lib conftest.c  >&5
configure:4505: $? = 0
configure:4555: result: yes
configure:4558: checking for C compiler default output file name
configure:4560: result: a.out
configure:4566: checking for suffix of executables
configure:4573: gcc -o conftest  -I/usr/local/opt/qt@5/include -L/usr/local/opt/qt@5/lib conftest.c  >&5
configure:4577: $? = 0
configure:4600: result: 
configure:4622: checking whether we are cross compiling
configure:4630: gcc -o conftest  -I/usr/local/opt/qt@5/include -L/usr/local/opt/qt@5/lib conftest.c  >&5
configure:4634: $? = 0
configure:4641: ./conftest
configure:4645: $? = 0
configure:4660: result: no
configure:4665: checking for suffix of object files
configure:4688: gcc -c  -I/usr/local/opt/qt@5/include conftest.c >&5
configure:4692: $? = 0
configure:4714: result: o
configure:4718: checking whether the compiler supports GNU C
configure:4738: gcc -c  -I/usr/local/opt/qt@5/include conftest.c >&5
configure:4738: $? = 0
configure:4748: result: yes
configure:4759: checking whether gcc accepts -g
configure:4780: gcc -c -g -I/usr/local/opt/qt@5/include conftest.c >&5
configure:4780: $? = 0
configure:4824: result: yes
configure:4844: checking for gcc option to enable C11 features
configure:4859: gcc  -c -g -O2 -I/usr/local/opt/qt@5/include conftest.c >&5
conftest.c:25:14: warning: a function declaration without a prototype is deprecated in all versions of C and is not supported in C2x [-Wdeprecated-non-prototype]
static char *e (p, i)
             ^
1 warning generated.
configure:4859: $? = 0
configure:4877: result: none needed
configure:4993: checking whether gcc understands -c and -o together
configure:5016: gcc -c conftest.c -o conftest2.o
configure:5019: $? = 0
configure:5016: gcc -c conftest.c -o conftest2.o
configure:5019: $? = 0
configure:5031: result: yes
configure:5050: checking dependency style of gcc
configure:5162: result: gcc3
configure:5177: checking for a sed that does not truncate output
configure:5247: result: /usr/bin/sed
configure:5265: checking for grep that handles long lines and -e
configure:5329: result: /usr/bin/grep
configure:5334: checking for egrep
configure:5402: result: /usr/bin/grep -E
configure:5407: checking for fgrep
configure:5475: result: /usr/bin/grep -F
configure:5511: checking for ld used by gcc
configure:5579: result: /Library/Developer/CommandLineTools/usr/bin/ld
configure:5586: checking if the linker (/Library/Developer/CommandLineTools/usr/bin/ld) is GNU ld
configure:5602: result: no
configure:5614: checking for BSD- or MS-compatible name lister (nm)
configure:5669: result: /usr/bin/nm -B
configure:5809: checking the name lister (/usr/bin/nm -B) interface
configure:5817: gcc -c -g -O2 -I/usr/local/opt/qt@5/include conftest.c >&5
configure:5820: /usr/bin/nm -B "conftest.o"
configure:5823: output
0000000000000248 S _some_variable
configure:5830: result: BSD nm
configure:5833: checking whether ln -s works
configure:5837: result: yes
configure:5845: checking the maximum length of command line arguments
configure:5977: result: 786432
configure:6025: checking how to convert x86_64-apple-darwin24.4.0 file names to x86_64-apple-darwin24.4.0 format
configure:6066: result: func_convert_file_noop
configure:6073: checking how to convert x86_64-apple-darwin24.4.0 file names to toolchain format
configure:6094: result: func_convert_file_noop
configure:6101: checking for /Library/Developer/CommandLineTools/usr/bin/ld option to reload object files
configure:6109: result: -r
configure:6188: checking for objdump
configure:6209: found /usr/bin/objdump
configure:6220: result: objdump
configure:6252: checking how to recognize dependent libraries
configure:6453: result: pass_all
configure:6543: checking for dlltool
configure:6578: result: no
configure:6608: checking how to associate runtime and link libraries
configure:6636: result: printf %s\n
configure:6702: checking for ar
configure:6723: found /usr/bin/ar
configure:6734: result: ar
configure:6771: checking for archiver @FILE support
configure:6789: gcc -c -g -O2 -I/usr/local/opt/qt@5/include conftest.c >&5
configure:6789: $? = 0
configure:6793: ar cr libconftest.a @conftest.lst >&5
ar: @conftest.lst: No such file or directory
configure:6796: $? = 1
configure:6816: result: no
configure:6879: checking for strip
configure:6900: found /usr/bin/strip
configure:6911: result: strip
configure:6988: checking for ranlib
configure:7009: found /usr/bin/ranlib
configure:7020: result: ranlib
configure:7122: checking command to parse /usr/bin/nm -B output from gcc object
configure:7276: gcc -c -g -O2 -I/usr/local/opt/qt@5/include conftest.c >&5
configure:7279: $? = 0
configure:7283: /usr/bin/nm -B conftest.o | sed -n -e 's/^.*[	 ]\([ABCDGIRSTW][ABCDGIRSTW]*\)[	 ][	 ]*\([_A-Za-z][_A-Za-z0-9]*\)$/\1 \2 \2/p' | sed '/ __gnu_lto/d' > conftest.nm
cannot find nm_test_var in conftest.nm
configure:7276: gcc -c -g -O2 -I/usr/local/opt/qt@5/include conftest.c >&5
configure:7279: $? = 0
configure:7283: /usr/bin/nm -B conftest.o | sed -n -e 's/^.*[	 ]\([ABCDGIRSTW][ABCDGIRSTW]*\)[	 ][	 ]*_\([_A-Za-z][_A-Za-z0-9]*\)$/\1 _\2 \2/p' | sed '/ __gnu_lto/d' > conftest.nm
configure:7349: gcc -o conftest -g -O2 -I/usr/local/opt/qt@5/include -L/usr/local/opt/qt@5/lib conftest.c conftstm.o >&5
warning: (x86_64)  could not find object file symbol for symbol _main
configure:7352: $? = 0
configure:7390: result: ok
configure:7437: checking for sysroot
configure:7468: result: no
configure:7475: checking for a working dd
configure:7519: result: /bin/dd
configure:7523: checking how to truncate binary pipes
configure:7539: result: /bin/dd bs=4096 count=1
configure:7876: checking for mt
configure:7911: result: no
configure:7931: checking if : is a manifest tool
configure:7938: : '-?'
configure:7946: result: no
configure:8007: checking for dsymutil
configure:8028: found /usr/bin/dsymutil
configure:8039: result: dsymutil
configure:8109: checking for nmedit
configure:8130: found /usr/bin/nmedit
configure:8141: result: nmedit
configure:8211: checking for lipo
configure:8232: found /usr/bin/lipo
configure:8243: result: lipo
configure:8313: checking for otool
configure:8334: found /usr/bin/otool
configure:8345: result: otool
configure:8415: checking for otool64
configure:8450: result: no
configure:8495: checking for -single_module linker flag
gcc -g -O2 -L/usr/local/opt/qt@5/lib -o libconftest.dylib -dynamiclib -Wl,-single_module conftest.c
configure:8529: result: yes
configure:8532: checking for -exported_symbols_list linker flag
configure:8553: gcc -o conftest -g -O2 -I/usr/local/opt/qt@5/include -L/usr/local/opt/qt@5/lib -Wl,-exported_symbols_list,conftest.sym conftest.c  >&5
configure:8553: $? = 0
configure:8564: result: yes
configure:8567: checking for -force_load linker flag
gcc -g -O2 -c -o conftest.o conftest.c
ar cr libconftest.a conftest.o
ranlib libconftest.a
gcc -g -O2 -L/usr/local/opt/qt@5/lib -o conftest conftest.c -Wl,-force_load,./libconftest.a
configure:8600: result: yes
configure:8676: checking for stdio.h
configure:8676: gcc -c -g -O2 -I/usr/local/opt/qt@5/include conftest.c >&5
configure:8676: $? = 0
configure:8676: result: yes
configure:8676: checking for stdlib.h
configure:8676: gcc -c -g -O2 -I/usr/local/opt/qt@5/include conftest.c >&5
configure:8676: $? = 0
configure:8676: result: yes
configure:8676: checking for string.h
configure:8676: gcc -c -g -O2 -I/usr/local/opt/qt@5/include conftest.c >&5
configure:8676: $? = 0
configure:8676: result: yes
configure:8676: checking for inttypes.h
configure:8676: gcc -c -g -O2 -I/usr/local/opt/qt@5/include conftest.c >&5
configure:8676: $? = 0
configure:8676: result: yes
configure:8676: checking for stdint.h
configure:8676: gcc -c -g -O2 -I/usr/local/opt/qt@5/include conftest.c >&5
configure:8676: $? = 0
configure:8676: result: yes
configure:8676: checking for strings.h
configure:8676: gcc -c -g -O2 -I/usr/local/opt/qt@5/include conftest.c >&5
configure:8676: $? = 0
configure:8676: result: yes
configure:8676: checking for sys/stat.h
configure:8676: gcc -c -g -O2 -I/usr/local/opt/qt@5/include conftest.c >&5
configure:8676: $? = 0
configure:8676: result: yes
configure:8676: checking for sys/types.h
configure:8676: gcc -c -g -O2 -I/usr/local/opt/qt@5/include conftest.c >&5
configure:8676: $? = 0
configure:8676: result: yes
configure:8676: checking for unistd.h
configure:8676: gcc -c -g -O2 -I/usr/local/opt/qt@5/include conftest.c >&5
configure:8676: $? = 0
configure:8676: result: yes
configure:8676: checking for sys/time.h
configure:8676: gcc -c -g -O2 -I/usr/local/opt/qt@5/include conftest.c >&5
configure:8676: $? = 0
configure:8676: result: yes
configure:8701: checking for dlfcn.h
configure:8701: gcc -c -g -O2 -I/usr/local/opt/qt@5/include conftest.c >&5
configure:8701: $? = 0
configure:8701: result: yes
configure:8958: checking for objdir
configure:8974: result: .libs
configure:9238: checking if gcc supports -fno-rtti -fno-exceptions
configure:9257: gcc -c -g -O2 -I/usr/local/opt/qt@5/include -fno-rtti -fno-exceptions conftest.c >&5
configure:9261: $? = 0
configure:9274: result: yes
configure:9638: checking for gcc option to produce PIC
configure:9646: result: -fno-common -DPIC
configure:9654: checking if gcc PIC flag -fno-common -DPIC works
configure:9673: gcc -c -g -O2 -I/usr/local/opt/qt@5/include -fno-common -DPIC -DPIC conftest.c >&5
configure:9677: $? = 0
configure:9690: result: yes
configure:9719: checking if gcc static flag -static works
configure:9748: result: no
configure:9763: checking if gcc supports -c -o file.o
configure:9785: gcc -c -g -O2 -I/usr/local/opt/qt@5/include -o out/conftest2.o conftest.c >&5
configure:9789: $? = 0
configure:9811: result: yes
configure:9819: checking if gcc supports -c -o file.o
configure:9867: result: yes
configure:9900: checking whether the gcc linker (/Library/Developer/CommandLineTools/usr/bin/ld) supports shared libraries
configure:11170: result: yes
configure:11411: checking dynamic linker characteristics
configure:12244: result: darwin24.4.0 dyld
configure:12366: checking how to hardcode library paths into programs
configure:12391: result: immediate
configure:12943: checking whether stripping libraries is possible
configure:12957: result: yes
configure:12983: checking if libtool supports shared libraries
configure:12985: result: yes
configure:12988: checking whether to build shared libraries
configure:13013: result: yes
configure:13016: checking whether to build static libraries
configure:13020: result: no
configure:13126: checking for g++
configure:13147: found /usr/bin/g++
configure:13158: result: g++
configure:13185: checking for C++ compiler version
configure:13194: g++ --version >&5
Apple clang version 14.0.3 (clang-1403.0.22.14.1)
Target: x86_64-apple-darwin24.4.0
Thread model: posix
InstalledDir: /Library/Developer/CommandLineTools/usr/bin
configure:13205: $? = 0
configure:13194: g++ -v >&5
Apple clang version 14.0.3 (clang-1403.0.22.14.1)
Target: x86_64-apple-darwin24.4.0
Thread model: posix
InstalledDir: /Library/Developer/CommandLineTools/usr/bin
configure:13205: $? = 0
configure:13194: g++ -V >&5
clang: error: argument to '-V' is missing (expected 1 value)
clang: error: no input files
configure:13205: $? = 1
configure:13194: g++ -qversion >&5
clang: error: unknown argument '-qversion'; did you mean '--version'?
clang: error: no input files
configure:13205: $? = 1
configure:13209: checking whether the compiler supports GNU C++
configure:13229: g++ -c  -I/usr/local/opt/qt@5/include conftest.cpp >&5
configure:13229: $? = 0
configure:13239: result: yes
configure:13250: checking whether g++ accepts -g
configure:13271: g++ -c -g -I/usr/local/opt/qt@5/include conftest.cpp >&5
configure:13271: $? = 0
configure:13315: result: yes
configure:13335: checking for g++ option to enable C++11 features
configure:13350: g++  -c -g -O2 -I/usr/local/opt/qt@5/include conftest.cpp >&5
conftest.cpp:70:3: error: "Compiler does not advertise C++11 conformance"
# error "Compiler does not advertise C++11 conformance"
  ^
conftest.cpp:75:3: error: unknown type name 'constexpr'
  constexpr int get_val() { return 20; }
  ^
conftest.cpp:87:17: error: delegating constructors are permitted only in C++11
    delegate(): delegate(2354) {}
                ^~~~~~~~
conftest.cpp:98:26: warning: 'override' keyword is a C++11 extension [-Wc++11-extensions]
    virtual int getval() override final { return this->n * 2; }
                         ^
conftest.cpp:98:35: warning: 'final' keyword is a C++11 extension [-Wc++11-extensions]
    virtual int getval() override final { return this->n * 2; }
                                  ^
conftest.cpp:105:16: warning: defaulted function definitions are a C++11 extension [-Wc++11-extensions]
    nocopy() = default;
               ^
conftest.cpp:106:29: warning: deleted function definitions are a C++11 extension [-Wc++11-extensions]
    nocopy(const nocopy&) = delete;
                            ^
conftest.cpp:107:41: warning: deleted function definitions are a C++11 extension [-Wc++11-extensions]
    nocopy & operator=(const nocopy&) = delete;
                                        ^
conftest.cpp:119:25: warning: 'auto' type specifier is a C++11 extension [-Wc++11-extensions]
  template <typename V> auto sum(V first) -> V
                        ^
conftest.cpp:119:25: error: 'auto' not allowed in function return type
  template <typename V> auto sum(V first) -> V
                        ^~~~
conftest.cpp:119:42: error: expected ';' at end of declaration
  template <typename V> auto sum(V first) -> V
                                         ^
                                         ;
conftest.cpp:119:43: error: cannot use arrow operator on a type
  template <typename V> auto sum(V first) -> V
                                          ^
conftest.cpp:123:33: warning: variadic templates are a C++11 extension [-Wc++11-extensions]
  template <typename V, typename... Args> auto sum(V first, Args... rest) -> V
                                ^
conftest.cpp:123:43: warning: 'auto' type specifier is a C++11 extension [-Wc++11-extensions]
  template <typename V, typename... Args> auto sum(V first, Args... rest) -> V
                                          ^
conftest.cpp:123:43: error: 'auto' not allowed in function return type
  template <typename V, typename... Args> auto sum(V first, Args... rest) -> V
                                          ^~~~
conftest.cpp:123:74: error: expected ';' at end of declaration
  template <typename V, typename... Args> auto sum(V first, Args... rest) -> V
                                                                         ^
                                                                         ;
conftest.cpp:123:75: error: cannot use arrow operator on a type
  template <typename V, typename... Args> auto sum(V first, Args... rest) -> V
                                                                          ^
conftest.cpp:147:3: warning: 'auto' type specifier is a C++11 extension [-Wc++11-extensions]
  auto a1 = 6538;
  ^
conftest.cpp:148:3: warning: 'auto' type specifier is a C++11 extension [-Wc++11-extensions]
  auto a2 = 48573953.4;
  ^
conftest.cpp:149:3: warning: 'auto' type specifier is a C++11 extension [-Wc++11-extensions]
  auto a3 = "String literal";
  ^
conftest.cpp:152:8: warning: 'auto' type specifier is a C++11 extension [-Wc++11-extensions]
  for (auto i = a3; *i; ++i) { total += *i; }
       ^
conftest.cpp:168:8: warning: 'auto' type specifier is a C++11 extension [-Wc++11-extensions]
  for (auto &x : array) { x += 23; }
       ^
conftest.cpp:168:16: warning: range-based for loop is a C++11 extension [-Wc++11-extensions]
  for (auto &x : array) { x += 23; }
               ^
conftest.cpp:173:17: error: expected expression
  assert (eval ([](int x) { return x*2; }, 21) == 42);
                ^
conftest.cpp:175:17: error: expected expression
  assert (eval ([&](double x) { return d += x; }, 3.0) == 5.0);
                ^
conftest.cpp:177:17: error: expected expression
  assert (eval ([=](double x) mutable { return d += x; }, 4.0) == 9.0);
                ^
conftest.cpp:183:3: warning: 'auto' type specifier is a C++11 extension [-Wc++11-extensions]
  auto a = sum(1);
  ^
conftest.cpp:183:12: error: no matching function for call to 'sum'
  auto a = sum(1);
           ^~~
conftest.cpp:184:3: warning: 'auto' type specifier is a C++11 extension [-Wc++11-extensions]
  auto b = sum(1, 2);
  ^
conftest.cpp:184:12: error: no matching function for call to 'sum'
  auto b = sum(1, 2);
           ^~~
conftest.cpp:185:3: warning: 'auto' type specifier is a C++11 extension [-Wc++11-extensions]
  auto c = sum(1.0, 2.0, 3.0);
  ^
conftest.cpp:185:12: error: no matching function for call to 'sum'
  auto c = sum(1.0, 2.0, 3.0);
           ^~~
conftest.cpp:190:25: warning: empty parentheses interpreted as a function declaration [-Wvexing-parse]
  cxx11test::delegate d2();
                        ^~
conftest.cpp:190:25: note: remove parentheses to declare a variable
  cxx11test::delegate d2();
                        ^~
conftest.cpp:203:16: error: found '<::' after a template name which forms the digraph '<:' (aka '[') and a ':', did you mean '< ::'?
  test_template<::test_template<int>> v(test_template<int>(12));
               ^~~
               < ::
conftest.cpp:203:36: error: a space is required between consecutive right angle brackets (use '> >')
  test_template<::test_template<int>> v(test_template<int>(12));
                                   ^~
                                   > >
conftest.cpp:207:22: error: use of undeclared identifier 'u8'
  char const *utf8 = u8"UTF-8 string \u2500";
                     ^
conftest.cpp:207:24: error: expected ';' at end of declaration
  char const *utf8 = u8"UTF-8 string \u2500";
                       ^
                       ;
fatal error: too many errors emitted, stopping now [-ferror-limit=]
18 warnings and 20 errors generated.
configure:13350: $? = 1
configure: failed program was:
| /* confdefs.h */
| #define PACKAGE_NAME "rcssmonitor"
| #define PACKAGE_TARNAME "rcssmonitor"
| #define PACKAGE_VERSION "19.0.1"
| #define PACKAGE_STRING "rcssmonitor 19.0.1"
| #define PACKAGE_BUGREPORT "https://github.com/rcsoccersim/rcssmonitor"
| #define PACKAGE_URL ""
| #define PACKAGE "rcssmonitor"
| #define VERSION "19.0.1"
| #define HAVE_STDIO_H 1
| #define HAVE_STDLIB_H 1
| #define HAVE_STRING_H 1
| #define HAVE_INTTYPES_H 1
| #define HAVE_STDINT_H 1
| #define HAVE_STRINGS_H 1
| #define HAVE_SYS_STAT_H 1
| #define HAVE_SYS_TYPES_H 1
| #define HAVE_UNISTD_H 1
| #define HAVE_SYS_TIME_H 1
| #define STDC_HEADERS 1
| #define HAVE_DLFCN_H 1
| #define LT_OBJDIR ".libs/"
| /* end confdefs.h.  */
| 
| // Does the compiler advertise C++98 conformance?
| #if !defined __cplusplus || __cplusplus < 199711L
| # error "Compiler does not advertise C++98 conformance"
| #endif
| 
| // These inclusions are to reject old compilers that
| // lack the unsuffixed header files.
| #include <cstdlib>
| #include <exception>
| 
| // <cassert> and <cstring> are *not* freestanding headers in C++98.
| extern void assert (int);
| namespace std {
|   extern int strcmp (const char *, const char *);
| }
| 
| // Namespaces, exceptions, and templates were all added after "C++ 2.0".
| using std::exception;
| using std::strcmp;
| 
| namespace {
| 
| void test_exception_syntax()
| {
|   try {
|     throw "test";
|   } catch (const char *s) {
|     // Extra parentheses suppress a warning when building autoconf itself,
|     // due to lint rules shared with more typical C programs.
|     assert (!(strcmp) (s, "test"));
|   }
| }
| 
| template <typename T> struct test_template
| {
|   T const val;
|   explicit test_template(T t) : val(t) {}
|   template <typename U> T add(U u) { return static_cast<T>(u) + val; }
| };
| 
| } // anonymous namespace
| 
| 
| // Does the compiler advertise C++ 2011 conformance?
| #if !defined __cplusplus || __cplusplus < 201103L
| # error "Compiler does not advertise C++11 conformance"
| #endif
| 
| namespace cxx11test
| {
|   constexpr int get_val() { return 20; }
| 
|   struct testinit
|   {
|     int i;
|     double d;
|   };
| 
|   class delegate
|   {
|   public:
|     delegate(int n) : n(n) {}
|     delegate(): delegate(2354) {}
| 
|     virtual int getval() { return this->n; };
|   protected:
|     int n;
|   };
| 
|   class overridden : public delegate
|   {
|   public:
|     overridden(int n): delegate(n) {}
|     virtual int getval() override final { return this->n * 2; }
|   };
| 
|   class nocopy
|   {
|   public:
|     nocopy(int i): i(i) {}
|     nocopy() = default;
|     nocopy(const nocopy&) = delete;
|     nocopy & operator=(const nocopy&) = delete;
|   private:
|     int i;
|   };
| 
|   // for testing lambda expressions
|   template <typename Ret, typename Fn> Ret eval(Fn f, Ret v)
|   {
|     return f(v);
|   }
| 
|   // for testing variadic templates and trailing return types
|   template <typename V> auto sum(V first) -> V
|   {
|     return first;
|   }
|   template <typename V, typename... Args> auto sum(V first, Args... rest) -> V
|   {
|     return first + sum(rest...);
|   }
| }
| 
| 
| int
| main (int argc, char **argv)
| {
|   int ok = 0;
|   
|   assert (argc);
|   assert (! argv[0]);
| {
|   test_exception_syntax ();
|   test_template<double> tt (2.0);
|   assert (tt.add (4) == 6.0);
|   assert (true && !false);
| }
| 
|   
| {
|   // Test auto and decltype
|   auto a1 = 6538;
|   auto a2 = 48573953.4;
|   auto a3 = "String literal";
| 
|   int total = 0;
|   for (auto i = a3; *i; ++i) { total += *i; }
| 
|   decltype(a2) a4 = 34895.034;
| }
| {
|   // Test constexpr
|   short sa[cxx11test::get_val()] = { 0 };
| }
| {
|   // Test initializer lists
|   cxx11test::testinit il = { 4323, 435234.23544 };
| }
| {
|   // Test range-based for
|   int array[] = {9, 7, 13, 15, 4, 18, 12, 10, 5, 3,
|                  14, 19, 17, 8, 6, 20, 16, 2, 11, 1};
|   for (auto &x : array) { x += 23; }
| }
| {
|   // Test lambda expressions
|   using cxx11test::eval;
|   assert (eval ([](int x) { return x*2; }, 21) == 42);
|   double d = 2.0;
|   assert (eval ([&](double x) { return d += x; }, 3.0) == 5.0);
|   assert (d == 5.0);
|   assert (eval ([=](double x) mutable { return d += x; }, 4.0) == 9.0);
|   assert (d == 5.0);
| }
| {
|   // Test use of variadic templates
|   using cxx11test::sum;
|   auto a = sum(1);
|   auto b = sum(1, 2);
|   auto c = sum(1.0, 2.0, 3.0);
| }
| {
|   // Test constructor delegation
|   cxx11test::delegate d1;
|   cxx11test::delegate d2();
|   cxx11test::delegate d3(45);
| }
| {
|   // Test override and final
|   cxx11test::overridden o1(55464);
| }
| {
|   // Test nullptr
|   char *c = nullptr;
| }
| {
|   // Test template brackets
|   test_template<::test_template<int>> v(test_template<int>(12));
| }
| {
|   // Unicode literals
|   char const *utf8 = u8"UTF-8 string \u2500";
|   char16_t const *utf16 = u"UTF-8 string \u2500";
|   char32_t const *utf32 = U"UTF-32 string \u2500";
| }
| 
|   return ok;
| }
| 
configure:13368: result: none needed
configure:13434: checking dependency style of g++
configure:13546: result: gcc3
configure:13580: checking how to run the C++ preprocessor
configure:13602: g++ -E -I/usr/local/opt/qt@5/include conftest.cpp
configure:13602: $? = 0
configure:13617: g++ -E -I/usr/local/opt/qt@5/include conftest.cpp
conftest.cpp:24:10: fatal error: 'ac_nonexistent.h' file not found
#include <ac_nonexistent.h>
         ^~~~~~~~~~~~~~~~~~
1 error generated.
configure:13617: $? = 1
configure: failed program was:
| /* confdefs.h */
| #define PACKAGE_NAME "rcssmonitor"
| #define PACKAGE_TARNAME "rcssmonitor"
| #define PACKAGE_VERSION "19.0.1"
| #define PACKAGE_STRING "rcssmonitor 19.0.1"
| #define PACKAGE_BUGREPORT "https://github.com/rcsoccersim/rcssmonitor"
| #define PACKAGE_URL ""
| #define PACKAGE "rcssmonitor"
| #define VERSION "19.0.1"
| #define HAVE_STDIO_H 1
| #define HAVE_STDLIB_H 1
| #define HAVE_STRING_H 1
| #define HAVE_INTTYPES_H 1
| #define HAVE_STDINT_H 1
| #define HAVE_STRINGS_H 1
| #define HAVE_SYS_STAT_H 1
| #define HAVE_SYS_TYPES_H 1
| #define HAVE_UNISTD_H 1
| #define HAVE_SYS_TIME_H 1
| #define STDC_HEADERS 1
| #define HAVE_DLFCN_H 1
| #define LT_OBJDIR ".libs/"
| /* end confdefs.h.  */
| #include <ac_nonexistent.h>
configure:13644: result: g++ -E
configure:13658: g++ -E -I/usr/local/opt/qt@5/include conftest.cpp
configure:13658: $? = 0
configure:13673: g++ -E -I/usr/local/opt/qt@5/include conftest.cpp
conftest.cpp:24:10: fatal error: 'ac_nonexistent.h' file not found
#include <ac_nonexistent.h>
         ^~~~~~~~~~~~~~~~~~
1 error generated.
configure:13673: $? = 1
configure: failed program was:
| /* confdefs.h */
| #define PACKAGE_NAME "rcssmonitor"
| #define PACKAGE_TARNAME "rcssmonitor"
| #define PACKAGE_VERSION "19.0.1"
| #define PACKAGE_STRING "rcssmonitor 19.0.1"
| #define PACKAGE_BUGREPORT "https://github.com/rcsoccersim/rcssmonitor"
| #define PACKAGE_URL ""
| #define PACKAGE "rcssmonitor"
| #define VERSION "19.0.1"
| #define HAVE_STDIO_H 1
| #define HAVE_STDLIB_H 1
| #define HAVE_STRING_H 1
| #define HAVE_INTTYPES_H 1
| #define HAVE_STDINT_H 1
| #define HAVE_STRINGS_H 1
| #define HAVE_SYS_STAT_H 1
| #define HAVE_SYS_TYPES_H 1
| #define HAVE_UNISTD_H 1
| #define HAVE_SYS_TIME_H 1
| #define STDC_HEADERS 1
| #define HAVE_DLFCN_H 1
| #define LT_OBJDIR ".libs/"
| /* end confdefs.h.  */
| #include <ac_nonexistent.h>
configure:13838: checking for ld used by g++
configure:13906: result: /Library/Developer/CommandLineTools/usr/bin/ld
configure:13913: checking if the linker (/Library/Developer/CommandLineTools/usr/bin/ld) is GNU ld
configure:13929: result: no
configure:13984: checking whether the g++ linker (/Library/Developer/CommandLineTools/usr/bin/ld) supports shared libraries
configure:15061: result: yes
configure:15097: g++ -c -g -O2 -I/usr/local/opt/qt@5/include conftest.cpp >&5
configure:15100: $? = 0
configure:15581: checking for g++ option to produce PIC
configure:15589: result: -fno-common -DPIC
configure:15597: checking if g++ PIC flag -fno-common -DPIC works
configure:15616: g++ -c -g -O2 -I/usr/local/opt/qt@5/include -fno-common -DPIC -DPIC conftest.cpp >&5
configure:15620: $? = 0
configure:15633: result: yes
configure:15656: checking if g++ static flag -static works
configure:15685: result: no
configure:15697: checking if g++ supports -c -o file.o
configure:15719: g++ -c -g -O2 -I/usr/local/opt/qt@5/include -o out/conftest2.o conftest.cpp >&5
configure:15723: $? = 0
configure:15745: result: yes
configure:15750: checking if g++ supports -c -o file.o
configure:15798: result: yes
configure:15828: checking whether the g++ linker (/Library/Developer/CommandLineTools/usr/bin/ld) supports shared libraries
configure:15871: result: yes
configure:16013: checking dynamic linker characteristics
configure:16773: result: darwin24.4.0 dyld
configure:16838: checking how to hardcode library paths into programs
configure:16863: result: immediate
configure:16962: checking for gcc
configure:16994: result: gcc
configure:17347: checking for C compiler version
configure:17356: gcc --version >&5
Apple clang version 14.0.3 (clang-1403.0.22.14.1)
Target: x86_64-apple-darwin24.4.0
Thread model: posix
InstalledDir: /Library/Developer/CommandLineTools/usr/bin
configure:17367: $? = 0
configure:17356: gcc -v >&5
Apple clang version 14.0.3 (clang-1403.0.22.14.1)
Target: x86_64-apple-darwin24.4.0
Thread model: posix
InstalledDir: /Library/Developer/CommandLineTools/usr/bin
configure:17367: $? = 0
configure:17356: gcc -V >&5
clang: error: argument to '-V' is missing (expected 1 value)
clang: error: no input files
configure:17367: $? = 1
configure:17356: gcc -qversion >&5
clang: error: unknown argument '-qversion'; did you mean '--version'?
clang: error: no input files
configure:17367: $? = 1
configure:17356: gcc -version >&5
clang: error: unknown argument '-version'; did you mean '--version'?
clang: error: no input files
configure:17367: $? = 1
configure:17371: checking whether the compiler supports GNU C
configure:17401: result: yes
configure:17412: checking whether gcc accepts -g
configure:17477: result: yes
configure:17497: checking for gcc option to enable C11 features
configure:17530: result: none needed
configure:17646: checking whether gcc understands -c and -o together
configure:17684: result: yes
configure:17703: checking dependency style of gcc
configure:17815: result: gcc3
configure:17835: checking how to run the C preprocessor
configure:17861: gcc -E -I/usr/local/opt/qt@5/include conftest.c
configure:17861: $? = 0
configure:17876: gcc -E -I/usr/local/opt/qt@5/include conftest.c
conftest.c:24:10: fatal error: 'ac_nonexistent.h' file not found
#include <ac_nonexistent.h>
         ^~~~~~~~~~~~~~~~~~
1 error generated.
configure:17876: $? = 1
configure: failed program was:
| /* confdefs.h */
| #define PACKAGE_NAME "rcssmonitor"
| #define PACKAGE_TARNAME "rcssmonitor"
| #define PACKAGE_VERSION "19.0.1"
| #define PACKAGE_STRING "rcssmonitor 19.0.1"
| #define PACKAGE_BUGREPORT "https://github.com/rcsoccersim/rcssmonitor"
| #define PACKAGE_URL ""
| #define PACKAGE "rcssmonitor"
| #define VERSION "19.0.1"
| #define HAVE_STDIO_H 1
| #define HAVE_STDLIB_H 1
| #define HAVE_STRING_H 1
| #define HAVE_INTTYPES_H 1
| #define HAVE_STDINT_H 1
| #define HAVE_STRINGS_H 1
| #define HAVE_SYS_STAT_H 1
| #define HAVE_SYS_TYPES_H 1
| #define HAVE_UNISTD_H 1
| #define HAVE_SYS_TIME_H 1
| #define STDC_HEADERS 1
| #define HAVE_DLFCN_H 1
| #define LT_OBJDIR ".libs/"
| /* end confdefs.h.  */
| #include <ac_nonexistent.h>
configure:17903: result: gcc -E
configure:17917: gcc -E -I/usr/local/opt/qt@5/include conftest.c
configure:17917: $? = 0
configure:17932: gcc -E -I/usr/local/opt/qt@5/include conftest.c
conftest.c:24:10: fatal error: 'ac_nonexistent.h' file not found
#include <ac_nonexistent.h>
         ^~~~~~~~~~~~~~~~~~
1 error generated.
configure:17932: $? = 1
configure: failed program was:
| /* confdefs.h */
| #define PACKAGE_NAME "rcssmonitor"
| #define PACKAGE_TARNAME "rcssmonitor"
| #define PACKAGE_VERSION "19.0.1"
| #define PACKAGE_STRING "rcssmonitor 19.0.1"
| #define PACKAGE_BUGREPORT "https://github.com/rcsoccersim/rcssmonitor"
| #define PACKAGE_URL ""
| #define PACKAGE "rcssmonitor"
| #define VERSION "19.0.1"
| #define HAVE_STDIO_H 1
| #define HAVE_STDLIB_H 1
| #define HAVE_STRING_H 1
| #define HAVE_INTTYPES_H 1
| #define HAVE_STDINT_H 1
| #define HAVE_STRINGS_H 1
| #define HAVE_SYS_STAT_H 1
| #define HAVE_SYS_TYPES_H 1
| #define HAVE_UNISTD_H 1
| #define HAVE_SYS_TIME_H 1
| #define STDC_HEADERS 1
| #define HAVE_DLFCN_H 1
| #define LT_OBJDIR ".libs/"
| /* end confdefs.h.  */
| #include <ac_nonexistent.h>
configure:18084: checking for C++ compiler version
configure:18093: g++ --version >&5
Apple clang version 14.0.3 (clang-1403.0.22.14.1)
Target: x86_64-apple-darwin24.4.0
Thread model: posix
InstalledDir: /Library/Developer/CommandLineTools/usr/bin
configure:18104: $? = 0
configure:18093: g++ -v >&5
Apple clang version 14.0.3 (clang-1403.0.22.14.1)
Target: x86_64-apple-darwin24.4.0
Thread model: posix
InstalledDir: /Library/Developer/CommandLineTools/usr/bin
configure:18104: $? = 0
configure:18093: g++ -V >&5
clang: error: argument to '-V' is missing (expected 1 value)
clang: error: no input files
configure:18104: $? = 1
configure:18093: g++ -qversion >&5
clang: error: unknown argument '-qversion'; did you mean '--version'?
clang: error: no input files
configure:18104: $? = 1
configure:18108: checking whether the compiler supports GNU C++
configure:18138: result: yes
configure:18149: checking whether g++ accepts -g
configure:18214: result: yes
configure:18234: checking for g++ option to enable C++11 features
configure:18267: result: none needed
configure:18333: checking dependency style of g++
configure:18445: result: gcc3
configure:18465: checking for cos in -lm
configure:18488: gcc -o conftest -g -O2 -I/usr/local/opt/qt@5/include -L/usr/local/opt/qt@5/lib conftest.c -lm   >&5
conftest.c:28:6: warning: incompatible redeclaration of library function 'cos' [-Wincompatible-library-redeclaration]
char cos ();
     ^
conftest.c:28:6: note: 'cos' is a builtin with type 'double (double)'
1 warning generated.
configure:18488: $? = 0
configure:18498: result: yes
configure:18511: checking if zlib is wanted
configure:18534: result: yes
configure:18564: checking for inflateEnd in -lz
configure:18587: gcc -o conftest -g -O2 -I/usr/local/opt/qt@5/include -L/usr/local/opt/qt@5/lib conftest.c -lz  -lm  >&5
configure:18587: $? = 0
configure:18597: result: yes
configure:18606: checking for zlib.h
configure:18606: gcc -c -g -O2 -I/usr/local/opt/qt@5/include conftest.c >&5
configure:18606: $? = 0
configure:18606: result: yes
configure:18650: checking for arpa/inet.h
configure:18650: gcc -c -g -O2 -I/usr/local/opt/qt@5/include -I/include conftest.c >&5
configure:18650: $? = 0
configure:18650: result: yes
configure:18665: checking for _Bool
configure:18665: gcc -c -g -O2 -I/usr/local/opt/qt@5/include -I/include conftest.c >&5
configure:18665: $? = 0
configure:18665: gcc -c -g -O2 -I/usr/local/opt/qt@5/include -I/include conftest.c >&5
conftest.c:57:20: error: expected expression
if (sizeof ((_Bool)))
                   ^
1 error generated.
configure:18665: $? = 1
configure: failed program was:
| /* confdefs.h */
| #define PACKAGE_NAME "rcssmonitor"
| #define PACKAGE_TARNAME "rcssmonitor"
| #define PACKAGE_VERSION "19.0.1"
| #define PACKAGE_STRING "rcssmonitor 19.0.1"
| #define PACKAGE_BUGREPORT "https://github.com/rcsoccersim/rcssmonitor"
| #define PACKAGE_URL ""
| #define PACKAGE "rcssmonitor"
| #define VERSION "19.0.1"
| #define HAVE_STDIO_H 1
| #define HAVE_STDLIB_H 1
| #define HAVE_STRING_H 1
| #define HAVE_INTTYPES_H 1
| #define HAVE_STDINT_H 1
| #define HAVE_STRINGS_H 1
| #define HAVE_SYS_STAT_H 1
| #define HAVE_SYS_TYPES_H 1
| #define HAVE_UNISTD_H 1
| #define HAVE_SYS_TIME_H 1
| #define STDC_HEADERS 1
| #define HAVE_DLFCN_H 1
| #define LT_OBJDIR ".libs/"
| #define HAVE_LIBZ 1
| #define HAVE_ARPA_INET_H 1
| /* end confdefs.h.  */
| #include <stddef.h>
| #ifdef HAVE_STDIO_H
| # include <stdio.h>
| #endif
| #ifdef HAVE_STDLIB_H
| # include <stdlib.h>
| #endif
| #ifdef HAVE_STRING_H
| # include <string.h>
| #endif
| #ifdef HAVE_INTTYPES_H
| # include <inttypes.h>
| #endif
| #ifdef HAVE_STDINT_H
| # include <stdint.h>
| #endif
| #ifdef HAVE_STRINGS_H
| # include <strings.h>
| #endif
| #ifdef HAVE_SYS_TYPES_H
| # include <sys/types.h>
| #endif
| #ifdef HAVE_SYS_STAT_H
| # include <sys/stat.h>
| #endif
| #ifdef HAVE_UNISTD_H
| # include <unistd.h>
| #endif
| int
| main (void)
| {
| if (sizeof ((_Bool)))
| 	    return 0;
|   ;
|   return 0;
| }
configure:18665: result: yes
configure:18674: checking for stdbool.h that conforms to C99
configure:18790: gcc -c -g -O2 -I/usr/local/opt/qt@5/include -I/include conftest.c >&5
conftest.c:112:25: warning: address of 's' will always evaluate to 'true' [-Wpointer-bool-conversion]
             bool ps = &s;
                  ~~    ^
conftest.c:117:28: warning: address of 't' will always evaluate to 'true' [-Wpointer-bool-conversion]
               _Bool pt = &t;
                     ~~    ^
conftest.c:127:55: warning: address of array 'y' will always evaluate to 'true' [-Wpointer-bool-conversion]
                                                     ~^
conftest.c:127:50: warning: address of array 'x' will always evaluate to 'true' [-Wpointer-bool-conversion]
                                                ~^
conftest.c:127:45: warning: address of array 'w' will always evaluate to 'true' [-Wpointer-bool-conversion]
                                           ~^
conftest.c:127:40: warning: address of array 'v' will always evaluate to 'true' [-Wpointer-bool-conversion]
                                      ~^
conftest.c:127:35: warning: address of array 'u' will always evaluate to 'true' [-Wpointer-bool-conversion]
                                 ~^
conftest.c:127:30: warning: address of array 'r' will always evaluate to 'true' [-Wpointer-bool-conversion]
                            ~^
conftest.c:127:25: warning: address of array 'q' will always evaluate to 'true' [-Wpointer-bool-conversion]
                       ~^
conftest.c:125:40: warning: address of array 'o' will always evaluate to 'true' [-Wpointer-bool-conversion]
                                      ~^
conftest.c:125:35: warning: address of array 'n' will always evaluate to 'true' [-Wpointer-bool-conversion]
                                 ~^
conftest.c:125:30: warning: address of array 'm' will always evaluate to 'true' [-Wpointer-bool-conversion]
                            ~^
conftest.c:125:25: warning: address of array 'l' will always evaluate to 'true' [-Wpointer-bool-conversion]
                       ~^
conftest.c:124:73: warning: address of array 'k' will always evaluate to 'true' [-Wpointer-bool-conversion]
             return (!a + !b + !c + !d + !e + !f + !g + !h + !i + !j + !k
                                                                       ~^
conftest.c:124:68: warning: address of array 'j' will always evaluate to 'true' [-Wpointer-bool-conversion]
             return (!a + !b + !c + !d + !e + !f + !g + !h + !i + !j + !k
                                                                  ~^
conftest.c:124:63: warning: address of array 'i' will always evaluate to 'true' [-Wpointer-bool-conversion]
             return (!a + !b + !c + !d + !e + !f + !g + !h + !i + !j + !k
                                                             ~^
conftest.c:124:38: warning: address of array 'd' will always evaluate to 'true' [-Wpointer-bool-conversion]
             return (!a + !b + !c + !d + !e + !f + !g + !h + !i + !j + !k
                                    ~^
conftest.c:124:33: warning: address of array 'c' will always evaluate to 'true' [-Wpointer-bool-conversion]
             return (!a + !b + !c + !d + !e + !f + !g + !h + !i + !j + !k
                               ~^
conftest.c:124:28: warning: address of array 'b' will always evaluate to 'true' [-Wpointer-bool-conversion]
             return (!a + !b + !c + !d + !e + !f + !g + !h + !i + !j + !k
                          ~^
conftest.c:124:23: warning: address of array 'a' will always evaluate to 'true' [-Wpointer-bool-conversion]
             return (!a + !b + !c + !d + !e + !f + !g + !h + !i + !j + !k
                     ~^
20 warnings generated.
configure:18790: $? = 0
configure:18798: result: yes
configure:18807: checking for inline
configure:18824: gcc -c -g -O2 -I/usr/local/opt/qt@5/include -I/include conftest.c >&5
configure:18824: $? = 0
configure:18833: result: inline
configure:18851: checking for an ANSI C-conforming const
configure:18918: gcc -c -g -O2 -I/usr/local/opt/qt@5/include -I/include conftest.c >&5
configure:18918: $? = 0
configure:18926: result: yes
configure:18934: checking for int16_t
configure:18934: gcc -c -g -O2 -I/usr/local/opt/qt@5/include -I/include conftest.c >&5
configure:18934: $? = 0
configure:18934: gcc -c -g -O2 -I/usr/local/opt/qt@5/include -I/include conftest.c >&5
conftest.c:60:24: error: 'test_array' declared as an array with a negative size
static int test_array [1 - 2 * !((int16_t) (((((int16_t) 1 << N) << N) - 1) * 2 + 1)
                       ^~~~~~~~~~~~~~~~~~~~~~~~~~~~~~~~~~~~~~~~~~~~~~~~~~~~~~~~~~~~~
1 error generated.
configure:18934: $? = 1
configure: failed program was:
| /* confdefs.h */
| #define PACKAGE_NAME "rcssmonitor"
| #define PACKAGE_TARNAME "rcssmonitor"
| #define PACKAGE_VERSION "19.0.1"
| #define PACKAGE_STRING "rcssmonitor 19.0.1"
| #define PACKAGE_BUGREPORT "https://github.com/rcsoccersim/rcssmonitor"
| #define PACKAGE_URL ""
| #define PACKAGE "rcssmonitor"
| #define VERSION "19.0.1"
| #define HAVE_STDIO_H 1
| #define HAVE_STDLIB_H 1
| #define HAVE_STRING_H 1
| #define HAVE_INTTYPES_H 1
| #define HAVE_STDINT_H 1
| #define HAVE_STRINGS_H 1
| #define HAVE_SYS_STAT_H 1
| #define HAVE_SYS_TYPES_H 1
| #define HAVE_UNISTD_H 1
| #define HAVE_SYS_TIME_H 1
| #define STDC_HEADERS 1
| #define HAVE_DLFCN_H 1
| #define LT_OBJDIR ".libs/"
| #define HAVE_LIBZ 1
| #define HAVE_ARPA_INET_H 1
| #define HAVE__BOOL 1
| #define HAVE_STDBOOL_H 1
| /* end confdefs.h.  */
| #include <stddef.h>
| #ifdef HAVE_STDIO_H
| # include <stdio.h>
| #endif
| #ifdef HAVE_STDLIB_H
| # include <stdlib.h>
| #endif
| #ifdef HAVE_STRING_H
| # include <string.h>
| #endif
| #ifdef HAVE_INTTYPES_H
| # include <inttypes.h>
| #endif
| #ifdef HAVE_STDINT_H
| # include <stdint.h>
| #endif
| #ifdef HAVE_STRINGS_H
| # include <strings.h>
| #endif
| #ifdef HAVE_SYS_TYPES_H
| # include <sys/types.h>
| #endif
| #ifdef HAVE_SYS_STAT_H
| # include <sys/stat.h>
| #endif
| #ifdef HAVE_UNISTD_H
| # include <unistd.h>
| #endif
| 	        enum { N = 16 / 2 - 1 };
| int
| main (void)
| {
| static int test_array [1 - 2 * !((int16_t) (((((int16_t) 1 << N) << N) - 1) * 2 + 1)
| 		 < (int16_t) (((((int16_t) 1 << N) << N) - 1) * 2 + 2))];
| test_array [0] = 0;
| return test_array [0];
| 
|   ;
|   return 0;
| }
configure:18934: result: yes
configure:18943: checking for int32_t
configure:18943: gcc -c -g -O2 -I/usr/local/opt/qt@5/include -I/include conftest.c >&5
configure:18943: $? = 0
configure:18943: gcc -c -g -O2 -I/usr/local/opt/qt@5/include -I/include conftest.c >&5
conftest.c:61:53: warning: overflow in expression; result is -2147483648 with type 'int' [-Winteger-overflow]
                 < (int32_t) (((((int32_t) 1 << N) << N) - 1) * 2 + 2))];
                                                                  ^
conftest.c:60:24: error: 'test_array' declared as an array with a negative size
static int test_array [1 - 2 * !((int32_t) (((((int32_t) 1 << N) << N) - 1) * 2 + 1)
                       ^~~~~~~~~~~~~~~~~~~~~~~~~~~~~~~~~~~~~~~~~~~~~~~~~~~~~~~~~~~~~
1 warning and 1 error generated.
configure:18943: $? = 1
configure: failed program was:
| /* confdefs.h */
| #define PACKAGE_NAME "rcssmonitor"
| #define PACKAGE_TARNAME "rcssmonitor"
| #define PACKAGE_VERSION "19.0.1"
| #define PACKAGE_STRING "rcssmonitor 19.0.1"
| #define PACKAGE_BUGREPORT "https://github.com/rcsoccersim/rcssmonitor"
| #define PACKAGE_URL ""
| #define PACKAGE "rcssmonitor"
| #define VERSION "19.0.1"
| #define HAVE_STDIO_H 1
| #define HAVE_STDLIB_H 1
| #define HAVE_STRING_H 1
| #define HAVE_INTTYPES_H 1
| #define HAVE_STDINT_H 1
| #define HAVE_STRINGS_H 1
| #define HAVE_SYS_STAT_H 1
| #define HAVE_SYS_TYPES_H 1
| #define HAVE_UNISTD_H 1
| #define HAVE_SYS_TIME_H 1
| #define STDC_HEADERS 1
| #define HAVE_DLFCN_H 1
| #define LT_OBJDIR ".libs/"
| #define HAVE_LIBZ 1
| #define HAVE_ARPA_INET_H 1
| #define HAVE__BOOL 1
| #define HAVE_STDBOOL_H 1
| /* end confdefs.h.  */
| #include <stddef.h>
| #ifdef HAVE_STDIO_H
| # include <stdio.h>
| #endif
| #ifdef HAVE_STDLIB_H
| # include <stdlib.h>
| #endif
| #ifdef HAVE_STRING_H
| # include <string.h>
| #endif
| #ifdef HAVE_INTTYPES_H
| # include <inttypes.h>
| #endif
| #ifdef HAVE_STDINT_H
| # include <stdint.h>
| #endif
| #ifdef HAVE_STRINGS_H
| # include <strings.h>
| #endif
| #ifdef HAVE_SYS_TYPES_H
| # include <sys/types.h>
| #endif
| #ifdef HAVE_SYS_STAT_H
| # include <sys/stat.h>
| #endif
| #ifdef HAVE_UNISTD_H
| # include <unistd.h>
| #endif
| 	        enum { N = 32 / 2 - 1 };
| int
| main (void)
| {
| static int test_array [1 - 2 * !((int32_t) (((((int32_t) 1 << N) << N) - 1) * 2 + 1)
| 		 < (int32_t) (((((int32_t) 1 << N) << N) - 1) * 2 + 2))];
| test_array [0] = 0;
| return test_array [0];
| 
|   ;
|   return 0;
| }
configure:18943: result: yes
configure:18952: checking for size_t
configure:18952: gcc -c -g -O2 -I/usr/local/opt/qt@5/include -I/include conftest.c >&5
configure:18952: $? = 0
configure:18952: gcc -c -g -O2 -I/usr/local/opt/qt@5/include -I/include conftest.c >&5
conftest.c:59:21: error: expected expression
if (sizeof ((size_t)))
                    ^
1 error generated.
configure:18952: $? = 1
configure: failed program was:
| /* confdefs.h */
| #define PACKAGE_NAME "rcssmonitor"
| #define PACKAGE_TARNAME "rcssmonitor"
| #define PACKAGE_VERSION "19.0.1"
| #define PACKAGE_STRING "rcssmonitor 19.0.1"
| #define PACKAGE_BUGREPORT "https://github.com/rcsoccersim/rcssmonitor"
| #define PACKAGE_URL ""
| #define PACKAGE "rcssmonitor"
| #define VERSION "19.0.1"
| #define HAVE_STDIO_H 1
| #define HAVE_STDLIB_H 1
| #define HAVE_STRING_H 1
| #define HAVE_INTTYPES_H 1
| #define HAVE_STDINT_H 1
| #define HAVE_STRINGS_H 1
| #define HAVE_SYS_STAT_H 1
| #define HAVE_SYS_TYPES_H 1
| #define HAVE_UNISTD_H 1
| #define HAVE_SYS_TIME_H 1
| #define STDC_HEADERS 1
| #define HAVE_DLFCN_H 1
| #define LT_OBJDIR ".libs/"
| #define HAVE_LIBZ 1
| #define HAVE_ARPA_INET_H 1
| #define HAVE__BOOL 1
| #define HAVE_STDBOOL_H 1
| /* end confdefs.h.  */
| #include <stddef.h>
| #ifdef HAVE_STDIO_H
| # include <stdio.h>
| #endif
| #ifdef HAVE_STDLIB_H
| # include <stdlib.h>
| #endif
| #ifdef HAVE_STRING_H
| # include <string.h>
| #endif
| #ifdef HAVE_INTTYPES_H
| # include <inttypes.h>
| #endif
| #ifdef HAVE_STDINT_H
| # include <stdint.h>
| #endif
| #ifdef HAVE_STRINGS_H
| # include <strings.h>
| #endif
| #ifdef HAVE_SYS_TYPES_H
| # include <sys/types.h>
| #endif
| #ifdef HAVE_SYS_STAT_H
| # include <sys/stat.h>
| #endif
| #ifdef HAVE_UNISTD_H
| # include <unistd.h>
| #endif
| int
| main (void)
| {
| if (sizeof ((size_t)))
| 	    return 0;
|   ;
|   return 0;
| }
configure:18952: result: yes
configure:18972: checking for uint16_t
configure:18972: gcc -c -g -O2 -I/usr/local/opt/qt@5/include -I/include conftest.c >&5
configure:18972: $? = 0
configure:18972: result: yes
configure:18982: checking for uint32_t
configure:18982: gcc -c -g -O2 -I/usr/local/opt/qt@5/include -I/include conftest.c >&5
configure:18982: $? = 0
configure:18982: result: yes
configure:18999: checking for error_at_line
configure:19016: gcc -o conftest -g -O2 -I/usr/local/opt/qt@5/include -I/include -L/usr/local/opt/qt@5/lib -L/lib conftest.c -lz -lm  >&5
conftest.c:29:10: fatal error: 'error.h' file not found
#include <error.h>
         ^~~~~~~~~
1 error generated.
configure:19016: $? = 1
configure: failed program was:
| /* confdefs.h */
| #define PACKAGE_NAME "rcssmonitor"
| #define PACKAGE_TARNAME "rcssmonitor"
| #define PACKAGE_VERSION "19.0.1"
| #define PACKAGE_STRING "rcssmonitor 19.0.1"
| #define PACKAGE_BUGREPORT "https://github.com/rcsoccersim/rcssmonitor"
| #define PACKAGE_URL ""
| #define PACKAGE "rcssmonitor"
| #define VERSION "19.0.1"
| #define HAVE_STDIO_H 1
| #define HAVE_STDLIB_H 1
| #define HAVE_STRING_H 1
| #define HAVE_INTTYPES_H 1
| #define HAVE_STDINT_H 1
| #define HAVE_STRINGS_H 1
| #define HAVE_SYS_STAT_H 1
| #define HAVE_SYS_TYPES_H 1
| #define HAVE_UNISTD_H 1
| #define HAVE_SYS_TIME_H 1
| #define STDC_HEADERS 1
| #define HAVE_DLFCN_H 1
| #define LT_OBJDIR ".libs/"
| #define HAVE_LIBZ 1
| #define HAVE_ARPA_INET_H 1
| #define HAVE__BOOL 1
| #define HAVE_STDBOOL_H 1
| #define TIME_WITH_SYS_TIME 1
| /* end confdefs.h.  */
| #include <error.h>
| int
| main (void)
| {
| error_at_line (0, 0, "", 0, "an error occurred");
|   ;
|   return 0;
| }
configure:19025: result: no
configure:19036: checking for memset
configure:19036: gcc -o conftest -g -O2 -I/usr/local/opt/qt@5/include -I/include -L/usr/local/opt/qt@5/lib -L/lib conftest.c -lz -lm  >&5
conftest.c:45:6: warning: incompatible redeclaration of library function 'memset' [-Wincompatible-library-redeclaration]
char memset ();
     ^
conftest.c:45:6: note: 'memset' is a builtin with type 'void *(void *, int, unsigned long)'
1 warning generated.
ld: warning: directory not found for option '-L/lib'
configure:19036: $? = 0
configure:19036: result: yes
configure:19042: checking for rint
configure:19042: gcc -o conftest -g -O2 -I/usr/local/opt/qt@5/include -I/include -L/usr/local/opt/qt@5/lib -L/lib conftest.c -lz -lm  >&5
conftest.c:46:6: warning: incompatible redeclaration of library function 'rint' [-Wincompatible-library-redeclaration]
char rint ();
     ^
conftest.c:46:6: note: 'rint' is a builtin with type 'double (double)'
1 warning generated.
ld: warning: directory not found for option '-L/lib'
configure:19042: $? = 0
configure:19042: result: yes
configure:19048: checking for strtol
configure:19048: gcc -o conftest -g -O2 -I/usr/local/opt/qt@5/include -I/include -L/usr/local/opt/qt@5/lib -L/lib conftest.c -lz -lm  >&5
conftest.c:47:6: warning: incompatible redeclaration of library function 'strtol' [-Wincompatible-library-redeclaration]
char strtol ();
     ^
conftest.c:47:6: note: 'strtol' is a builtin with type 'long (const char *, char **, int)'
1 warning generated.
ld: warning: directory not found for option '-L/lib'
configure:19048: $? = 0
configure:19048: result: yes
configure:19054: checking for pow
configure:19054: gcc -o conftest -g -O2 -I/usr/local/opt/qt@5/include -I/include -L/usr/local/opt/qt@5/lib -L/lib conftest.c -lz -lm  >&5
conftest.c:48:6: warning: incompatible redeclaration of library function 'pow' [-Wincompatible-library-redeclaration]
char pow ();
     ^
conftest.c:48:6: note: 'pow' is a builtin with type 'double (double, double)'
1 warning generated.
ld: warning: directory not found for option '-L/lib'
configure:19054: $? = 0
configure:19054: result: yes
configure:19060: checking for sqrt
configure:19060: gcc -o conftest -g -O2 -I/usr/local/opt/qt@5/include -I/include -L/usr/local/opt/qt@5/lib -L/lib conftest.c -lz -lm  >&5
conftest.c:49:6: warning: incompatible redeclaration of library function 'sqrt' [-Wincompatible-library-redeclaration]
char sqrt ();
     ^
conftest.c:49:6: note: 'sqrt' is a builtin with type 'double (double)'
1 warning generated.
ld: warning: directory not found for option '-L/lib'
configure:19060: $? = 0
configure:19060: result: yes
configure:19072: checking for X
configure:19110: gcc -o conftest -g -O2 -I/usr/local/opt/qt@5/include -I/include -L/usr/local/opt/qt@5/lib -L/lib conftest.c -lX11 -lz -lm  >&5
conftest.c:34:10: fatal error: 'X11/Xlib.h' file not found
#include <X11/Xlib.h>
         ^~~~~~~~~~~~
1 error generated.
configure:19110: $? = 1
configure: failed program was:
| /* confdefs.h */
| #define PACKAGE_NAME "rcssmonitor"
| #define PACKAGE_TARNAME "rcssmonitor"
| #define PACKAGE_VERSION "19.0.1"
| #define PACKAGE_STRING "rcssmonitor 19.0.1"
| #define PACKAGE_BUGREPORT "https://github.com/rcsoccersim/rcssmonitor"
| #define PACKAGE_URL ""
| #define PACKAGE "rcssmonitor"
| #define VERSION "19.0.1"
| #define HAVE_STDIO_H 1
| #define HAVE_STDLIB_H 1
| #define HAVE_STRING_H 1
| #define HAVE_INTTYPES_H 1
| #define HAVE_STDINT_H 1
| #define HAVE_STRINGS_H 1
| #define HAVE_SYS_STAT_H 1
| #define HAVE_SYS_TYPES_H 1
| #define HAVE_UNISTD_H 1
| #define HAVE_SYS_TIME_H 1
| #define STDC_HEADERS 1
| #define HAVE_DLFCN_H 1
| #define LT_OBJDIR ".libs/"
| #define HAVE_LIBZ 1
| #define HAVE_ARPA_INET_H 1
| #define HAVE__BOOL 1
| #define HAVE_STDBOOL_H 1
| #define TIME_WITH_SYS_TIME 1
| #define HAVE_MEMSET 1
| #define HAVE_RINT 1
| #define HAVE_STRTOL 1
| #define HAVE_POW 1
| #define HAVE_SQRT 1
| /* end confdefs.h.  */
| #include <X11/Xlib.h>
| int
| main (void)
| {
| XrmInitialize ()
|   ;
|   return 0;
| }
configure:19212: gcc -E -I/usr/local/opt/qt@5/include -I/include conftest.c
conftest.c:34:10: fatal error: 'X11/Xlib.h' file not found
#include <X11/Xlib.h>
         ^~~~~~~~~~~~
1 error generated.
configure:19212: $? = 1
configure: failed program was:
| /* confdefs.h */
| #define PACKAGE_NAME "rcssmonitor"
| #define PACKAGE_TARNAME "rcssmonitor"
| #define PACKAGE_VERSION "19.0.1"
| #define PACKAGE_STRING "rcssmonitor 19.0.1"
| #define PACKAGE_BUGREPORT "https://github.com/rcsoccersim/rcssmonitor"
| #define PACKAGE_URL ""
| #define PACKAGE "rcssmonitor"
| #define VERSION "19.0.1"
| #define HAVE_STDIO_H 1
| #define HAVE_STDLIB_H 1
| #define HAVE_STRING_H 1
| #define HAVE_INTTYPES_H 1
| #define HAVE_STDINT_H 1
| #define HAVE_STRINGS_H 1
| #define HAVE_SYS_STAT_H 1
| #define HAVE_SYS_TYPES_H 1
| #define HAVE_UNISTD_H 1
| #define HAVE_SYS_TIME_H 1
| #define STDC_HEADERS 1
| #define HAVE_DLFCN_H 1
| #define LT_OBJDIR ".libs/"
| #define HAVE_LIBZ 1
| #define HAVE_ARPA_INET_H 1
| #define HAVE__BOOL 1
| #define HAVE_STDBOOL_H 1
| #define TIME_WITH_SYS_TIME 1
| #define HAVE_MEMSET 1
| #define HAVE_RINT 1
| #define HAVE_STRTOL 1
| #define HAVE_POW 1
| #define HAVE_SQRT 1
| /* end confdefs.h.  */
| #include <X11/Xlib.h>
configure:19244: gcc -o conftest -g -O2 -I/usr/local/opt/qt@5/include -I/include -L/usr/local/opt/qt@5/lib -L/lib conftest.c -lX11 -lz -lm  >&5
conftest.c:34:10: fatal error: 'X11/Xlib.h' file not found
#include <X11/Xlib.h>
         ^~~~~~~~~~~~
1 error generated.
configure:19244: $? = 1
configure: failed program was:
| /* confdefs.h */
| #define PACKAGE_NAME "rcssmonitor"
| #define PACKAGE_TARNAME "rcssmonitor"
| #define PACKAGE_VERSION "19.0.1"
| #define PACKAGE_STRING "rcssmonitor 19.0.1"
| #define PACKAGE_BUGREPORT "https://github.com/rcsoccersim/rcssmonitor"
| #define PACKAGE_URL ""
| #define PACKAGE "rcssmonitor"
| #define VERSION "19.0.1"
| #define HAVE_STDIO_H 1
| #define HAVE_STDLIB_H 1
| #define HAVE_STRING_H 1
| #define HAVE_INTTYPES_H 1
| #define HAVE_STDINT_H 1
| #define HAVE_STRINGS_H 1
| #define HAVE_SYS_STAT_H 1
| #define HAVE_SYS_TYPES_H 1
| #define HAVE_UNISTD_H 1
| #define HAVE_SYS_TIME_H 1
| #define STDC_HEADERS 1
| #define HAVE_DLFCN_H 1
| #define LT_OBJDIR ".libs/"
| #define HAVE_LIBZ 1
| #define HAVE_ARPA_INET_H 1
| #define HAVE__BOOL 1
| #define HAVE_STDBOOL_H 1
| #define TIME_WITH_SYS_TIME 1
| #define HAVE_MEMSET 1
| #define HAVE_RINT 1
| #define HAVE_STRTOL 1
| #define HAVE_POW 1
| #define HAVE_SQRT 1
| /* end confdefs.h.  */
| #include <X11/Xlib.h>
| int
| main (void)
| {
| XrmInitialize ()
|   ;
|   return 0;
| }
configure:19297: result: libraries /usr/X11/lib, headers /usr/X11/include
configure:19317: checking whether -R must be followed by a space
configure:19333: gcc -o conftest -g -O2 -I/usr/local/opt/qt@5/include -I/include -L/usr/local/opt/qt@5/lib -L/lib conftest.c -lz -lm  -R/usr/X11/lib >&5
warning: unknown remark option '-R/usr/X11/lib' [-Wunknown-warning-option]
1 warning generated.
ld: warning: directory not found for option '-L/lib'
configure:19333: $? = 0
configure: failed program was:
| /* confdefs.h */
| #define PACKAGE_NAME "rcssmonitor"
| #define PACKAGE_TARNAME "rcssmonitor"
| #define PACKAGE_VERSION "19.0.1"
| #define PACKAGE_STRING "rcssmonitor 19.0.1"
| #define PACKAGE_BUGREPORT "https://github.com/rcsoccersim/rcssmonitor"
| #define PACKAGE_URL ""
| #define PACKAGE "rcssmonitor"
| #define VERSION "19.0.1"
| #define HAVE_STDIO_H 1
| #define HAVE_STDLIB_H 1
| #define HAVE_STRING_H 1
| #define HAVE_INTTYPES_H 1
| #define HAVE_STDINT_H 1
| #define HAVE_STRINGS_H 1
| #define HAVE_SYS_STAT_H 1
| #define HAVE_SYS_TYPES_H 1
| #define HAVE_UNISTD_H 1
| #define HAVE_SYS_TIME_H 1
| #define STDC_HEADERS 1
| #define HAVE_DLFCN_H 1
| #define LT_OBJDIR ".libs/"
| #define HAVE_LIBZ 1
| #define HAVE_ARPA_INET_H 1
| #define HAVE__BOOL 1
| #define HAVE_STDBOOL_H 1
| #define TIME_WITH_SYS_TIME 1
| #define HAVE_MEMSET 1
| #define HAVE_RINT 1
| #define HAVE_STRTOL 1
| #define HAVE_POW 1
| #define HAVE_SQRT 1
| /* end confdefs.h.  */
| 
| int
| main (void)
| {
| 
|   ;
|   return 0;
| }
configure:19351: gcc -o conftest -g -O2 -I/usr/local/opt/qt@5/include -I/include -L/usr/local/opt/qt@5/lib -L/lib conftest.c -lz -lm  -R /usr/X11/lib >&5
warning: unknown remark option '-R' [-Wunknown-warning-option]
1 warning generated.
ld: warning: directory not found for option '-L/lib'
ld: can't map file, errno=22 file '/usr/X11/lib' for architecture x86_64
clang: error: linker command failed with exit code 1 (use -v to see invocation)
configure:19351: $? = 1
configure: failed program was:
| /* confdefs.h */
| #define PACKAGE_NAME "rcssmonitor"
| #define PACKAGE_TARNAME "rcssmonitor"
| #define PACKAGE_VERSION "19.0.1"
| #define PACKAGE_STRING "rcssmonitor 19.0.1"
| #define PACKAGE_BUGREPORT "https://github.com/rcsoccersim/rcssmonitor"
| #define PACKAGE_URL ""
| #define PACKAGE "rcssmonitor"
| #define VERSION "19.0.1"
| #define HAVE_STDIO_H 1
| #define HAVE_STDLIB_H 1
| #define HAVE_STRING_H 1
| #define HAVE_INTTYPES_H 1
| #define HAVE_STDINT_H 1
| #define HAVE_STRINGS_H 1
| #define HAVE_SYS_STAT_H 1
| #define HAVE_SYS_TYPES_H 1
| #define HAVE_UNISTD_H 1
| #define HAVE_SYS_TIME_H 1
| #define STDC_HEADERS 1
| #define HAVE_DLFCN_H 1
| #define LT_OBJDIR ".libs/"
| #define HAVE_LIBZ 1
| #define HAVE_ARPA_INET_H 1
| #define HAVE__BOOL 1
| #define HAVE_STDBOOL_H 1
| #define TIME_WITH_SYS_TIME 1
| #define HAVE_MEMSET 1
| #define HAVE_RINT 1
| #define HAVE_STRTOL 1
| #define HAVE_POW 1
| #define HAVE_SQRT 1
| /* end confdefs.h.  */
| 
| int
| main (void)
| {
| 
|   ;
|   return 0;
| }
configure:19357: result: neither works
configure:19395: gcc -o conftest -g -O2 -I/usr/local/opt/qt@5/include -I/include -L/usr/local/opt/qt@5/lib -L/lib conftest.c -lz -lm   -L/usr/X11/lib -lX11 >&5
ld: warning: directory not found for option '-L/lib'
configure:19395: $? = 0
configure:19494: checking for gethostbyname
configure:19494: gcc -o conftest -g -O2 -I/usr/local/opt/qt@5/include -I/include -L/usr/local/opt/qt@5/lib -L/lib conftest.c -lz -lm  >&5
ld: warning: directory not found for option '-L/lib'
configure:19494: $? = 0
configure:19494: result: yes
configure:19592: checking for connect
configure:19592: gcc -o conftest -g -O2 -I/usr/local/opt/qt@5/include -I/include -L/usr/local/opt/qt@5/lib -L/lib conftest.c -lz -lm  >&5
ld: warning: directory not found for option '-L/lib'
configure:19592: $? = 0
configure:19592: result: yes
configure:19642: checking for remove
configure:19642: gcc -o conftest -g -O2 -I/usr/local/opt/qt@5/include -I/include -L/usr/local/opt/qt@5/lib -L/lib conftest.c -lz -lm  >&5
ld: warning: directory not found for option '-L/lib'
configure:19642: $? = 0
configure:19642: result: yes
configure:19692: checking for shmat
configure:19692: gcc -o conftest -g -O2 -I/usr/local/opt/qt@5/include -I/include -L/usr/local/opt/qt@5/lib -L/lib conftest.c -lz -lm  >&5
ld: warning: directory not found for option '-L/lib'
configure:19692: $? = 0
configure:19692: result: yes
configure:19751: checking for IceConnectionNumber in -lICE
configure:19774: gcc -o conftest -g -O2 -I/usr/local/opt/qt@5/include -I/include -L/usr/local/opt/qt@5/lib -L/lib -L/usr/X11/lib conftest.c -lICE  -lz -lm  >&5
ld: warning: directory not found for option '-L/lib'
configure:19774: $? = 0
configure:19784: result: yes
configure:19857: checking for qmake
configure:19878: found /usr/local/opt/qt@5/bin/qmake
configure:19889: result: qmake
configure:19914: checking for Qt
configure:19983: result: yes:
    QT_CXXFLAGS=-pipe -stdlib=libc++ -O2 -std=gnu++11 -arch x86_64 -isysroot /Library/Developer/CommandLineTools/SDKs/MacOSX.sdk -mmacosx-version-min=10.13 -Wall -Wextra -fPIC -DQT_NO_DEBUG -DQT_DESIGNER_LIB -DQT_UIPLUGIN_LIB -DQT_HELP_LIB -DQT_MULTIMEDIAWIDGETS_LIB -DQT_OPENGL_LIB -DQT_PRINTSUPPORT_LIB -DQT_QMLTEST_LIB -DQT_SVG_LIB -DQT_UITOOLS_LIB -DQT_WIDGETS_LIB -DQT_MULTIMEDIA_LIB -DQT_GUI_LIB -DQT_CONCURRENT_LIB -DQT_DBUS_LIB -DQT_XML_LIB -DQT_SQL_LIB -DQT_QML_LIB -DQT_XMLPATTERNS_LIB -DQT_NETWORK_LIB -DQT_TESTLIB_LIB -DQT_SCRIPT_LIB -DQT_SCRIPTTOOLS_LIB -DQT_SENSORS_LIB -DQT_SERIALPORT_LIB -DQT_CORE_LIB -DQT_TESTCASE_BUILDDIR="/var/folders/rh/k00y49h95x3ccpkqg6nd86rh0000gn/T/tmp.eQeozklRfl" -I. -I/var/folders/rh/k00y49h95x3ccpkqg6nd86rh0000gn/T/tmp.eQeozklRfl -I/usr/local/Cellar/qt@5/5.15.16_2/lib/QtDesigner.framework/Headers -I/usr/local/Cellar/qt@5/5.15.16_2/lib/QtUiPlugin.framework/Headers -I/usr/local/Cellar/qt@5/5.15.16_2/lib/QtHelp.framework/Headers -I/usr/local/Cellar/qt@5/5.15.16_2/lib/QtMultimediaWidgets.framework/Headers -I/usr/local/Cellar/qt@5/5.15.16_2/lib/QtOpenGL.framework/Headers -I/usr/local/Cellar/qt@5/5.15.16_2/lib/QtPrintSupport.framework/Headers -I/usr/local/Cellar/qt@5/5.15.16_2/lib/QtQuickTest.framework/Headers -I/usr/local/Cellar/qt@5/5.15.16_2/lib/QtSvg.framework/Headers -I/usr/local/Cellar/qt@5/5.15.16_2/include -I/usr/local/Cellar/qt@5/5.15.16_2/include/QtUiTools -I/usr/local/Cellar/qt@5/5.15.16_2/lib/QtWidgets.framework/Headers -I/usr/local/Cellar/qt@5/5.15.16_2/lib/QtMultimedia.framework/Headers -I/usr/local/Cellar/qt@5/5.15.16_2/lib/QtGui.framework/Headers -I/usr/local/Cellar/qt@5/5.15.16_2/lib/QtConcurrent.framework/Headers -I/usr/local/Cellar/qt@5/5.15.16_2/lib/QtDBus.framework/Headers -I/usr/local/Cellar/qt@5/5.15.16_2/lib/QtXml.framework/Headers -I/usr/local/Cellar/qt@5/5.15.16_2/lib/QtSql.framework/Headers -I/usr/local/Cellar/qt@5/5.15.16_2/lib/QtQml.framework/Headers -I/usr/local/Cellar/qt@5/5.15.16_2/lib/QtXmlPatterns.framework/Headers -I/usr/local/Cellar/qt@5/5.15.16_2/lib/QtNetwork.framework/Headers -I/usr/local/Cellar/qt@5/5.15.16_2/lib/QtTest.framework/Headers -I/usr/local/Cellar/qt@5/5.15.16_2/lib/QtScript.framework/Headers -I/usr/local/Cellar/qt@5/5.15.16_2/lib/QtScriptTools.framework/Headers -I/usr/local/Cellar/qt@5/5.15.16_2/lib/QtSensors.framework/Headers -I/usr/local/Cellar/qt@5/5.15.16_2/lib/QtSerialPort.framework/Headers -I/usr/local/Cellar/qt@5/5.15.16_2/lib/QtCore.framework/Headers -I/var/folders/rh/k00y49h95x3ccpkqg6nd86rh0000gn/T/tmp.eQeozklRfl -I/Library/Developer/CommandLineTools/SDKs/MacOSX.sdk/System/Library/Frameworks/OpenGL.framework/Headers -I/Library/Developer/CommandLineTools/SDKs/MacOSX.sdk/System/Library/Frameworks/AGL.framework/Headers -I/usr/local/Cellar/qt@5/5.15.16_2/mkspecs/macx-clang -F/usr/local/Cellar/qt@5/5.15.16_2/lib 
    QT_DIR=/usr/local/Cellar/qt@5/5.15.16_2/lib
    QT_LIBS=-F/usr/local/Cellar/qt@5/5.15.16_2/lib -framework QtDesigner -framework QtHelp -framework QtMultimediaWidgets -framework QtOpenGL -framework QtPrintSupport -framework QtQuickTest -framework QtSvg /usr/local/Cellar/qt@5/5.15.16_2/lib/libQt5UiTools.a -framework QtWidgets -framework QtMultimedia -framework QtGui -framework Metal -framework QtConcurrent -framework QtDBus -framework QtXml -framework QtSql -framework QtQml -framework QtXmlPatterns -framework QtNetwork -framework QtTest -framework Security -framework Foundation -framework ApplicationServices -framework AppKit -framework QtScript -framework QtScriptTools -framework QtSensors -framework QtSerialPort -framework QtCore -framework DiskArbitration -framework IOKit -framework OpenGL -framework AGL  
    QT_UIC=/usr/local/opt/qt@5/bin/uic
    QT_MOC=/usr/local/opt/qt@5/bin/moc
    QT_RCC=/usr/local/opt/qt@5/bin/rcc
    QT_LRELEASE=/usr/local/opt/qt@5/bin/lrelease
    QT_LUPDATE=/usr/local/opt/qt@5/bin/lupdate
configure:20027: checking correct functioning of Qt installation
configure:20062: /usr/local/opt/qt@5/bin/moc ax_qt_test.h -o moc_ax_qt_test.c >/dev/null 2>/dev/null
configure:20065: $? = 0
configure:20073: g++ -pipe -stdlib=libc++ -O2 -std=gnu++11 -arch x86_64 -isysroot /Library/Developer/CommandLineTools/SDKs/MacOSX.sdk -mmacosx-version-min=10.13 -Wall -Wextra -fPIC -DQT_NO_DEBUG -DQT_DESIGNER_LIB -DQT_UIPLUGIN_LIB -DQT_HELP_LIB -DQT_MULTIMEDIAWIDGETS_LIB -DQT_OPENGL_LIB -DQT_PRINTSUPPORT_LIB -DQT_QMLTEST_LIB -DQT_SVG_LIB -DQT_UITOOLS_LIB -DQT_WIDGETS_LIB -DQT_MULTIMEDIA_LIB -DQT_GUI_LIB -DQT_CONCURRENT_LIB -DQT_DBUS_LIB -DQT_XML_LIB -DQT_SQL_LIB -DQT_QML_LIB -DQT_XMLPATTERNS_LIB -DQT_NETWORK_LIB -DQT_TESTLIB_LIB -DQT_SCRIPT_LIB -DQT_SCRIPTTOOLS_LIB -DQT_SENSORS_LIB -DQT_SERIALPORT_LIB -DQT_CORE_LIB -DQT_TESTCASE_BUILDDIR=/var/folders/rh/k00y49h95x3ccpkqg6nd86rh0000gn/T/tmp.eQeozklRfl -I. -I/var/folders/rh/k00y49h95x3ccpkqg6nd86rh0000gn/T/tmp.eQeozklRfl -I/usr/local/Cellar/qt@5/5.15.16_2/lib/QtDesigner.framework/Headers -I/usr/local/Cellar/qt@5/5.15.16_2/lib/QtUiPlugin.framework/Headers -I/usr/local/Cellar/qt@5/5.15.16_2/lib/QtHelp.framework/Headers -I/usr/local/Cellar/qt@5/5.15.16_2/lib/QtMultimediaWidgets.framework/Headers -I/usr/local/Cellar/qt@5/5.15.16_2/lib/QtOpenGL.framework/Headers -I/usr/local/Cellar/qt@5/5.15.16_2/lib/QtPrintSupport.framework/Headers -I/usr/local/Cellar/qt@5/5.15.16_2/lib/QtQuickTest.framework/Headers -I/usr/local/Cellar/qt@5/5.15.16_2/lib/QtSvg.framework/Headers -I/usr/local/Cellar/qt@5/5.15.16_2/include -I/usr/local/Cellar/qt@5/5.15.16_2/include/QtUiTools -I/usr/local/Cellar/qt@5/5.15.16_2/lib/QtWidgets.framework/Headers -I/usr/local/Cellar/qt@5/5.15.16_2/lib/QtMultimedia.framework/Headers -I/usr/local/Cellar/qt@5/5.15.16_2/lib/QtGui.framework/Headers -I/usr/local/Cellar/qt@5/5.15.16_2/lib/QtConcurrent.framework/Headers -I/usr/local/Cellar/qt@5/5.15.16_2/lib/QtDBus.framework/Headers -I/usr/local/Cellar/qt@5/5.15.16_2/lib/QtXml.framework/Headers -I/usr/local/Cellar/qt@5/5.15.16_2/lib/QtSql.framework/Headers -I/usr/local/Cellar/qt@5/5.15.16_2/lib/QtQml.framework/Headers -I/usr/local/Cellar/qt@5/5.15.16_2/lib/QtXmlPatterns.framework/Headers -I/usr/local/Cellar/qt@5/5.15.16_2/lib/QtNetwork.framework/Headers -I/usr/local/Cellar/qt@5/5.15.16_2/lib/QtTest.framework/Headers -I/usr/local/Cellar/qt@5/5.15.16_2/lib/QtScript.framework/Headers -I/usr/local/Cellar/qt@5/5.15.16_2/lib/QtScriptTools.framework/Headers -I/usr/local/Cellar/qt@5/5.15.16_2/lib/QtSensors.framework/Headers -I/usr/local/Cellar/qt@5/5.15.16_2/lib/QtSerialPort.framework/Headers -I/usr/local/Cellar/qt@5/5.15.16_2/lib/QtCore.framework/Headers -I/var/folders/rh/k00y49h95x3ccpkqg6nd86rh0000gn/T/tmp.eQeozklRfl -I/Library/Developer/CommandLineTools/SDKs/MacOSX.sdk/System/Library/Frameworks/OpenGL.framework/Headers -I/Library/Developer/CommandLineTools/SDKs/MacOSX.sdk/System/Library/Frameworks/AGL.framework/Headers -I/usr/local/Cellar/qt@5/5.15.16_2/mkspecs/macx-clang -F/usr/local/Cellar/qt@5/5.15.16_2/lib  -c -g -O2 -o moc_ax_qt_test.o moc_ax_qt_test.c >/dev/null 2>/dev/null
configure:20076: $? = 0
configure:20084: g++ -pipe -stdlib=libc++ -O2 -std=gnu++11 -arch x86_64 -isysroot /Library/Developer/CommandLineTools/SDKs/MacOSX.sdk -mmacosx-version-min=10.13 -Wall -Wextra -fPIC -DQT_NO_DEBUG -DQT_DESIGNER_LIB -DQT_UIPLUGIN_LIB -DQT_HELP_LIB -DQT_MULTIMEDIAWIDGETS_LIB -DQT_OPENGL_LIB -DQT_PRINTSUPPORT_LIB -DQT_QMLTEST_LIB -DQT_SVG_LIB -DQT_UITOOLS_LIB -DQT_WIDGETS_LIB -DQT_MULTIMEDIA_LIB -DQT_GUI_LIB -DQT_CONCURRENT_LIB -DQT_DBUS_LIB -DQT_XML_LIB -DQT_SQL_LIB -DQT_QML_LIB -DQT_XMLPATTERNS_LIB -DQT_NETWORK_LIB -DQT_TESTLIB_LIB -DQT_SCRIPT_LIB -DQT_SCRIPTTOOLS_LIB -DQT_SENSORS_LIB -DQT_SERIALPORT_LIB -DQT_CORE_LIB -DQT_TESTCASE_BUILDDIR=/var/folders/rh/k00y49h95x3ccpkqg6nd86rh0000gn/T/tmp.eQeozklRfl -I. -I/var/folders/rh/k00y49h95x3ccpkqg6nd86rh0000gn/T/tmp.eQeozklRfl -I/usr/local/Cellar/qt@5/5.15.16_2/lib/QtDesigner.framework/Headers -I/usr/local/Cellar/qt@5/5.15.16_2/lib/QtUiPlugin.framework/Headers -I/usr/local/Cellar/qt@5/5.15.16_2/lib/QtHelp.framework/Headers -I/usr/local/Cellar/qt@5/5.15.16_2/lib/QtMultimediaWidgets.framework/Headers -I/usr/local/Cellar/qt@5/5.15.16_2/lib/QtOpenGL.framework/Headers -I/usr/local/Cellar/qt@5/5.15.16_2/lib/QtPrintSupport.framework/Headers -I/usr/local/Cellar/qt@5/5.15.16_2/lib/QtQuickTest.framework/Headers -I/usr/local/Cellar/qt@5/5.15.16_2/lib/QtSvg.framework/Headers -I/usr/local/Cellar/qt@5/5.15.16_2/include -I/usr/local/Cellar/qt@5/5.15.16_2/include/QtUiTools -I/usr/local/Cellar/qt@5/5.15.16_2/lib/QtWidgets.framework/Headers -I/usr/local/Cellar/qt@5/5.15.16_2/lib/QtMultimedia.framework/Headers -I/usr/local/Cellar/qt@5/5.15.16_2/lib/QtGui.framework/Headers -I/usr/local/Cellar/qt@5/5.15.16_2/lib/QtConcurrent.framework/Headers -I/usr/local/Cellar/qt@5/5.15.16_2/lib/QtDBus.framework/Headers -I/usr/local/Cellar/qt@5/5.15.16_2/lib/QtXml.framework/Headers -I/usr/local/Cellar/qt@5/5.15.16_2/lib/QtSql.framework/Headers -I/usr/local/Cellar/qt@5/5.15.16_2/lib/QtQml.framework/Headers -I/usr/local/Cellar/qt@5/5.15.16_2/lib/QtXmlPatterns.framework/Headers -I/usr/local/Cellar/qt@5/5.15.16_2/lib/QtNetwork.framework/Headers -I/usr/local/Cellar/qt@5/5.15.16_2/lib/QtTest.framework/Headers -I/usr/local/Cellar/qt@5/5.15.16_2/lib/QtScript.framework/Headers -I/usr/local/Cellar/qt@5/5.15.16_2/lib/QtScriptTools.framework/Headers -I/usr/local/Cellar/qt@5/5.15.16_2/lib/QtSensors.framework/Headers -I/usr/local/Cellar/qt@5/5.15.16_2/lib/QtSerialPort.framework/Headers -I/usr/local/Cellar/qt@5/5.15.16_2/lib/QtCore.framework/Headers -I/var/folders/rh/k00y49h95x3ccpkqg6nd86rh0000gn/T/tmp.eQeozklRfl -I/Library/Developer/CommandLineTools/SDKs/MacOSX.sdk/System/Library/Frameworks/OpenGL.framework/Headers -I/Library/Developer/CommandLineTools/SDKs/MacOSX.sdk/System/Library/Frameworks/AGL.framework/Headers -I/usr/local/Cellar/qt@5/5.15.16_2/mkspecs/macx-clang -F/usr/local/Cellar/qt@5/5.15.16_2/lib  -c -g -O2 -o ax_qt_main.o ax_qt_main.c >/dev/null 2>/dev/null
configure:20087: $? = 0
configure:20095: g++ -o ax_qt_main ax_qt_main.o moc_ax_qt_test.o -F/usr/local/Cellar/qt@5/5.15.16_2/lib -framework QtDesigner -framework QtHelp -framework QtMultimediaWidgets -framework QtOpenGL -framework QtPrintSupport -framework QtQuickTest -framework QtSvg /usr/local/Cellar/qt@5/5.15.16_2/lib/libQt5UiTools.a -framework QtWidgets -framework QtMultimedia -framework QtGui -framework Metal -framework QtConcurrent -framework QtDBus -framework QtXml -framework QtSql -framework QtQml -framework QtXmlPatterns -framework QtNetwork -framework QtTest -framework Security -framework Foundation -framework ApplicationServices -framework AppKit -framework QtScript -framework QtScriptTools -framework QtSensors -framework QtSerialPort -framework QtCore -framework DiskArbitration -framework IOKit -framework OpenGL -framework AGL   -lz -lm  >/dev/null 2>/dev/null
configure:20098: $? = 0
configure:20110: result: success
configure:20150: checking whether g++ supports C++17 features with -std=c++17
configure:20951: g++ -std=c++17 -c -g -O2 -I/usr/local/opt/qt@5/include -I/include conftest.cpp >&5
configure:20951: $? = 0
configure:20961: result: yes
configure:21122: checking that generated files are newer than configure
configure:21128: result: done
configure:21163: creating ./config.status

## ---------------------- ##
## Running config.status. ##
## ---------------------- ##

This file was extended by rcssmonitor config.status 19.0.1, which was
generated by GNU Autoconf 2.71.  Invocation command line was

  CONFIG_FILES    = 
  CONFIG_HEADERS  = 
  CONFIG_LINKS    = 
  CONFIG_COMMANDS = 
  $ ./config.status 

on Taewons-MacBook-Pro.local

config.status:1196: creating Makefile
config.status:1196: creating rcss/Makefile
config.status:1196: creating rcss/rcg/Makefile
config.status:1196: creating src/Makefile
config.status:1196: creating config.h
config.status:1377: config.h is unchanged
config.status:1425: executing depfiles commands
config.status:1502: cd rcss/rcg       && sed -e '/# am--include-marker/d' Makefile         | make -f - am--depfiles
make: Nothing to be done for `am--depfiles'.
config.status:1507: $? = 0
config.status:1502: cd src       && sed -e '/# am--include-marker/d' Makefile         | make -f - am--depfiles
make: Nothing to be done for `am--depfiles'.
config.status:1507: $? = 0
config.status:1425: executing libtool commands
configure:23568: WARNING: unrecognized options: --with-boost

## ---------------- ##
## Cache variables. ##
## ---------------- ##

ac_cv_build=x86_64-apple-darwin24.4.0
ac_cv_c_compiler_gnu=yes
ac_cv_c_const=yes
ac_cv_c_inline=inline
ac_cv_c_int16_t=yes
ac_cv_c_int32_t=yes
ac_cv_c_uint16_t=yes
ac_cv_c_uint32_t=yes
ac_cv_cxx_compiler_gnu=yes
ac_cv_env_CCC_set=
ac_cv_env_CCC_value=
ac_cv_env_CC_set=
ac_cv_env_CC_value=
ac_cv_env_CFLAGS_set=
ac_cv_env_CFLAGS_value=
ac_cv_env_CPPFLAGS_set=set
ac_cv_env_CPPFLAGS_value=-I/usr/local/opt/qt@5/include
ac_cv_env_CPP_set=
ac_cv_env_CPP_value=
ac_cv_env_CXXCPP_set=
ac_cv_env_CXXCPP_value=
ac_cv_env_CXXFLAGS_set=
ac_cv_env_CXXFLAGS_value=
ac_cv_env_CXX_set=
ac_cv_env_CXX_value=
ac_cv_env_LDFLAGS_set=set
ac_cv_env_LDFLAGS_value=-L/usr/local/opt/qt@5/lib
ac_cv_env_LIBS_set=
ac_cv_env_LIBS_value=
ac_cv_env_LT_SYS_LIBRARY_PATH_set=
ac_cv_env_LT_SYS_LIBRARY_PATH_value=
ac_cv_env_QMAKE_set=
ac_cv_env_QMAKE_value=
ac_cv_env_XMKMF_set=
ac_cv_env_XMKMF_value=
ac_cv_env_build_alias_set=
ac_cv_env_build_alias_value=
ac_cv_env_host_alias_set=
ac_cv_env_host_alias_value=
ac_cv_env_target_alias_set=
ac_cv_env_target_alias_value=
ac_cv_func_connect=yes
ac_cv_func_gethostbyname=yes
ac_cv_func_memset=yes
ac_cv_func_pow=yes
ac_cv_func_remove=yes
ac_cv_func_rint=yes
ac_cv_func_shmat=yes
ac_cv_func_sqrt=yes
ac_cv_func_strtol=yes
ac_cv_have_x='have_x=yes	ac_x_includes='\''/usr/X11/include'\''	ac_x_libraries='\''/usr/X11/lib'\'''
ac_cv_header_arpa_inet_h=yes
ac_cv_header_dlfcn_h=yes
ac_cv_header_inttypes_h=yes
ac_cv_header_stdbool_h=yes
ac_cv_header_stdint_h=yes
ac_cv_header_stdio_h=yes
ac_cv_header_stdlib_h=yes
ac_cv_header_string_h=yes
ac_cv_header_strings_h=yes
ac_cv_header_sys_stat_h=yes
ac_cv_header_sys_time_h=yes
ac_cv_header_sys_types_h=yes
ac_cv_header_unistd_h=yes
ac_cv_header_zlib_h=yes
ac_cv_host=x86_64-apple-darwin24.4.0
ac_cv_lib_ICE_IceConnectionNumber=yes
ac_cv_lib_error_at_line=no
ac_cv_lib_m_cos=yes
ac_cv_lib_z_inflateEnd=yes
ac_cv_objext=o
ac_cv_path_EGREP='/usr/bin/grep -E'
ac_cv_path_FGREP='/usr/bin/grep -F'
ac_cv_path_GREP=/usr/bin/grep
ac_cv_path_SED=/usr/bin/sed
ac_cv_path_install='/usr/bin/install -c'
ac_cv_path_lt_DD=/bin/dd
ac_cv_prog_AWK=awk
ac_cv_prog_CPP='gcc -E'
ac_cv_prog_CXXCPP='g++ -E'
ac_cv_prog_ac_ct_AR=ar
ac_cv_prog_ac_ct_CC=gcc
ac_cv_prog_ac_ct_CXX=g++
ac_cv_prog_ac_ct_DSYMUTIL=dsymutil
ac_cv_prog_ac_ct_LIPO=lipo
ac_cv_prog_ac_ct_NMEDIT=nmedit
ac_cv_prog_ac_ct_OBJDUMP=objdump
ac_cv_prog_ac_ct_OTOOL=otool
ac_cv_prog_ac_ct_QMAKE=qmake
ac_cv_prog_ac_ct_RANLIB=ranlib
ac_cv_prog_ac_ct_STRIP=strip
ac_cv_prog_cc_c11=
ac_cv_prog_cc_g=yes
ac_cv_prog_cc_stdc=
ac_cv_prog_cxx_11=no
ac_cv_prog_cxx_g=yes
ac_cv_prog_cxx_stdcxx=
ac_cv_prog_make_make_set=yes
ac_cv_type__Bool=yes
ac_cv_type_size_t=yes
am_cv_CC_dependencies_compiler_type=gcc3
am_cv_CXX_dependencies_compiler_type=gcc3
am_cv_make_support_nested_variables=yes
am_cv_prog_cc_c_o=yes
ax_cv_cxx_compile_cxx17__std_cpp17=yes
ax_cv_qt_test_result=success
lt_cv_apple_cc_single_mod=yes
lt_cv_ar_at_file=no
lt_cv_deplibs_check_method=pass_all
lt_cv_file_magic_cmd='$MAGIC_CMD'
lt_cv_file_magic_test_file=
lt_cv_ld_exported_symbols_list=yes
lt_cv_ld_force_load=yes
lt_cv_ld_reload_flag=-r
lt_cv_nm_interface='BSD nm'
lt_cv_objdir=.libs
lt_cv_path_LD=/Library/Developer/CommandLineTools/usr/bin/ld
lt_cv_path_LDCXX=/Library/Developer/CommandLineTools/usr/bin/ld
lt_cv_path_NM='/usr/bin/nm -B'
lt_cv_path_mainfest_tool=no
lt_cv_prog_compiler_c_o=yes
lt_cv_prog_compiler_c_o_CXX=yes
lt_cv_prog_compiler_pic='-fno-common -DPIC'
lt_cv_prog_compiler_pic_CXX='-fno-common -DPIC'
lt_cv_prog_compiler_pic_works=yes
lt_cv_prog_compiler_pic_works_CXX=yes
lt_cv_prog_compiler_rtti_exceptions=yes
lt_cv_prog_compiler_static_works=no
lt_cv_prog_compiler_static_works_CXX=no
lt_cv_prog_gnu_ld=no
lt_cv_prog_gnu_ldcxx=no
lt_cv_sharedlib_from_linklib_cmd='printf %s\n'
lt_cv_sys_global_symbol_pipe='sed -n -e '\''s/^.*[	 ]\([ABCDGIRSTW][ABCDGIRSTW]*\)[	 ][	 ]*_\([_A-Za-z][_A-Za-z0-9]*\)$/\1 _\2 \2/p'\'' | sed '\''/ __gnu_lto/d'\'''
lt_cv_sys_global_symbol_to_c_name_address='sed -n -e '\''s/^: \(.*\) .*$/  {"\1", (void *) 0},/p'\'' -e '\''s/^[ABCDGIRSTW][ABCDGIRSTW]* .* \(.*\)$/  {"\1", (void *) \&\1},/p'\'''
lt_cv_sys_global_symbol_to_c_name_address_lib_prefix='sed -n -e '\''s/^: \(.*\) .*$/  {"\1", (void *) 0},/p'\'' -e '\''s/^[ABCDGIRSTW][ABCDGIRSTW]* .* \(lib.*\)$/  {"\1", (void *) \&\1},/p'\'' -e '\''s/^[ABCDGIRSTW][ABCDGIRSTW]* .* \(.*\)$/  {"lib\1", (void *) \&\1},/p'\'''
lt_cv_sys_global_symbol_to_cdecl='sed -n -e '\''s/^T .* \(.*\)$/extern int \1();/p'\'' -e '\''s/^[ABCDGIRSTW][ABCDGIRSTW]* .* \(.*\)$/extern char \1;/p'\'''
lt_cv_sys_global_symbol_to_import=
lt_cv_sys_max_cmd_len=786432
lt_cv_to_host_file_cmd=func_convert_file_noop
lt_cv_to_tool_file_cmd=func_convert_file_noop
lt_cv_truncate_bin='/bin/dd bs=4096 count=1'
zlib_cv_libz=yes
zlib_cv_zlib_h=yes

## ----------------- ##
## Output variables. ##
## ----------------- ##

ACLOCAL='${SHELL} '\''/Users/taewonhwang/Desktop/McGill/COMP599 Final Project/rcssmonitor-19.0.1/missing'\'' aclocal-1.16'
AMDEPBACKSLASH='\'
AMDEP_FALSE='#'
AMDEP_TRUE=''
AMTAR='$${TAR-tar}'
AM_BACKSLASH='\'
AM_DEFAULT_V='$(AM_DEFAULT_VERBOSITY)'
AM_DEFAULT_VERBOSITY='1'
AM_V='$(V)'
AR='ar'
AUTOCONF='${SHELL} '\''/Users/taewonhwang/Desktop/McGill/COMP599 Final Project/rcssmonitor-19.0.1/missing'\'' autoconf'
AUTOHEADER='${SHELL} '\''/Users/taewonhwang/Desktop/McGill/COMP599 Final Project/rcssmonitor-19.0.1/missing'\'' autoheader'
AUTOMAKE='${SHELL} '\''/Users/taewonhwang/Desktop/McGill/COMP599 Final Project/rcssmonitor-19.0.1/missing'\'' automake-1.16'
AWK='awk'
CC='gcc'
CCDEPMODE='depmode=gcc3'
CFLAGS='-g -O2'
CPP='gcc -E'
CPPFLAGS='-I/usr/local/opt/qt@5/include -I/include'
CSCOPE='cscope'
CTAGS='ctags'
CXX='g++ -std=c++17'
CXXCPP='g++ -E -std=c++17'
CXXDEPMODE='depmode=gcc3'
CXXFLAGS='-g -O2'
CYGPATH_W='echo'
DEFS='-DHAVE_CONFIG_H'
DEPDIR='.deps'
DLLTOOL='false'
DSYMUTIL='dsymutil'
DUMPBIN=''
ECHO_C='\c'
ECHO_N=''
ECHO_T=''
EGREP='/usr/bin/grep -E'
ETAGS='etags'
EXEEXT=''
FGREP='/usr/bin/grep -F'
GREP='/usr/bin/grep'
HAVE_CXX17='1'
INSTALL_DATA='${INSTALL} -m 644'
INSTALL_PROGRAM='${INSTALL}'
INSTALL_SCRIPT='${INSTALL}'
INSTALL_STRIP_PROGRAM='$(install_sh) -c -s'
LD='/Library/Developer/CommandLineTools/usr/bin/ld'
LDFLAGS='-L/usr/local/opt/qt@5/lib -L/lib'
LIBOBJS=' ${LIBOBJDIR}error$U.o'
LIBS='-lz -lm '
LIBTOOL='$(SHELL) $(top_builddir)/libtool'
LIBTOOL_DEPS='.//ltmain.sh'
LIPO='lipo'
LN_S='ln -s'
LTLIBOBJS=' ${LIBOBJDIR}error$U.lo'
LT_SYS_LIBRARY_PATH=''
MAKEINFO='${SHELL} '\''/Users/taewonhwang/Desktop/McGill/COMP599 Final Project/rcssmonitor-19.0.1/missing'\'' makeinfo'
MANIFEST_TOOL=':'
MKDIR_P='./install-sh -c -d'
NM='/usr/bin/nm -B'
NMEDIT='nmedit'
OBJDUMP='objdump'
OBJEXT='o'
OTOOL64=':'
OTOOL='otool'
PACKAGE='rcssmonitor'
PACKAGE_BUGREPORT='https://github.com/rcsoccersim/rcssmonitor'
PACKAGE_NAME='rcssmonitor'
PACKAGE_STRING='rcssmonitor 19.0.1'
PACKAGE_TARNAME='rcssmonitor'
PACKAGE_URL=''
PACKAGE_VERSION='19.0.1'
PATH_SEPARATOR=':'
QMAKE='qmake'
QT_CXXFLAGS='-pipe -stdlib=libc++ -O2 -std=gnu++11 -arch x86_64 -isysroot /Library/Developer/CommandLineTools/SDKs/MacOSX.sdk -mmacosx-version-min=10.13 -Wall -Wextra -fPIC -DQT_NO_DEBUG -DQT_DESIGNER_LIB -DQT_UIPLUGIN_LIB -DQT_HELP_LIB -DQT_MULTIMEDIAWIDGETS_LIB -DQT_OPENGL_LIB -DQT_PRINTSUPPORT_LIB -DQT_QMLTEST_LIB -DQT_SVG_LIB -DQT_UITOOLS_LIB -DQT_WIDGETS_LIB -DQT_MULTIMEDIA_LIB -DQT_GUI_LIB -DQT_CONCURRENT_LIB -DQT_DBUS_LIB -DQT_XML_LIB -DQT_SQL_LIB -DQT_QML_LIB -DQT_XMLPATTERNS_LIB -DQT_NETWORK_LIB -DQT_TESTLIB_LIB -DQT_SCRIPT_LIB -DQT_SCRIPTTOOLS_LIB -DQT_SENSORS_LIB -DQT_SERIALPORT_LIB -DQT_CORE_LIB -DQT_TESTCASE_BUILDDIR="/var/folders/rh/k00y49h95x3ccpkqg6nd86rh0000gn/T/tmp.eQeozklRfl" -I. -I/var/folders/rh/k00y49h95x3ccpkqg6nd86rh0000gn/T/tmp.eQeozklRfl -I/usr/local/Cellar/qt@5/5.15.16_2/lib/QtDesigner.framework/Headers -I/usr/local/Cellar/qt@5/5.15.16_2/lib/QtUiPlugin.framework/Headers -I/usr/local/Cellar/qt@5/5.15.16_2/lib/QtHelp.framework/Headers -I/usr/local/Cellar/qt@5/5.15.16_2/lib/QtMultimediaWidgets.framework/Headers -I/usr/local/Cellar/qt@5/5.15.16_2/lib/QtOpenGL.framework/Headers -I/usr/local/Cellar/qt@5/5.15.16_2/lib/QtPrintSupport.framework/Headers -I/usr/local/Cellar/qt@5/5.15.16_2/lib/QtQuickTest.framework/Headers -I/usr/local/Cellar/qt@5/5.15.16_2/lib/QtSvg.framework/Headers -I/usr/local/Cellar/qt@5/5.15.16_2/include -I/usr/local/Cellar/qt@5/5.15.16_2/include/QtUiTools -I/usr/local/Cellar/qt@5/5.15.16_2/lib/QtWidgets.framework/Headers -I/usr/local/Cellar/qt@5/5.15.16_2/lib/QtMultimedia.framework/Headers -I/usr/local/Cellar/qt@5/5.15.16_2/lib/QtGui.framework/Headers -I/usr/local/Cellar/qt@5/5.15.16_2/lib/QtConcurrent.framework/Headers -I/usr/local/Cellar/qt@5/5.15.16_2/lib/QtDBus.framework/Headers -I/usr/local/Cellar/qt@5/5.15.16_2/lib/QtXml.framework/Headers -I/usr/local/Cellar/qt@5/5.15.16_2/lib/QtSql.framework/Headers -I/usr/local/Cellar/qt@5/5.15.16_2/lib/QtQml.framework/Headers -I/usr/local/Cellar/qt@5/5.15.16_2/lib/QtXmlPatterns.framework/Headers -I/usr/local/Cellar/qt@5/5.15.16_2/lib/QtNetwork.framework/Headers -I/usr/local/Cellar/qt@5/5.15.16_2/lib/QtTest.framework/Headers -I/usr/local/Cellar/qt@5/5.15.16_2/lib/QtScript.framework/Headers -I/usr/local/Cellar/qt@5/5.15.16_2/lib/QtScriptTools.framework/Headers -I/usr/local/Cellar/qt@5/5.15.16_2/lib/QtSensors.framework/Headers -I/usr/local/Cellar/qt@5/5.15.16_2/lib/QtSerialPort.framework/Headers -I/usr/local/Cellar/qt@5/5.15.16_2/lib/QtCore.framework/Headers -I/var/folders/rh/k00y49h95x3ccpkqg6nd86rh0000gn/T/tmp.eQeozklRfl -I/Library/Developer/CommandLineTools/SDKs/MacOSX.sdk/System/Library/Frameworks/OpenGL.framework/Headers -I/Library/Developer/CommandLineTools/SDKs/MacOSX.sdk/System/Library/Frameworks/AGL.framework/Headers -I/usr/local/Cellar/qt@5/5.15.16_2/mkspecs/macx-clang -F/usr/local/Cellar/qt@5/5.15.16_2/lib '
QT_DIR='/usr/local/Cellar/qt@5/5.15.16_2/lib'
QT_LIBS='-F/usr/local/Cellar/qt@5/5.15.16_2/lib -framework QtDesigner -framework QtHelp -framework QtMultimediaWidgets -framework QtOpenGL -framework QtPrintSupport -framework QtQuickTest -framework QtSvg /usr/local/Cellar/qt@5/5.15.16_2/lib/libQt5UiTools.a -framework QtWidgets -framework QtMultimedia -framework QtGui -framework Metal -framework QtConcurrent -framework QtDBus -framework QtXml -framework QtSql -framework QtQml -framework QtXmlPatterns -framework QtNetwork -framework QtTest -framework Security -framework Foundation -framework ApplicationServices -framework AppKit -framework QtScript -framework QtScriptTools -framework QtSensors -framework QtSerialPort -framework QtCore -framework DiskArbitration -framework IOKit -framework OpenGL -framework AGL  '
QT_LRELEASE='/usr/local/opt/qt@5/bin/lrelease'
QT_LUPDATE='/usr/local/opt/qt@5/bin/lupdate'
QT_MOC='/usr/local/opt/qt@5/bin/moc'
QT_RCC='/usr/local/opt/qt@5/bin/rcc'
QT_UIC='/usr/local/opt/qt@5/bin/uic'
RANLIB='ranlib'
SED='/usr/bin/sed'
SET_MAKE=''
SHELL='/bin/sh'
STRIP='strip'
VERSION='19.0.1'
XMKMF=''
X_CFLAGS=' -I/usr/X11/include'
X_EXTRA_LIBS=''
X_LIBS=' -L/usr/X11/lib'
X_PRE_LIBS=' -lSM -lICE'
ac_ct_AR='ar'
ac_ct_CC='gcc'
ac_ct_CXX='g++'
ac_ct_DUMPBIN=''
ac_ct_QMAKE='qmake'
am__EXEEXT_FALSE=''
am__EXEEXT_TRUE='#'
am__fastdepCC_FALSE='#'
am__fastdepCC_TRUE=''
am__fastdepCXX_FALSE='#'
am__fastdepCXX_TRUE=''
am__include='include'
am__isrc=''
am__leading_dot='.'
am__nodep='_no'
am__quote=''
am__tar='$${TAR-tar} chof - "$$tardir"'
am__untar='$${TAR-tar} xf -'
bindir='${exec_prefix}/bin'
build='x86_64-apple-darwin24.4.0'
build_alias=''
build_cpu='x86_64'
build_os='darwin24.4.0'
build_vendor='apple'
datadir='${datarootdir}'
datarootdir='${prefix}/share'
docdir='${datarootdir}/doc/${PACKAGE_TARNAME}'
dvidir='${docdir}'
exec_prefix='${prefix}'
host='x86_64-apple-darwin24.4.0'
host_alias=''
host_cpu='x86_64'
host_os='darwin24.4.0'
host_vendor='apple'
htmldir='${docdir}'
includedir='${prefix}/include'
infodir='${datarootdir}/info'
install_sh='${SHELL} '\''/Users/taewonhwang/Desktop/McGill/COMP599 Final Project/rcssmonitor-19.0.1/install-sh'\'''
libdir='${exec_prefix}/lib'
libexecdir='${exec_prefix}/libexec'
localedir='${datarootdir}/locale'
localstatedir='${prefix}/var'
mandir='${datarootdir}/man'
mkdir_p='$(MKDIR_P)'
oldincludedir='/usr/include'
pdfdir='${docdir}'
prefix='/usr/local'
program_transform_name='s,x,x,'
psdir='${docdir}'
runstatedir='${localstatedir}/run'
sbindir='${exec_prefix}/sbin'
sharedstatedir='${prefix}/com'
sysconfdir='${prefix}/etc'
target_alias=''

## ----------- ##
## confdefs.h. ##
## ----------- ##

/* confdefs.h */
#define PACKAGE_NAME "rcssmonitor"
#define PACKAGE_TARNAME "rcssmonitor"
#define PACKAGE_VERSION "19.0.1"
#define PACKAGE_STRING "rcssmonitor 19.0.1"
#define PACKAGE_BUGREPORT "https://github.com/rcsoccersim/rcssmonitor"
#define PACKAGE_URL ""
#define PACKAGE "rcssmonitor"
#define VERSION "19.0.1"
#define HAVE_STDIO_H 1
#define HAVE_STDLIB_H 1
#define HAVE_STRING_H 1
#define HAVE_INTTYPES_H 1
#define HAVE_STDINT_H 1
#define HAVE_STRINGS_H 1
#define HAVE_SYS_STAT_H 1
#define HAVE_SYS_TYPES_H 1
#define HAVE_UNISTD_H 1
#define HAVE_SYS_TIME_H 1
#define STDC_HEADERS 1
#define HAVE_DLFCN_H 1
#define LT_OBJDIR ".libs/"
#define HAVE_LIBZ 1
#define HAVE_ARPA_INET_H 1
#define HAVE__BOOL 1
#define HAVE_STDBOOL_H 1
#define TIME_WITH_SYS_TIME 1
#define HAVE_MEMSET 1
#define HAVE_RINT 1
#define HAVE_STRTOL 1
#define HAVE_POW 1
#define HAVE_SQRT 1
#define HAVE_CXX17 1

configure: exit 0
