This file contains any messages produced by compilers while
running configure, to aid debugging if configure makes a mistake.

It was created by RCSSServer configure 19.0.0, which was
generated by GNU Autoconf 2.71.  Invocation command line was

  $ ./configure --with-boost=/usr/local/Cellar/boost/1.88.0

## --------- ##
## Platform. ##
## --------- ##

hostname = Taewons-MacBook-Pro.local
uname -m = x86_64
uname -r = 24.4.0
uname -s = Darwin
uname -v = Darwin Kernel Version 24.4.0: Wed Mar 19 21:16:31 PDT 2025; root:xnu-11417.101.15~1/RELEASE_X86_64

/usr/bin/uname -p = i386
/bin/uname -X     = unknown

/bin/arch              = unknown
/usr/bin/arch -k       = unknown
/usr/convex/getsysinfo = unknown
/usr/bin/hostinfo      = Mach kernel version:
	 Darwin Kernel Version 24.4.0: Wed Mar 19 21:16:31 PDT 2025; root:xnu-11417.101.15~1/RELEASE_X86_64
Kernel configured for up to 8 processors.
4 processors are physically available.
8 processors are logically available.
Processor type: x86_64h (Intel x86-64h Haswell)
Processors active: 0 1 2 3 4 5 6 7
Primary memory available: 8.00 gigabytes
Default processor set: 554 tasks, 3313 threads, 8 processors
Load average: 5.81, Mach factor: 4.31
/bin/machine           = unknown
/usr/bin/oslevel       = unknown
/bin/universe          = unknown

PATH: /usr/local/opt/qt@5/bin/
PATH: /usr/local/opt/qt@5/bin/
PATH: /usr/local/opt/qt@5/bin/
PATH: /usr/local/opt/qt@5/bin/
PATH: /usr/local/opt/qt@5/bin/
PATH: /usr/local/opt/qt@5/bin/
PATH: /usr/local/opt/bison/bin/
PATH: /usr/local/opt/qt@5/bin/
PATH: /opt/homebrew/opt/qt@5/bin/
PATH: /opt/homebrew/opt/qt@5/bin/
PATH: /Users/taewonhwang/.nvm/versions/node/v22.12.0/bin/
PATH: /Users/taewonhwang/.gem/ruby/3.2.1/bin/
PATH: /Users/taewonhwang/.rubies/ruby-3.2.1/lib/ruby/gems/3.2.0/bin/
PATH: /Users/taewonhwang/.rubies/ruby-3.2.1/bin/
PATH: /Users/taewonhwang/opt/anaconda3/bin/
PATH: /Users/taewonhwang/opt/anaconda3/condabin/
PATH: /usr/local/bin/
PATH: /System/Cryptexes/App/usr/bin/
PATH: /usr/bin/
PATH: /bin/
PATH: /usr/sbin/
PATH: /sbin/
PATH: /var/run/com.apple.security.cryptexd/codex.system/bootstrap/usr/local/bin/
PATH: /var/run/com.apple.security.cryptexd/codex.system/bootstrap/usr/bin/
PATH: /var/run/com.apple.security.cryptexd/codex.system/bootstrap/usr/appleinternal/bin/
PATH: /opt/X11/bin/
PATH: /Library/Apple/usr/bin/


## ----------- ##
## Core tests. ##
## ----------- ##

configure:3044: looking for aux files: ltmain.sh config.guess config.sub compile missing install-sh
configure:3057:  trying ./
configure:3086:   ./ltmain.sh found
configure:3086:   ./config.guess found
configure:3086:   ./config.sub found
configure:3086:   ./compile found
configure:3086:   ./missing found
configure:3068:   ./install-sh found
configure:3217: checking for a BSD-compatible install
configure:3290: result: /usr/bin/install -c
configure:3301: checking whether build environment is sane
configure:3356: result: yes
configure:3515: checking for a race-free mkdir -p
configure:3559: result: ./install-sh -c -d
configure:3566: checking for gawk
configure:3601: result: no
configure:3566: checking for mawk
configure:3601: result: no
configure:3566: checking for nawk
configure:3601: result: no
configure:3566: checking for awk
configure:3587: found /usr/bin/awk
configure:3598: result: awk
configure:3609: checking whether make sets $(MAKE)
configure:3632: result: yes
configure:3662: checking whether make supports nested variables
configure:3680: result: yes
configure:3894: checking for g++
configure:3915: found /usr/bin/g++
configure:3926: result: g++
configure:3953: checking for C++ compiler version
configure:3962: g++ --version >&5
Apple clang version 14.0.3 (clang-1403.0.22.14.1)
Target: x86_64-apple-darwin24.4.0
Thread model: posix
InstalledDir: /Library/Developer/CommandLineTools/usr/bin
configure:3973: $? = 0
configure:3962: g++ -v >&5
Apple clang version 14.0.3 (clang-1403.0.22.14.1)
Target: x86_64-apple-darwin24.4.0
Thread model: posix
InstalledDir: /Library/Developer/CommandLineTools/usr/bin
configure:3973: $? = 0
configure:3962: g++ -V >&5
clang: error: argument to '-V' is missing (expected 1 value)
clang: error: no input files
configure:3973: $? = 1
configure:3962: g++ -qversion >&5
clang: error: unknown argument '-qversion'; did you mean '--version'?
clang: error: no input files
configure:3973: $? = 1
configure:3993: checking whether the C++ compiler works
configure:4015: g++  -I/usr/local/opt/qt@5/include -L/usr/local/opt/qt@5/lib conftest.cpp  >&5
configure:4019: $? = 0
configure:4069: result: yes
configure:4072: checking for C++ compiler default output file name
configure:4074: result: a.out
configure:4080: checking for suffix of executables
configure:4087: g++ -o conftest  -I/usr/local/opt/qt@5/include -L/usr/local/opt/qt@5/lib conftest.cpp  >&5
configure:4091: $? = 0
configure:4114: result: 
configure:4136: checking whether we are cross compiling
configure:4144: g++ -o conftest  -I/usr/local/opt/qt@5/include -L/usr/local/opt/qt@5/lib conftest.cpp  >&5
configure:4148: $? = 0
configure:4155: ./conftest
configure:4159: $? = 0
configure:4174: result: no
configure:4179: checking for suffix of object files
configure:4202: g++ -c  -I/usr/local/opt/qt@5/include conftest.cpp >&5
configure:4206: $? = 0
configure:4228: result: o
configure:4232: checking whether the compiler supports GNU C++
configure:4252: g++ -c  -I/usr/local/opt/qt@5/include conftest.cpp >&5
configure:4252: $? = 0
configure:4262: result: yes
configure:4273: checking whether g++ accepts -g
configure:4294: g++ -c -g -I/usr/local/opt/qt@5/include conftest.cpp >&5
configure:4294: $? = 0
configure:4338: result: yes
configure:4358: checking for g++ option to enable C++11 features
configure:4373: g++  -c -g -O2 -I/usr/local/opt/qt@5/include conftest.cpp >&5
conftest.cpp:57:3: error: "Compiler does not advertise C++11 conformance"
# error "Compiler does not advertise C++11 conformance"
  ^
conftest.cpp:62:3: error: unknown type name 'constexpr'
  constexpr int get_val() { return 20; }
  ^
conftest.cpp:74:17: error: delegating constructors are permitted only in C++11
    delegate(): delegate(2354) {}
                ^~~~~~~~
conftest.cpp:85:26: warning: 'override' keyword is a C++11 extension [-Wc++11-extensions]
    virtual int getval() override final { return this->n * 2; }
                         ^
conftest.cpp:85:35: warning: 'final' keyword is a C++11 extension [-Wc++11-extensions]
    virtual int getval() override final { return this->n * 2; }
                                  ^
conftest.cpp:92:16: warning: defaulted function definitions are a C++11 extension [-Wc++11-extensions]
    nocopy() = default;
               ^
conftest.cpp:93:29: warning: deleted function definitions are a C++11 extension [-Wc++11-extensions]
    nocopy(const nocopy&) = delete;
                            ^
conftest.cpp:94:41: warning: deleted function definitions are a C++11 extension [-Wc++11-extensions]
    nocopy & operator=(const nocopy&) = delete;
                                        ^
conftest.cpp:106:25: warning: 'auto' type specifier is a C++11 extension [-Wc++11-extensions]
  template <typename V> auto sum(V first) -> V
                        ^
conftest.cpp:106:25: error: 'auto' not allowed in function return type
  template <typename V> auto sum(V first) -> V
                        ^~~~
conftest.cpp:106:42: error: expected ';' at end of declaration
  template <typename V> auto sum(V first) -> V
                                         ^
                                         ;
conftest.cpp:106:43: error: cannot use arrow operator on a type
  template <typename V> auto sum(V first) -> V
                                          ^
conftest.cpp:110:33: warning: variadic templates are a C++11 extension [-Wc++11-extensions]
  template <typename V, typename... Args> auto sum(V first, Args... rest) -> V
                                ^
conftest.cpp:110:43: warning: 'auto' type specifier is a C++11 extension [-Wc++11-extensions]
  template <typename V, typename... Args> auto sum(V first, Args... rest) -> V
                                          ^
conftest.cpp:110:43: error: 'auto' not allowed in function return type
  template <typename V, typename... Args> auto sum(V first, Args... rest) -> V
                                          ^~~~
conftest.cpp:110:74: error: expected ';' at end of declaration
  template <typename V, typename... Args> auto sum(V first, Args... rest) -> V
                                                                         ^
                                                                         ;
conftest.cpp:110:75: error: cannot use arrow operator on a type
  template <typename V, typename... Args> auto sum(V first, Args... rest) -> V
                                                                          ^
conftest.cpp:134:3: warning: 'auto' type specifier is a C++11 extension [-Wc++11-extensions]
  auto a1 = 6538;
  ^
conftest.cpp:135:3: warning: 'auto' type specifier is a C++11 extension [-Wc++11-extensions]
  auto a2 = 48573953.4;
  ^
conftest.cpp:136:3: warning: 'auto' type specifier is a C++11 extension [-Wc++11-extensions]
  auto a3 = "String literal";
  ^
conftest.cpp:139:8: warning: 'auto' type specifier is a C++11 extension [-Wc++11-extensions]
  for (auto i = a3; *i; ++i) { total += *i; }
       ^
conftest.cpp:155:8: warning: 'auto' type specifier is a C++11 extension [-Wc++11-extensions]
  for (auto &x : array) { x += 23; }
       ^
conftest.cpp:155:16: warning: range-based for loop is a C++11 extension [-Wc++11-extensions]
  for (auto &x : array) { x += 23; }
               ^
conftest.cpp:160:17: error: expected expression
  assert (eval ([](int x) { return x*2; }, 21) == 42);
                ^
conftest.cpp:162:17: error: expected expression
  assert (eval ([&](double x) { return d += x; }, 3.0) == 5.0);
                ^
conftest.cpp:164:17: error: expected expression
  assert (eval ([=](double x) mutable { return d += x; }, 4.0) == 9.0);
                ^
conftest.cpp:170:3: warning: 'auto' type specifier is a C++11 extension [-Wc++11-extensions]
  auto a = sum(1);
  ^
conftest.cpp:170:12: error: no matching function for call to 'sum'
  auto a = sum(1);
           ^~~
conftest.cpp:171:3: warning: 'auto' type specifier is a C++11 extension [-Wc++11-extensions]
  auto b = sum(1, 2);
  ^
conftest.cpp:171:12: error: no matching function for call to 'sum'
  auto b = sum(1, 2);
           ^~~
conftest.cpp:172:3: warning: 'auto' type specifier is a C++11 extension [-Wc++11-extensions]
  auto c = sum(1.0, 2.0, 3.0);
  ^
conftest.cpp:172:12: error: no matching function for call to 'sum'
  auto c = sum(1.0, 2.0, 3.0);
           ^~~
conftest.cpp:177:25: warning: empty parentheses interpreted as a function declaration [-Wvexing-parse]
  cxx11test::delegate d2();
                        ^~
conftest.cpp:177:25: note: remove parentheses to declare a variable
  cxx11test::delegate d2();
                        ^~
conftest.cpp:190:16: error: found '<::' after a template name which forms the digraph '<:' (aka '[') and a ':', did you mean '< ::'?
  test_template<::test_template<int>> v(test_template<int>(12));
               ^~~
               < ::
conftest.cpp:190:36: error: a space is required between consecutive right angle brackets (use '> >')
  test_template<::test_template<int>> v(test_template<int>(12));
                                   ^~
                                   > >
conftest.cpp:194:22: error: use of undeclared identifier 'u8'
  char const *utf8 = u8"UTF-8 string \u2500";
                     ^
conftest.cpp:194:24: error: expected ';' at end of declaration
  char const *utf8 = u8"UTF-8 string \u2500";
                       ^
                       ;
fatal error: too many errors emitted, stopping now [-ferror-limit=]
18 warnings and 20 errors generated.
configure:4373: $? = 1
configure: failed program was:
| /* confdefs.h */
| #define PACKAGE_NAME "RCSSServer"
| #define PACKAGE_TARNAME "rcssserver"
| #define PACKAGE_VERSION "19.0.0"
| #define PACKAGE_STRING "RCSSServer 19.0.0"
| #define PACKAGE_BUGREPORT "https://github.com/rcsoccersim/"
| #define PACKAGE_URL ""
| #define PACKAGE "rcssserver"
| #define VERSION "19.0.0"
| /* end confdefs.h.  */
| 
| // Does the compiler advertise C++98 conformance?
| #if !defined __cplusplus || __cplusplus < 199711L
| # error "Compiler does not advertise C++98 conformance"
| #endif
| 
| // These inclusions are to reject old compilers that
| // lack the unsuffixed header files.
| #include <cstdlib>
| #include <exception>
| 
| // <cassert> and <cstring> are *not* freestanding headers in C++98.
| extern void assert (int);
| namespace std {
|   extern int strcmp (const char *, const char *);
| }
| 
| // Namespaces, exceptions, and templates were all added after "C++ 2.0".
| using std::exception;
| using std::strcmp;
| 
| namespace {
| 
| void test_exception_syntax()
| {
|   try {
|     throw "test";
|   } catch (const char *s) {
|     // Extra parentheses suppress a warning when building autoconf itself,
|     // due to lint rules shared with more typical C programs.
|     assert (!(strcmp) (s, "test"));
|   }
| }
| 
| template <typename T> struct test_template
| {
|   T const val;
|   explicit test_template(T t) : val(t) {}
|   template <typename U> T add(U u) { return static_cast<T>(u) + val; }
| };
| 
| } // anonymous namespace
| 
| 
| // Does the compiler advertise C++ 2011 conformance?
| #if !defined __cplusplus || __cplusplus < 201103L
| # error "Compiler does not advertise C++11 conformance"
| #endif
| 
| namespace cxx11test
| {
|   constexpr int get_val() { return 20; }
| 
|   struct testinit
|   {
|     int i;
|     double d;
|   };
| 
|   class delegate
|   {
|   public:
|     delegate(int n) : n(n) {}
|     delegate(): delegate(2354) {}
| 
|     virtual int getval() { return this->n; };
|   protected:
|     int n;
|   };
| 
|   class overridden : public delegate
|   {
|   public:
|     overridden(int n): delegate(n) {}
|     virtual int getval() override final { return this->n * 2; }
|   };
| 
|   class nocopy
|   {
|   public:
|     nocopy(int i): i(i) {}
|     nocopy() = default;
|     nocopy(const nocopy&) = delete;
|     nocopy & operator=(const nocopy&) = delete;
|   private:
|     int i;
|   };
| 
|   // for testing lambda expressions
|   template <typename Ret, typename Fn> Ret eval(Fn f, Ret v)
|   {
|     return f(v);
|   }
| 
|   // for testing variadic templates and trailing return types
|   template <typename V> auto sum(V first) -> V
|   {
|     return first;
|   }
|   template <typename V, typename... Args> auto sum(V first, Args... rest) -> V
|   {
|     return first + sum(rest...);
|   }
| }
| 
| 
| int
| main (int argc, char **argv)
| {
|   int ok = 0;
|   
|   assert (argc);
|   assert (! argv[0]);
| {
|   test_exception_syntax ();
|   test_template<double> tt (2.0);
|   assert (tt.add (4) == 6.0);
|   assert (true && !false);
| }
| 
|   
| {
|   // Test auto and decltype
|   auto a1 = 6538;
|   auto a2 = 48573953.4;
|   auto a3 = "String literal";
| 
|   int total = 0;
|   for (auto i = a3; *i; ++i) { total += *i; }
| 
|   decltype(a2) a4 = 34895.034;
| }
| {
|   // Test constexpr
|   short sa[cxx11test::get_val()] = { 0 };
| }
| {
|   // Test initializer lists
|   cxx11test::testinit il = { 4323, 435234.23544 };
| }
| {
|   // Test range-based for
|   int array[] = {9, 7, 13, 15, 4, 18, 12, 10, 5, 3,
|                  14, 19, 17, 8, 6, 20, 16, 2, 11, 1};
|   for (auto &x : array) { x += 23; }
| }
| {
|   // Test lambda expressions
|   using cxx11test::eval;
|   assert (eval ([](int x) { return x*2; }, 21) == 42);
|   double d = 2.0;
|   assert (eval ([&](double x) { return d += x; }, 3.0) == 5.0);
|   assert (d == 5.0);
|   assert (eval ([=](double x) mutable { return d += x; }, 4.0) == 9.0);
|   assert (d == 5.0);
| }
| {
|   // Test use of variadic templates
|   using cxx11test::sum;
|   auto a = sum(1);
|   auto b = sum(1, 2);
|   auto c = sum(1.0, 2.0, 3.0);
| }
| {
|   // Test constructor delegation
|   cxx11test::delegate d1;
|   cxx11test::delegate d2();
|   cxx11test::delegate d3(45);
| }
| {
|   // Test override and final
|   cxx11test::overridden o1(55464);
| }
| {
|   // Test nullptr
|   char *c = nullptr;
| }
| {
|   // Test template brackets
|   test_template<::test_template<int>> v(test_template<int>(12));
| }
| {
|   // Unicode literals
|   char const *utf8 = u8"UTF-8 string \u2500";
|   char16_t const *utf16 = u"UTF-8 string \u2500";
|   char32_t const *utf32 = U"UTF-32 string \u2500";
| }
| 
|   return ok;
| }
| 
configure:4391: result: none needed
configure:4458: checking whether make supports the include directive
configure:4473: make -f confmf.GNU && cat confinc.out
this is the am__doit target
configure:4476: $? = 0
configure:4495: result: yes (GNU style)
configure:4521: checking dependency style of g++
configure:4633: result: gcc3
configure:4652: checking for gawk
configure:4684: result: awk
configure:4757: checking for gcc
configure:4778: found /usr/bin/gcc
configure:4789: result: gcc
configure:5142: checking for C compiler version
configure:5151: gcc --version >&5
Apple clang version 14.0.3 (clang-1403.0.22.14.1)
Target: x86_64-apple-darwin24.4.0
Thread model: posix
InstalledDir: /Library/Developer/CommandLineTools/usr/bin
configure:5162: $? = 0
configure:5151: gcc -v >&5
Apple clang version 14.0.3 (clang-1403.0.22.14.1)
Target: x86_64-apple-darwin24.4.0
Thread model: posix
InstalledDir: /Library/Developer/CommandLineTools/usr/bin
configure:5162: $? = 0
configure:5151: gcc -V >&5
clang: error: argument to '-V' is missing (expected 1 value)
clang: error: no input files
configure:5162: $? = 1
configure:5151: gcc -qversion >&5
clang: error: unknown argument '-qversion'; did you mean '--version'?
clang: error: no input files
configure:5162: $? = 1
configure:5151: gcc -version >&5
clang: error: unknown argument '-version'; did you mean '--version'?
clang: error: no input files
configure:5162: $? = 1
configure:5166: checking whether the compiler supports GNU C
configure:5186: gcc -c  -I/usr/local/opt/qt@5/include conftest.c >&5
configure:5186: $? = 0
configure:5196: result: yes
configure:5207: checking whether gcc accepts -g
configure:5228: gcc -c -g -I/usr/local/opt/qt@5/include conftest.c >&5
configure:5228: $? = 0
configure:5272: result: yes
configure:5292: checking for gcc option to enable C11 features
configure:5307: gcc  -c -g -O2 -I/usr/local/opt/qt@5/include conftest.c >&5
conftest.c:25:14: warning: a function declaration without a prototype is deprecated in all versions of C and is not supported in C2x [-Wdeprecated-non-prototype]
static char *e (p, i)
             ^
1 warning generated.
configure:5307: $? = 0
configure:5325: result: none needed
configure:5441: checking whether gcc understands -c and -o together
configure:5464: gcc -c conftest.c -o conftest2.o
configure:5467: $? = 0
configure:5464: gcc -c conftest.c -o conftest2.o
configure:5467: $? = 0
configure:5479: result: yes
configure:5498: checking dependency style of gcc
configure:5610: result: gcc3
configure:5630: checking how to run the C preprocessor
configure:5656: gcc -E -I/usr/local/opt/qt@5/include conftest.c
configure:5656: $? = 0
configure:5671: gcc -E -I/usr/local/opt/qt@5/include conftest.c
conftest.c:11:10: fatal error: 'ac_nonexistent.h' file not found
#include <ac_nonexistent.h>
         ^~~~~~~~~~~~~~~~~~
1 error generated.
configure:5671: $? = 1
configure: failed program was:
| /* confdefs.h */
| #define PACKAGE_NAME "RCSSServer"
| #define PACKAGE_TARNAME "rcssserver"
| #define PACKAGE_VERSION "19.0.0"
| #define PACKAGE_STRING "RCSSServer 19.0.0"
| #define PACKAGE_BUGREPORT "https://github.com/rcsoccersim/"
| #define PACKAGE_URL ""
| #define PACKAGE "rcssserver"
| #define VERSION "19.0.0"
| /* end confdefs.h.  */
| #include <ac_nonexistent.h>
configure:5698: result: gcc -E
configure:5712: gcc -E -I/usr/local/opt/qt@5/include conftest.c
configure:5712: $? = 0
configure:5727: gcc -E -I/usr/local/opt/qt@5/include conftest.c
conftest.c:11:10: fatal error: 'ac_nonexistent.h' file not found
#include <ac_nonexistent.h>
         ^~~~~~~~~~~~~~~~~~
1 error generated.
configure:5727: $? = 1
configure: failed program was:
| /* confdefs.h */
| #define PACKAGE_NAME "RCSSServer"
| #define PACKAGE_TARNAME "rcssserver"
| #define PACKAGE_VERSION "19.0.0"
| #define PACKAGE_STRING "RCSSServer 19.0.0"
| #define PACKAGE_BUGREPORT "https://github.com/rcsoccersim/"
| #define PACKAGE_URL ""
| #define PACKAGE "rcssserver"
| #define VERSION "19.0.0"
| /* end confdefs.h.  */
| #include <ac_nonexistent.h>
configure:5758: checking whether ln -s works
configure:5762: result: yes
configure:5769: checking whether make sets $(MAKE)
configure:5792: result: yes
configure:5811: checking for cos in -lm
configure:5834: gcc -o conftest -g -O2 -I/usr/local/opt/qt@5/include -L/usr/local/opt/qt@5/lib conftest.c -lm   >&5
conftest.c:15:6: warning: incompatible redeclaration of library function 'cos' [-Wincompatible-library-redeclaration]
char cos ();
     ^
conftest.c:15:6: note: 'cos' is a builtin with type 'double (double)'
1 warning generated.
configure:5834: $? = 0
configure:5844: result: yes
configure:5864: checking for stdio.h
configure:5864: gcc -c -g -O2 -I/usr/local/opt/qt@5/include conftest.c >&5
configure:5864: $? = 0
configure:5864: result: yes
configure:5864: checking for stdlib.h
configure:5864: gcc -c -g -O2 -I/usr/local/opt/qt@5/include conftest.c >&5
configure:5864: $? = 0
configure:5864: result: yes
configure:5864: checking for string.h
configure:5864: gcc -c -g -O2 -I/usr/local/opt/qt@5/include conftest.c >&5
configure:5864: $? = 0
configure:5864: result: yes
configure:5864: checking for inttypes.h
configure:5864: gcc -c -g -O2 -I/usr/local/opt/qt@5/include conftest.c >&5
configure:5864: $? = 0
configure:5864: result: yes
configure:5864: checking for stdint.h
configure:5864: gcc -c -g -O2 -I/usr/local/opt/qt@5/include conftest.c >&5
configure:5864: $? = 0
configure:5864: result: yes
configure:5864: checking for strings.h
configure:5864: gcc -c -g -O2 -I/usr/local/opt/qt@5/include conftest.c >&5
configure:5864: $? = 0
configure:5864: result: yes
configure:5864: checking for sys/stat.h
configure:5864: gcc -c -g -O2 -I/usr/local/opt/qt@5/include conftest.c >&5
configure:5864: $? = 0
configure:5864: result: yes
configure:5864: checking for sys/types.h
configure:5864: gcc -c -g -O2 -I/usr/local/opt/qt@5/include conftest.c >&5
configure:5864: $? = 0
configure:5864: result: yes
configure:5864: checking for unistd.h
configure:5864: gcc -c -g -O2 -I/usr/local/opt/qt@5/include conftest.c >&5
configure:5864: $? = 0
configure:5864: result: yes
configure:5864: checking for vfork.h
configure:5864: gcc -c -g -O2 -I/usr/local/opt/qt@5/include conftest.c >&5
conftest.c:49:10: fatal error: 'vfork.h' file not found
#include <vfork.h>
         ^~~~~~~~~
1 error generated.
configure:5864: $? = 1
configure: failed program was:
| /* confdefs.h */
| #define PACKAGE_NAME "RCSSServer"
| #define PACKAGE_TARNAME "rcssserver"
| #define PACKAGE_VERSION "19.0.0"
| #define PACKAGE_STRING "RCSSServer 19.0.0"
| #define PACKAGE_BUGREPORT "https://github.com/rcsoccersim/"
| #define PACKAGE_URL ""
| #define PACKAGE "rcssserver"
| #define VERSION "19.0.0"
| #define HAVE_LIBM 1
| #define HAVE_STDIO_H 1
| #define HAVE_STDLIB_H 1
| #define HAVE_STRING_H 1
| #define HAVE_INTTYPES_H 1
| #define HAVE_STDINT_H 1
| #define HAVE_STRINGS_H 1
| #define HAVE_SYS_STAT_H 1
| #define HAVE_SYS_TYPES_H 1
| #define HAVE_UNISTD_H 1
| /* end confdefs.h.  */
| #include <stddef.h>
| #ifdef HAVE_STDIO_H
| # include <stdio.h>
| #endif
| #ifdef HAVE_STDLIB_H
| # include <stdlib.h>
| #endif
| #ifdef HAVE_STRING_H
| # include <string.h>
| #endif
| #ifdef HAVE_INTTYPES_H
| # include <inttypes.h>
| #endif
| #ifdef HAVE_STDINT_H
| # include <stdint.h>
| #endif
| #ifdef HAVE_STRINGS_H
| # include <strings.h>
| #endif
| #ifdef HAVE_SYS_TYPES_H
| # include <sys/types.h>
| #endif
| #ifdef HAVE_SYS_STAT_H
| # include <sys/stat.h>
| #endif
| #ifdef HAVE_UNISTD_H
| # include <unistd.h>
| #endif
| #include <vfork.h>
configure:5864: result: no
configure:5864: checking for sys/select.h
configure:5864: gcc -c -g -O2 -I/usr/local/opt/qt@5/include conftest.c >&5
configure:5864: $? = 0
configure:5864: result: yes
configure:5864: checking for sys/socket.h
configure:5864: gcc -c -g -O2 -I/usr/local/opt/qt@5/include conftest.c >&5
configure:5864: $? = 0
configure:5864: result: yes
configure:5892: checking if zlib is wanted
configure:5915: result: yes
configure:5945: checking for inflateEnd in -lz
configure:5968: gcc -o conftest -g -O2 -I/usr/local/opt/qt@5/include -L/usr/local/opt/qt@5/lib conftest.c -lz  -lm  >&5
configure:5968: $? = 0
configure:5978: result: yes
configure:5987: checking for zlib.h
configure:5987: gcc -c -g -O2 -I/usr/local/opt/qt@5/include conftest.c >&5
configure:5987: $? = 0
configure:5987: result: yes
configure:6028: checking for size_t
configure:6028: gcc -c -g -O2 -I/usr/local/opt/qt@5/include -I/include conftest.c >&5
configure:6028: $? = 0
configure:6028: gcc -c -g -O2 -I/usr/local/opt/qt@5/include -I/include conftest.c >&5
conftest.c:56:21: error: expected expression
if (sizeof ((size_t)))
                    ^
1 error generated.
configure:6028: $? = 1
configure: failed program was:
| /* confdefs.h */
| #define PACKAGE_NAME "RCSSServer"
| #define PACKAGE_TARNAME "rcssserver"
| #define PACKAGE_VERSION "19.0.0"
| #define PACKAGE_STRING "RCSSServer 19.0.0"
| #define PACKAGE_BUGREPORT "https://github.com/rcsoccersim/"
| #define PACKAGE_URL ""
| #define PACKAGE "rcssserver"
| #define VERSION "19.0.0"
| #define HAVE_LIBM 1
| #define HAVE_STDIO_H 1
| #define HAVE_STDLIB_H 1
| #define HAVE_STRING_H 1
| #define HAVE_INTTYPES_H 1
| #define HAVE_STDINT_H 1
| #define HAVE_STRINGS_H 1
| #define HAVE_SYS_STAT_H 1
| #define HAVE_SYS_TYPES_H 1
| #define HAVE_UNISTD_H 1
| #define HAVE_SYS_SELECT_H 1
| #define HAVE_SYS_SOCKET_H 1
| #define STDC_HEADERS 1
| #define HAVE_LIBZ 1
| /* end confdefs.h.  */
| #include <stddef.h>
| #ifdef HAVE_STDIO_H
| # include <stdio.h>
| #endif
| #ifdef HAVE_STDLIB_H
| # include <stdlib.h>
| #endif
| #ifdef HAVE_STRING_H
| # include <string.h>
| #endif
| #ifdef HAVE_INTTYPES_H
| # include <inttypes.h>
| #endif
| #ifdef HAVE_STDINT_H
| # include <stdint.h>
| #endif
| #ifdef HAVE_STRINGS_H
| # include <strings.h>
| #endif
| #ifdef HAVE_SYS_TYPES_H
| # include <sys/types.h>
| #endif
| #ifdef HAVE_SYS_STAT_H
| # include <sys/stat.h>
| #endif
| #ifdef HAVE_UNISTD_H
| # include <unistd.h>
| #endif
| int
| main (void)
| {
| if (sizeof ((size_t)))
| 	    return 0;
|   ;
|   return 0;
| }
configure:6028: result: yes
configure:6040: checking for working alloca.h
configure:6058: gcc -o conftest -g -O2 -I/usr/local/opt/qt@5/include -I/include -L/usr/local/opt/qt@5/lib -L/lib conftest.c -lz -lm  >&5
ld: warning: directory not found for option '-L/lib'
configure:6058: $? = 0
configure:6067: result: yes
configure:6075: checking for alloca
configure:6120: result: yes
configure:6188: checking for arpa/inet.h
configure:6188: gcc -c -g -O2 -I/usr/local/opt/qt@5/include -I/include conftest.c >&5
configure:6188: $? = 0
configure:6188: result: yes
configure:6194: checking for fcntl.h
configure:6194: gcc -c -g -O2 -I/usr/local/opt/qt@5/include -I/include conftest.c >&5
configure:6194: $? = 0
configure:6194: result: yes
configure:6201: checking for inttypes.h
configure:6201: result: yes
configure:6207: checking for libintl.h
configure:6207: gcc -c -g -O2 -I/usr/local/opt/qt@5/include -I/include conftest.c >&5
configure:6207: $? = 0
configure:6207: result: yes
configure:6213: checking for libintl.h
configure:6213: result: yes
configure:6219: checking for malloc.h
configure:6219: gcc -c -g -O2 -I/usr/local/opt/qt@5/include -I/include conftest.c >&5
conftest.c:60:10: fatal error: 'malloc.h' file not found
#include <malloc.h>
         ^~~~~~~~~~
1 error generated.
configure:6219: $? = 1
configure: failed program was:
| /* confdefs.h */
| #define PACKAGE_NAME "RCSSServer"
| #define PACKAGE_TARNAME "rcssserver"
| #define PACKAGE_VERSION "19.0.0"
| #define PACKAGE_STRING "RCSSServer 19.0.0"
| #define PACKAGE_BUGREPORT "https://github.com/rcsoccersim/"
| #define PACKAGE_URL ""
| #define PACKAGE "rcssserver"
| #define VERSION "19.0.0"
| #define HAVE_LIBM 1
| #define HAVE_STDIO_H 1
| #define HAVE_STDLIB_H 1
| #define HAVE_STRING_H 1
| #define HAVE_INTTYPES_H 1
| #define HAVE_STDINT_H 1
| #define HAVE_STRINGS_H 1
| #define HAVE_SYS_STAT_H 1
| #define HAVE_SYS_TYPES_H 1
| #define HAVE_UNISTD_H 1
| #define HAVE_SYS_SELECT_H 1
| #define HAVE_SYS_SOCKET_H 1
| #define STDC_HEADERS 1
| #define HAVE_LIBZ 1
| #define HAVE_ALLOCA_H 1
| #define HAVE_ALLOCA 1
| #define HAVE_ARPA_INET_H 1
| #define HAVE_FCNTL_H 1
| #define HAVE_INTTYPES_H 1
| #define HAVE_LIBINTL_H 1
| #define HAVE_LIBINTL_H 1
| /* end confdefs.h.  */
| #include <stddef.h>
| #ifdef HAVE_STDIO_H
| # include <stdio.h>
| #endif
| #ifdef HAVE_STDLIB_H
| # include <stdlib.h>
| #endif
| #ifdef HAVE_STRING_H
| # include <string.h>
| #endif
| #ifdef HAVE_INTTYPES_H
| # include <inttypes.h>
| #endif
| #ifdef HAVE_STDINT_H
| # include <stdint.h>
| #endif
| #ifdef HAVE_STRINGS_H
| # include <strings.h>
| #endif
| #ifdef HAVE_SYS_TYPES_H
| # include <sys/types.h>
| #endif
| #ifdef HAVE_SYS_STAT_H
| # include <sys/stat.h>
| #endif
| #ifdef HAVE_UNISTD_H
| # include <unistd.h>
| #endif
| #include <malloc.h>
configure:6219: result: no
configure:6225: checking for netdb.h
configure:6225: gcc -c -g -O2 -I/usr/local/opt/qt@5/include -I/include conftest.c >&5
configure:6225: $? = 0
configure:6225: result: yes
configure:6232: checking for netinet/in.h
configure:6232: gcc -c -g -O2 -I/usr/local/opt/qt@5/include -I/include conftest.c >&5
configure:6232: $? = 0
configure:6232: result: yes
configure:6238: checking for poll.h
configure:6238: gcc -c -g -O2 -I/usr/local/opt/qt@5/include -I/include conftest.c >&5
configure:6238: $? = 0
configure:6238: result: yes
configure:6244: checking for pwd.h
configure:6244: gcc -c -g -O2 -I/usr/local/opt/qt@5/include -I/include conftest.c >&5
configure:6244: $? = 0
configure:6244: result: yes
configure:6250: checking for stddef.h
configure:6250: gcc -c -g -O2 -I/usr/local/opt/qt@5/include -I/include conftest.c >&5
configure:6250: $? = 0
configure:6250: result: yes
configure:6256: checking for stdlib.h
configure:6256: result: yes
configure:6262: checking for sys/param.h
configure:6262: gcc -c -g -O2 -I/usr/local/opt/qt@5/include -I/include conftest.c >&5
configure:6262: $? = 0
configure:6262: result: yes
configure:6269: checking for sys/socket.h
configure:6269: result: yes
configure:6275: checking for sys/time.h
configure:6275: gcc -c -g -O2 -I/usr/local/opt/qt@5/include -I/include conftest.c >&5
configure:6275: $? = 0
configure:6275: result: yes
configure:6281: checking for sys/types.h
configure:6281: result: yes
configure:6287: checking for unistd.h
configure:6287: result: yes
configure:6300: checking for _Bool
configure:6300: gcc -c -g -O2 -I/usr/local/opt/qt@5/include -I/include conftest.c >&5
configure:6300: $? = 0
configure:6300: gcc -c -g -O2 -I/usr/local/opt/qt@5/include -I/include conftest.c >&5
conftest.c:74:20: error: expected expression
if (sizeof ((_Bool)))
                   ^
1 error generated.
configure:6300: $? = 1
configure: failed program was:
| /* confdefs.h */
| #define PACKAGE_NAME "RCSSServer"
| #define PACKAGE_TARNAME "rcssserver"
| #define PACKAGE_VERSION "19.0.0"
| #define PACKAGE_STRING "RCSSServer 19.0.0"
| #define PACKAGE_BUGREPORT "https://github.com/rcsoccersim/"
| #define PACKAGE_URL ""
| #define PACKAGE "rcssserver"
| #define VERSION "19.0.0"
| #define HAVE_LIBM 1
| #define HAVE_STDIO_H 1
| #define HAVE_STDLIB_H 1
| #define HAVE_STRING_H 1
| #define HAVE_INTTYPES_H 1
| #define HAVE_STDINT_H 1
| #define HAVE_STRINGS_H 1
| #define HAVE_SYS_STAT_H 1
| #define HAVE_SYS_TYPES_H 1
| #define HAVE_UNISTD_H 1
| #define HAVE_SYS_SELECT_H 1
| #define HAVE_SYS_SOCKET_H 1
| #define STDC_HEADERS 1
| #define HAVE_LIBZ 1
| #define HAVE_ALLOCA_H 1
| #define HAVE_ALLOCA 1
| #define HAVE_ARPA_INET_H 1
| #define HAVE_FCNTL_H 1
| #define HAVE_INTTYPES_H 1
| #define HAVE_LIBINTL_H 1
| #define HAVE_LIBINTL_H 1
| #define HAVE_NETDB_H 1
| #define HAVE_NETINET_IN_H 1
| #define HAVE_POLL_H 1
| #define HAVE_PWD_H 1
| #define HAVE_STDDEF_H 1
| #define HAVE_STDLIB_H 1
| #define HAVE_SYS_PARAM_H 1
| #define HAVE_SYS_SOCKET_H 1
| #define HAVE_SYS_TIME_H 1
| #define HAVE_SYS_TYPES_H 1
| #define HAVE_UNISTD_H 1
| /* end confdefs.h.  */
| #include <stddef.h>
| #ifdef HAVE_STDIO_H
| # include <stdio.h>
| #endif
| #ifdef HAVE_STDLIB_H
| # include <stdlib.h>
| #endif
| #ifdef HAVE_STRING_H
| # include <string.h>
| #endif
| #ifdef HAVE_INTTYPES_H
| # include <inttypes.h>
| #endif
| #ifdef HAVE_STDINT_H
| # include <stdint.h>
| #endif
| #ifdef HAVE_STRINGS_H
| # include <strings.h>
| #endif
| #ifdef HAVE_SYS_TYPES_H
| # include <sys/types.h>
| #endif
| #ifdef HAVE_SYS_STAT_H
| # include <sys/stat.h>
| #endif
| #ifdef HAVE_UNISTD_H
| # include <unistd.h>
| #endif
| int
| main (void)
| {
| if (sizeof ((_Bool)))
| 	    return 0;
|   ;
|   return 0;
| }
configure:6300: result: yes
configure:6309: checking for stdbool.h that conforms to C99
configure:6425: gcc -c -g -O2 -I/usr/local/opt/qt@5/include -I/include conftest.c >&5
conftest.c:129:25: warning: address of 's' will always evaluate to 'true' [-Wpointer-bool-conversion]
             bool ps = &s;
                  ~~    ^
conftest.c:134:28: warning: address of 't' will always evaluate to 'true' [-Wpointer-bool-conversion]
               _Bool pt = &t;
                     ~~    ^
conftest.c:144:55: warning: address of array 'y' will always evaluate to 'true' [-Wpointer-bool-conversion]
                                                     ~^
conftest.c:144:50: warning: address of array 'x' will always evaluate to 'true' [-Wpointer-bool-conversion]
                                                ~^
conftest.c:144:45: warning: address of array 'w' will always evaluate to 'true' [-Wpointer-bool-conversion]
                                           ~^
conftest.c:144:40: warning: address of array 'v' will always evaluate to 'true' [-Wpointer-bool-conversion]
                                      ~^
conftest.c:144:35: warning: address of array 'u' will always evaluate to 'true' [-Wpointer-bool-conversion]
                                 ~^
conftest.c:144:30: warning: address of array 'r' will always evaluate to 'true' [-Wpointer-bool-conversion]
                            ~^
conftest.c:144:25: warning: address of array 'q' will always evaluate to 'true' [-Wpointer-bool-conversion]
                       ~^
conftest.c:142:40: warning: address of array 'o' will always evaluate to 'true' [-Wpointer-bool-conversion]
                                      ~^
conftest.c:142:35: warning: address of array 'n' will always evaluate to 'true' [-Wpointer-bool-conversion]
                                 ~^
conftest.c:142:30: warning: address of array 'm' will always evaluate to 'true' [-Wpointer-bool-conversion]
                            ~^
conftest.c:142:25: warning: address of array 'l' will always evaluate to 'true' [-Wpointer-bool-conversion]
                       ~^
conftest.c:141:73: warning: address of array 'k' will always evaluate to 'true' [-Wpointer-bool-conversion]
             return (!a + !b + !c + !d + !e + !f + !g + !h + !i + !j + !k
                                                                       ~^
conftest.c:141:68: warning: address of array 'j' will always evaluate to 'true' [-Wpointer-bool-conversion]
             return (!a + !b + !c + !d + !e + !f + !g + !h + !i + !j + !k
                                                                  ~^
conftest.c:141:63: warning: address of array 'i' will always evaluate to 'true' [-Wpointer-bool-conversion]
             return (!a + !b + !c + !d + !e + !f + !g + !h + !i + !j + !k
                                                             ~^
conftest.c:141:38: warning: address of array 'd' will always evaluate to 'true' [-Wpointer-bool-conversion]
             return (!a + !b + !c + !d + !e + !f + !g + !h + !i + !j + !k
                                    ~^
conftest.c:141:33: warning: address of array 'c' will always evaluate to 'true' [-Wpointer-bool-conversion]
             return (!a + !b + !c + !d + !e + !f + !g + !h + !i + !j + !k
                               ~^
conftest.c:141:28: warning: address of array 'b' will always evaluate to 'true' [-Wpointer-bool-conversion]
             return (!a + !b + !c + !d + !e + !f + !g + !h + !i + !j + !k
                          ~^
conftest.c:141:23: warning: address of array 'a' will always evaluate to 'true' [-Wpointer-bool-conversion]
             return (!a + !b + !c + !d + !e + !f + !g + !h + !i + !j + !k
                     ~^
20 warnings generated.
configure:6425: $? = 0
configure:6433: result: yes
configure:6442: checking for an ANSI C-conforming const
configure:6509: gcc -c -g -O2 -I/usr/local/opt/qt@5/include -I/include conftest.c >&5
configure:6509: $? = 0
configure:6517: result: yes
configure:6525: checking for inline
configure:6542: gcc -c -g -O2 -I/usr/local/opt/qt@5/include -I/include conftest.c >&5
configure:6542: $? = 0
configure:6551: result: inline
configure:6569: checking for int16_t
configure:6569: gcc -c -g -O2 -I/usr/local/opt/qt@5/include -I/include conftest.c >&5
configure:6569: $? = 0
configure:6569: gcc -c -g -O2 -I/usr/local/opt/qt@5/include -I/include conftest.c >&5
conftest.c:77:24: error: 'test_array' declared as an array with a negative size
static int test_array [1 - 2 * !((int16_t) (((((int16_t) 1 << N) << N) - 1) * 2 + 1)
                       ^~~~~~~~~~~~~~~~~~~~~~~~~~~~~~~~~~~~~~~~~~~~~~~~~~~~~~~~~~~~~
1 error generated.
configure:6569: $? = 1
configure: failed program was:
| /* confdefs.h */
| #define PACKAGE_NAME "RCSSServer"
| #define PACKAGE_TARNAME "rcssserver"
| #define PACKAGE_VERSION "19.0.0"
| #define PACKAGE_STRING "RCSSServer 19.0.0"
| #define PACKAGE_BUGREPORT "https://github.com/rcsoccersim/"
| #define PACKAGE_URL ""
| #define PACKAGE "rcssserver"
| #define VERSION "19.0.0"
| #define HAVE_LIBM 1
| #define HAVE_STDIO_H 1
| #define HAVE_STDLIB_H 1
| #define HAVE_STRING_H 1
| #define HAVE_INTTYPES_H 1
| #define HAVE_STDINT_H 1
| #define HAVE_STRINGS_H 1
| #define HAVE_SYS_STAT_H 1
| #define HAVE_SYS_TYPES_H 1
| #define HAVE_UNISTD_H 1
| #define HAVE_SYS_SELECT_H 1
| #define HAVE_SYS_SOCKET_H 1
| #define STDC_HEADERS 1
| #define HAVE_LIBZ 1
| #define HAVE_ALLOCA_H 1
| #define HAVE_ALLOCA 1
| #define HAVE_ARPA_INET_H 1
| #define HAVE_FCNTL_H 1
| #define HAVE_INTTYPES_H 1
| #define HAVE_LIBINTL_H 1
| #define HAVE_LIBINTL_H 1
| #define HAVE_NETDB_H 1
| #define HAVE_NETINET_IN_H 1
| #define HAVE_POLL_H 1
| #define HAVE_PWD_H 1
| #define HAVE_STDDEF_H 1
| #define HAVE_STDLIB_H 1
| #define HAVE_SYS_PARAM_H 1
| #define HAVE_SYS_SOCKET_H 1
| #define HAVE_SYS_TIME_H 1
| #define HAVE_SYS_TYPES_H 1
| #define HAVE_UNISTD_H 1
| #define HAVE__BOOL 1
| #define HAVE_STDBOOL_H 1
| /* end confdefs.h.  */
| #include <stddef.h>
| #ifdef HAVE_STDIO_H
| # include <stdio.h>
| #endif
| #ifdef HAVE_STDLIB_H
| # include <stdlib.h>
| #endif
| #ifdef HAVE_STRING_H
| # include <string.h>
| #endif
| #ifdef HAVE_INTTYPES_H
| # include <inttypes.h>
| #endif
| #ifdef HAVE_STDINT_H
| # include <stdint.h>
| #endif
| #ifdef HAVE_STRINGS_H
| # include <strings.h>
| #endif
| #ifdef HAVE_SYS_TYPES_H
| # include <sys/types.h>
| #endif
| #ifdef HAVE_SYS_STAT_H
| # include <sys/stat.h>
| #endif
| #ifdef HAVE_UNISTD_H
| # include <unistd.h>
| #endif
| 	        enum { N = 16 / 2 - 1 };
| int
| main (void)
| {
| static int test_array [1 - 2 * !((int16_t) (((((int16_t) 1 << N) << N) - 1) * 2 + 1)
| 		 < (int16_t) (((((int16_t) 1 << N) << N) - 1) * 2 + 2))];
| test_array [0] = 0;
| return test_array [0];
| 
|   ;
|   return 0;
| }
configure:6569: result: yes
configure:6578: checking for int32_t
configure:6578: gcc -c -g -O2 -I/usr/local/opt/qt@5/include -I/include conftest.c >&5
configure:6578: $? = 0
configure:6578: gcc -c -g -O2 -I/usr/local/opt/qt@5/include -I/include conftest.c >&5
conftest.c:78:53: warning: overflow in expression; result is -2147483648 with type 'int' [-Winteger-overflow]
                 < (int32_t) (((((int32_t) 1 << N) << N) - 1) * 2 + 2))];
                                                                  ^
conftest.c:77:24: error: 'test_array' declared as an array with a negative size
static int test_array [1 - 2 * !((int32_t) (((((int32_t) 1 << N) << N) - 1) * 2 + 1)
                       ^~~~~~~~~~~~~~~~~~~~~~~~~~~~~~~~~~~~~~~~~~~~~~~~~~~~~~~~~~~~~
1 warning and 1 error generated.
configure:6578: $? = 1
configure: failed program was:
| /* confdefs.h */
| #define PACKAGE_NAME "RCSSServer"
| #define PACKAGE_TARNAME "rcssserver"
| #define PACKAGE_VERSION "19.0.0"
| #define PACKAGE_STRING "RCSSServer 19.0.0"
| #define PACKAGE_BUGREPORT "https://github.com/rcsoccersim/"
| #define PACKAGE_URL ""
| #define PACKAGE "rcssserver"
| #define VERSION "19.0.0"
| #define HAVE_LIBM 1
| #define HAVE_STDIO_H 1
| #define HAVE_STDLIB_H 1
| #define HAVE_STRING_H 1
| #define HAVE_INTTYPES_H 1
| #define HAVE_STDINT_H 1
| #define HAVE_STRINGS_H 1
| #define HAVE_SYS_STAT_H 1
| #define HAVE_SYS_TYPES_H 1
| #define HAVE_UNISTD_H 1
| #define HAVE_SYS_SELECT_H 1
| #define HAVE_SYS_SOCKET_H 1
| #define STDC_HEADERS 1
| #define HAVE_LIBZ 1
| #define HAVE_ALLOCA_H 1
| #define HAVE_ALLOCA 1
| #define HAVE_ARPA_INET_H 1
| #define HAVE_FCNTL_H 1
| #define HAVE_INTTYPES_H 1
| #define HAVE_LIBINTL_H 1
| #define HAVE_LIBINTL_H 1
| #define HAVE_NETDB_H 1
| #define HAVE_NETINET_IN_H 1
| #define HAVE_POLL_H 1
| #define HAVE_PWD_H 1
| #define HAVE_STDDEF_H 1
| #define HAVE_STDLIB_H 1
| #define HAVE_SYS_PARAM_H 1
| #define HAVE_SYS_SOCKET_H 1
| #define HAVE_SYS_TIME_H 1
| #define HAVE_SYS_TYPES_H 1
| #define HAVE_UNISTD_H 1
| #define HAVE__BOOL 1
| #define HAVE_STDBOOL_H 1
| /* end confdefs.h.  */
| #include <stddef.h>
| #ifdef HAVE_STDIO_H
| # include <stdio.h>
| #endif
| #ifdef HAVE_STDLIB_H
| # include <stdlib.h>
| #endif
| #ifdef HAVE_STRING_H
| # include <string.h>
| #endif
| #ifdef HAVE_INTTYPES_H
| # include <inttypes.h>
| #endif
| #ifdef HAVE_STDINT_H
| # include <stdint.h>
| #endif
| #ifdef HAVE_STRINGS_H
| # include <strings.h>
| #endif
| #ifdef HAVE_SYS_TYPES_H
| # include <sys/types.h>
| #endif
| #ifdef HAVE_SYS_STAT_H
| # include <sys/stat.h>
| #endif
| #ifdef HAVE_UNISTD_H
| # include <unistd.h>
| #endif
| 	        enum { N = 32 / 2 - 1 };
| int
| main (void)
| {
| static int test_array [1 - 2 * !((int32_t) (((((int32_t) 1 << N) << N) - 1) * 2 + 1)
| 		 < (int32_t) (((((int32_t) 1 << N) << N) - 1) * 2 + 2))];
| test_array [0] = 0;
| return test_array [0];
| 
|   ;
|   return 0;
| }
configure:6578: result: yes
configure:6587: checking for int8_t
configure:6587: gcc -c -g -O2 -I/usr/local/opt/qt@5/include -I/include conftest.c >&5
configure:6587: $? = 0
configure:6587: gcc -c -g -O2 -I/usr/local/opt/qt@5/include -I/include conftest.c >&5
conftest.c:77:24: error: 'test_array' declared as an array with a negative size
static int test_array [1 - 2 * !((int8_t) (((((int8_t) 1 << N) << N) - 1) * 2 + 1)
                       ^~~~~~~~~~~~~~~~~~~~~~~~~~~~~~~~~~~~~~~~~~~~~~~~~~~~~~~~~~~
1 error generated.
configure:6587: $? = 1
configure: failed program was:
| /* confdefs.h */
| #define PACKAGE_NAME "RCSSServer"
| #define PACKAGE_TARNAME "rcssserver"
| #define PACKAGE_VERSION "19.0.0"
| #define PACKAGE_STRING "RCSSServer 19.0.0"
| #define PACKAGE_BUGREPORT "https://github.com/rcsoccersim/"
| #define PACKAGE_URL ""
| #define PACKAGE "rcssserver"
| #define VERSION "19.0.0"
| #define HAVE_LIBM 1
| #define HAVE_STDIO_H 1
| #define HAVE_STDLIB_H 1
| #define HAVE_STRING_H 1
| #define HAVE_INTTYPES_H 1
| #define HAVE_STDINT_H 1
| #define HAVE_STRINGS_H 1
| #define HAVE_SYS_STAT_H 1
| #define HAVE_SYS_TYPES_H 1
| #define HAVE_UNISTD_H 1
| #define HAVE_SYS_SELECT_H 1
| #define HAVE_SYS_SOCKET_H 1
| #define STDC_HEADERS 1
| #define HAVE_LIBZ 1
| #define HAVE_ALLOCA_H 1
| #define HAVE_ALLOCA 1
| #define HAVE_ARPA_INET_H 1
| #define HAVE_FCNTL_H 1
| #define HAVE_INTTYPES_H 1
| #define HAVE_LIBINTL_H 1
| #define HAVE_LIBINTL_H 1
| #define HAVE_NETDB_H 1
| #define HAVE_NETINET_IN_H 1
| #define HAVE_POLL_H 1
| #define HAVE_PWD_H 1
| #define HAVE_STDDEF_H 1
| #define HAVE_STDLIB_H 1
| #define HAVE_SYS_PARAM_H 1
| #define HAVE_SYS_SOCKET_H 1
| #define HAVE_SYS_TIME_H 1
| #define HAVE_SYS_TYPES_H 1
| #define HAVE_UNISTD_H 1
| #define HAVE__BOOL 1
| #define HAVE_STDBOOL_H 1
| /* end confdefs.h.  */
| #include <stddef.h>
| #ifdef HAVE_STDIO_H
| # include <stdio.h>
| #endif
| #ifdef HAVE_STDLIB_H
| # include <stdlib.h>
| #endif
| #ifdef HAVE_STRING_H
| # include <string.h>
| #endif
| #ifdef HAVE_INTTYPES_H
| # include <inttypes.h>
| #endif
| #ifdef HAVE_STDINT_H
| # include <stdint.h>
| #endif
| #ifdef HAVE_STRINGS_H
| # include <strings.h>
| #endif
| #ifdef HAVE_SYS_TYPES_H
| # include <sys/types.h>
| #endif
| #ifdef HAVE_SYS_STAT_H
| # include <sys/stat.h>
| #endif
| #ifdef HAVE_UNISTD_H
| # include <unistd.h>
| #endif
| 	        enum { N = 8 / 2 - 1 };
| int
| main (void)
| {
| static int test_array [1 - 2 * !((int8_t) (((((int8_t) 1 << N) << N) - 1) * 2 + 1)
| 		 < (int8_t) (((((int8_t) 1 << N) << N) - 1) * 2 + 2))];
| test_array [0] = 0;
| return test_array [0];
| 
|   ;
|   return 0;
| }
configure:6587: result: yes
configure:6596: checking for size_t
configure:6596: result: yes
configure:6607: checking whether struct tm is in sys/time.h or time.h
configure:6628: gcc -c -g -O2 -I/usr/local/opt/qt@5/include -I/include conftest.c >&5
configure:6628: $? = 0
configure:6636: result: time.h
configure:6644: checking for uint16_t
configure:6644: gcc -c -g -O2 -I/usr/local/opt/qt@5/include -I/include conftest.c >&5
configure:6644: $? = 0
configure:6644: result: yes
configure:6654: checking for uint32_t
configure:6654: gcc -c -g -O2 -I/usr/local/opt/qt@5/include -I/include conftest.c >&5
configure:6654: $? = 0
configure:6654: result: yes
configure:6666: checking for uint8_t
configure:6666: gcc -c -g -O2 -I/usr/local/opt/qt@5/include -I/include conftest.c >&5
configure:6666: $? = 0
configure:6666: result: yes
configure:6678: checking for ptrdiff_t
configure:6678: gcc -c -g -O2 -I/usr/local/opt/qt@5/include -I/include conftest.c >&5
configure:6678: $? = 0
configure:6678: gcc -c -g -O2 -I/usr/local/opt/qt@5/include -I/include conftest.c >&5
conftest.c:76:24: error: expected expression
if (sizeof ((ptrdiff_t)))
                       ^
1 error generated.
configure:6678: $? = 1
configure: failed program was:
| /* confdefs.h */
| #define PACKAGE_NAME "RCSSServer"
| #define PACKAGE_TARNAME "rcssserver"
| #define PACKAGE_VERSION "19.0.0"
| #define PACKAGE_STRING "RCSSServer 19.0.0"
| #define PACKAGE_BUGREPORT "https://github.com/rcsoccersim/"
| #define PACKAGE_URL ""
| #define PACKAGE "rcssserver"
| #define VERSION "19.0.0"
| #define HAVE_LIBM 1
| #define HAVE_STDIO_H 1
| #define HAVE_STDLIB_H 1
| #define HAVE_STRING_H 1
| #define HAVE_INTTYPES_H 1
| #define HAVE_STDINT_H 1
| #define HAVE_STRINGS_H 1
| #define HAVE_SYS_STAT_H 1
| #define HAVE_SYS_TYPES_H 1
| #define HAVE_UNISTD_H 1
| #define HAVE_SYS_SELECT_H 1
| #define HAVE_SYS_SOCKET_H 1
| #define STDC_HEADERS 1
| #define HAVE_LIBZ 1
| #define HAVE_ALLOCA_H 1
| #define HAVE_ALLOCA 1
| #define HAVE_ARPA_INET_H 1
| #define HAVE_FCNTL_H 1
| #define HAVE_INTTYPES_H 1
| #define HAVE_LIBINTL_H 1
| #define HAVE_LIBINTL_H 1
| #define HAVE_NETDB_H 1
| #define HAVE_NETINET_IN_H 1
| #define HAVE_POLL_H 1
| #define HAVE_PWD_H 1
| #define HAVE_STDDEF_H 1
| #define HAVE_STDLIB_H 1
| #define HAVE_SYS_PARAM_H 1
| #define HAVE_SYS_SOCKET_H 1
| #define HAVE_SYS_TIME_H 1
| #define HAVE_SYS_TYPES_H 1
| #define HAVE_UNISTD_H 1
| #define HAVE__BOOL 1
| #define HAVE_STDBOOL_H 1
| /* end confdefs.h.  */
| #include <stddef.h>
| #ifdef HAVE_STDIO_H
| # include <stdio.h>
| #endif
| #ifdef HAVE_STDLIB_H
| # include <stdlib.h>
| #endif
| #ifdef HAVE_STRING_H
| # include <string.h>
| #endif
| #ifdef HAVE_INTTYPES_H
| # include <inttypes.h>
| #endif
| #ifdef HAVE_STDINT_H
| # include <stdint.h>
| #endif
| #ifdef HAVE_STRINGS_H
| # include <strings.h>
| #endif
| #ifdef HAVE_SYS_TYPES_H
| # include <sys/types.h>
| #endif
| #ifdef HAVE_SYS_STAT_H
| # include <sys/stat.h>
| #endif
| #ifdef HAVE_UNISTD_H
| # include <unistd.h>
| #endif
| int
| main (void)
| {
| if (sizeof ((ptrdiff_t)))
| 	    return 0;
|   ;
|   return 0;
| }
configure:6678: result: yes
configure:6688: checking for socklen_t
configure:6688: gcc -c -g -O2 -I/usr/local/opt/qt@5/include -I/include conftest.c >&5
configure:6688: $? = 0
configure:6688: gcc -c -g -O2 -I/usr/local/opt/qt@5/include -I/include conftest.c >&5
conftest.c:54:24: error: expected expression
if (sizeof ((socklen_t)))
                       ^
1 error generated.
configure:6688: $? = 1
configure: failed program was:
| /* confdefs.h */
| #define PACKAGE_NAME "RCSSServer"
| #define PACKAGE_TARNAME "rcssserver"
| #define PACKAGE_VERSION "19.0.0"
| #define PACKAGE_STRING "RCSSServer 19.0.0"
| #define PACKAGE_BUGREPORT "https://github.com/rcsoccersim/"
| #define PACKAGE_URL ""
| #define PACKAGE "rcssserver"
| #define VERSION "19.0.0"
| #define HAVE_LIBM 1
| #define HAVE_STDIO_H 1
| #define HAVE_STDLIB_H 1
| #define HAVE_STRING_H 1
| #define HAVE_INTTYPES_H 1
| #define HAVE_STDINT_H 1
| #define HAVE_STRINGS_H 1
| #define HAVE_SYS_STAT_H 1
| #define HAVE_SYS_TYPES_H 1
| #define HAVE_UNISTD_H 1
| #define HAVE_SYS_SELECT_H 1
| #define HAVE_SYS_SOCKET_H 1
| #define STDC_HEADERS 1
| #define HAVE_LIBZ 1
| #define HAVE_ALLOCA_H 1
| #define HAVE_ALLOCA 1
| #define HAVE_ARPA_INET_H 1
| #define HAVE_FCNTL_H 1
| #define HAVE_INTTYPES_H 1
| #define HAVE_LIBINTL_H 1
| #define HAVE_LIBINTL_H 1
| #define HAVE_NETDB_H 1
| #define HAVE_NETINET_IN_H 1
| #define HAVE_POLL_H 1
| #define HAVE_PWD_H 1
| #define HAVE_STDDEF_H 1
| #define HAVE_STDLIB_H 1
| #define HAVE_SYS_PARAM_H 1
| #define HAVE_SYS_SOCKET_H 1
| #define HAVE_SYS_TIME_H 1
| #define HAVE_SYS_TYPES_H 1
| #define HAVE_UNISTD_H 1
| #define HAVE__BOOL 1
| #define HAVE_STDBOOL_H 1
| #define HAVE_PTRDIFF_T 1
| /* end confdefs.h.  */
| 
| #include <sys/types.h>
| #include <sys/socket.h>
| 
| 
| int
| main (void)
| {
| if (sizeof ((socklen_t)))
| 	    return 0;
|   ;
|   return 0;
| }
configure:6688: result: yes
configure:6708: checking for pid_t
configure:6708: gcc -c -g -O2 -I/usr/local/opt/qt@5/include -I/include conftest.c >&5
configure:6708: $? = 0
configure:6708: gcc -c -g -O2 -I/usr/local/opt/qt@5/include -I/include conftest.c >&5
conftest.c:79:20: error: expected expression
if (sizeof ((pid_t)))
                   ^
1 error generated.
configure:6708: $? = 1
configure: failed program was:
| /* confdefs.h */
| #define PACKAGE_NAME "RCSSServer"
| #define PACKAGE_TARNAME "rcssserver"
| #define PACKAGE_VERSION "19.0.0"
| #define PACKAGE_STRING "RCSSServer 19.0.0"
| #define PACKAGE_BUGREPORT "https://github.com/rcsoccersim/"
| #define PACKAGE_URL ""
| #define PACKAGE "rcssserver"
| #define VERSION "19.0.0"
| #define HAVE_LIBM 1
| #define HAVE_STDIO_H 1
| #define HAVE_STDLIB_H 1
| #define HAVE_STRING_H 1
| #define HAVE_INTTYPES_H 1
| #define HAVE_STDINT_H 1
| #define HAVE_STRINGS_H 1
| #define HAVE_SYS_STAT_H 1
| #define HAVE_SYS_TYPES_H 1
| #define HAVE_UNISTD_H 1
| #define HAVE_SYS_SELECT_H 1
| #define HAVE_SYS_SOCKET_H 1
| #define STDC_HEADERS 1
| #define HAVE_LIBZ 1
| #define HAVE_ALLOCA_H 1
| #define HAVE_ALLOCA 1
| #define HAVE_ARPA_INET_H 1
| #define HAVE_FCNTL_H 1
| #define HAVE_INTTYPES_H 1
| #define HAVE_LIBINTL_H 1
| #define HAVE_LIBINTL_H 1
| #define HAVE_NETDB_H 1
| #define HAVE_NETINET_IN_H 1
| #define HAVE_POLL_H 1
| #define HAVE_PWD_H 1
| #define HAVE_STDDEF_H 1
| #define HAVE_STDLIB_H 1
| #define HAVE_SYS_PARAM_H 1
| #define HAVE_SYS_SOCKET_H 1
| #define HAVE_SYS_TIME_H 1
| #define HAVE_SYS_TYPES_H 1
| #define HAVE_UNISTD_H 1
| #define HAVE__BOOL 1
| #define HAVE_STDBOOL_H 1
| #define HAVE_PTRDIFF_T 1
| #define HAVE_SOCKLEN_T 1
| /* end confdefs.h.  */
| #include <stddef.h>
| #ifdef HAVE_STDIO_H
| # include <stdio.h>
| #endif
| #ifdef HAVE_STDLIB_H
| # include <stdlib.h>
| #endif
| #ifdef HAVE_STRING_H
| # include <string.h>
| #endif
| #ifdef HAVE_INTTYPES_H
| # include <inttypes.h>
| #endif
| #ifdef HAVE_STDINT_H
| # include <stdint.h>
| #endif
| #ifdef HAVE_STRINGS_H
| # include <strings.h>
| #endif
| #ifdef HAVE_SYS_TYPES_H
| # include <sys/types.h>
| #endif
| #ifdef HAVE_SYS_STAT_H
| # include <sys/stat.h>
| #endif
| #ifdef HAVE_UNISTD_H
| # include <unistd.h>
| #endif
| 
| int
| main (void)
| {
| if (sizeof ((pid_t)))
| 	    return 0;
|   ;
|   return 0;
| }
configure:6708: result: yes
configure:6749: checking for fork
configure:6749: gcc -o conftest -g -O2 -I/usr/local/opt/qt@5/include -I/include -L/usr/local/opt/qt@5/lib -L/lib conftest.c -lz -lm  >&5
ld: warning: directory not found for option '-L/lib'
configure:6749: $? = 0
configure:6749: result: yes
configure:6749: checking for vfork
configure:6749: gcc -o conftest -g -O2 -I/usr/local/opt/qt@5/include -I/include -L/usr/local/opt/qt@5/lib -L/lib conftest.c -lz -lm  >&5
conftest.c:64:6: warning: incompatible redeclaration of library function 'vfork' [-Wincompatible-library-redeclaration]
char vfork ();
     ^
conftest.c:64:6: note: 'vfork' is a builtin with type 'int (void)'
1 warning generated.
ld: warning: directory not found for option '-L/lib'
configure:6749: $? = 0
configure:6749: result: yes
configure:6762: checking for working fork
configure:6786: gcc -o conftest -g -O2 -I/usr/local/opt/qt@5/include -I/include -L/usr/local/opt/qt@5/lib -L/lib conftest.c -lz -lm  >&5
ld: warning: directory not found for option '-L/lib'
configure:6786: $? = 0
configure:6786: ./conftest
configure:6786: $? = 0
configure:6797: result: yes
configure:6818: checking for working vfork
configure:6947: result: yes
configure:6978: checking build system type
configure:6993: result: x86_64-apple-darwin24.4.0
configure:7013: checking host system type
configure:7027: result: x86_64-apple-darwin24.4.0
configure:7047: checking for GNU libc compatible malloc
configure:7079: gcc -o conftest -g -O2 -I/usr/local/opt/qt@5/include -I/include -L/usr/local/opt/qt@5/lib -L/lib conftest.c -lz -lm  >&5
ld: warning: directory not found for option '-L/lib'
configure:7079: $? = 0
configure:7079: ./conftest
configure:7079: $? = 0
configure:7090: result: yes
configure:7112: checking for GNU libc compatible realloc
configure:7144: gcc -o conftest -g -O2 -I/usr/local/opt/qt@5/include -I/include -L/usr/local/opt/qt@5/lib -L/lib conftest.c -lz -lm  >&5
ld: warning: directory not found for option '-L/lib'
configure:7144: $? = 0
configure:7144: ./conftest
configure:7144: $? = 0
configure:7155: result: yes
configure:7177: checking return type of signal handlers
configure:7196: gcc -c -g -O2 -I/usr/local/opt/qt@5/include -I/include conftest.c >&5
conftest.c:59:8: error: indirection requires pointer operand ('void' invalid)
return *(signal (0, 0)) (0) == 1;
       ^~~~~~~~~~~~~~~~~~~~
1 error generated.
configure:7196: $? = 1
configure: failed program was:
| /* confdefs.h */
| #define PACKAGE_NAME "RCSSServer"
| #define PACKAGE_TARNAME "rcssserver"
| #define PACKAGE_VERSION "19.0.0"
| #define PACKAGE_STRING "RCSSServer 19.0.0"
| #define PACKAGE_BUGREPORT "https://github.com/rcsoccersim/"
| #define PACKAGE_URL ""
| #define PACKAGE "rcssserver"
| #define VERSION "19.0.0"
| #define HAVE_LIBM 1
| #define HAVE_STDIO_H 1
| #define HAVE_STDLIB_H 1
| #define HAVE_STRING_H 1
| #define HAVE_INTTYPES_H 1
| #define HAVE_STDINT_H 1
| #define HAVE_STRINGS_H 1
| #define HAVE_SYS_STAT_H 1
| #define HAVE_SYS_TYPES_H 1
| #define HAVE_UNISTD_H 1
| #define HAVE_SYS_SELECT_H 1
| #define HAVE_SYS_SOCKET_H 1
| #define STDC_HEADERS 1
| #define HAVE_LIBZ 1
| #define HAVE_ALLOCA_H 1
| #define HAVE_ALLOCA 1
| #define HAVE_ARPA_INET_H 1
| #define HAVE_FCNTL_H 1
| #define HAVE_INTTYPES_H 1
| #define HAVE_LIBINTL_H 1
| #define HAVE_LIBINTL_H 1
| #define HAVE_NETDB_H 1
| #define HAVE_NETINET_IN_H 1
| #define HAVE_POLL_H 1
| #define HAVE_PWD_H 1
| #define HAVE_STDDEF_H 1
| #define HAVE_STDLIB_H 1
| #define HAVE_SYS_PARAM_H 1
| #define HAVE_SYS_SOCKET_H 1
| #define HAVE_SYS_TIME_H 1
| #define HAVE_SYS_TYPES_H 1
| #define HAVE_UNISTD_H 1
| #define HAVE__BOOL 1
| #define HAVE_STDBOOL_H 1
| #define HAVE_PTRDIFF_T 1
| #define HAVE_SOCKLEN_T 1
| #define HAVE_FORK 1
| #define HAVE_VFORK 1
| #define HAVE_WORKING_VFORK 1
| #define HAVE_WORKING_FORK 1
| #define HAVE_MALLOC 1
| #define HAVE_REALLOC 1
| /* end confdefs.h.  */
| #include <sys/types.h>
| #include <signal.h>
| 
| int
| main (void)
| {
| return *(signal (0, 0)) (0) == 1;
|   ;
|   return 0;
| }
configure:7204: result: void
configure:7213: checking for strftime
configure:7213: gcc -o conftest -g -O2 -I/usr/local/opt/qt@5/include -I/include -L/usr/local/opt/qt@5/lib -L/lib conftest.c -lz -lm  >&5
ld: warning: directory not found for option '-L/lib'
configure:7213: $? = 0
configure:7213: result: yes
configure:7265: checking for floor
configure:7265: gcc -o conftest -g -O2 -I/usr/local/opt/qt@5/include -I/include -L/usr/local/opt/qt@5/lib -L/lib conftest.c -lz -lm  >&5
conftest.c:71:6: warning: incompatible redeclaration of library function 'floor' [-Wincompatible-library-redeclaration]
char floor ();
     ^
conftest.c:71:6: note: 'floor' is a builtin with type 'double (double)'
1 warning generated.
ld: warning: directory not found for option '-L/lib'
configure:7265: $? = 0
configure:7265: result: yes
configure:7271: checking for gethostbyname
configure:7271: gcc -o conftest -g -O2 -I/usr/local/opt/qt@5/include -I/include -L/usr/local/opt/qt@5/lib -L/lib conftest.c -lz -lm  >&5
ld: warning: directory not found for option '-L/lib'
configure:7271: $? = 0
configure:7271: result: yes
configure:7277: checking for gettimeofday
configure:7277: gcc -o conftest -g -O2 -I/usr/local/opt/qt@5/include -I/include -L/usr/local/opt/qt@5/lib -L/lib conftest.c -lz -lm  >&5
ld: warning: directory not found for option '-L/lib'
configure:7277: $? = 0
configure:7277: result: yes
configure:7283: checking for inet_ntoa
configure:7283: gcc -o conftest -g -O2 -I/usr/local/opt/qt@5/include -I/include -L/usr/local/opt/qt@5/lib -L/lib conftest.c -lz -lm  >&5
ld: warning: directory not found for option '-L/lib'
configure:7283: $? = 0
configure:7283: result: yes
configure:7289: checking for memset
configure:7289: gcc -o conftest -g -O2 -I/usr/local/opt/qt@5/include -I/include -L/usr/local/opt/qt@5/lib -L/lib conftest.c -lz -lm  >&5
conftest.c:75:6: warning: incompatible redeclaration of library function 'memset' [-Wincompatible-library-redeclaration]
char memset ();
     ^
conftest.c:75:6: note: 'memset' is a builtin with type 'void *(void *, int, unsigned long)'
1 warning generated.
ld: warning: directory not found for option '-L/lib'
configure:7289: $? = 0
configure:7289: result: yes
configure:7295: checking for mkdir
configure:7295: gcc -o conftest -g -O2 -I/usr/local/opt/qt@5/include -I/include -L/usr/local/opt/qt@5/lib -L/lib conftest.c -lz -lm  >&5
ld: warning: directory not found for option '-L/lib'
configure:7295: $? = 0
configure:7295: result: yes
configure:7301: checking for pow
configure:7301: gcc -o conftest -g -O2 -I/usr/local/opt/qt@5/include -I/include -L/usr/local/opt/qt@5/lib -L/lib conftest.c -lz -lm  >&5
conftest.c:77:6: warning: incompatible redeclaration of library function 'pow' [-Wincompatible-library-redeclaration]
char pow ();
     ^
conftest.c:77:6: note: 'pow' is a builtin with type 'double (double, double)'
1 warning generated.
ld: warning: directory not found for option '-L/lib'
configure:7301: $? = 0
configure:7301: result: yes
configure:7307: checking for rint
configure:7307: gcc -o conftest -g -O2 -I/usr/local/opt/qt@5/include -I/include -L/usr/local/opt/qt@5/lib -L/lib conftest.c -lz -lm  >&5
conftest.c:78:6: warning: incompatible redeclaration of library function 'rint' [-Wincompatible-library-redeclaration]
char rint ();
     ^
conftest.c:78:6: note: 'rint' is a builtin with type 'double (double)'
1 warning generated.
ld: warning: directory not found for option '-L/lib'
configure:7307: $? = 0
configure:7307: result: yes
configure:7314: checking for select
configure:7314: gcc -o conftest -g -O2 -I/usr/local/opt/qt@5/include -I/include -L/usr/local/opt/qt@5/lib -L/lib conftest.c -lz -lm  >&5
ld: warning: directory not found for option '-L/lib'
configure:7314: $? = 0
configure:7314: result: yes
configure:7320: checking for socket
configure:7320: gcc -o conftest -g -O2 -I/usr/local/opt/qt@5/include -I/include -L/usr/local/opt/qt@5/lib -L/lib conftest.c -lz -lm  >&5
ld: warning: directory not found for option '-L/lib'
configure:7320: $? = 0
configure:7320: result: yes
configure:7326: checking for sqrt
configure:7326: gcc -o conftest -g -O2 -I/usr/local/opt/qt@5/include -I/include -L/usr/local/opt/qt@5/lib -L/lib conftest.c -lz -lm  >&5
conftest.c:81:6: warning: incompatible redeclaration of library function 'sqrt' [-Wincompatible-library-redeclaration]
char sqrt ();
     ^
conftest.c:81:6: note: 'sqrt' is a builtin with type 'double (double)'
1 warning generated.
ld: warning: directory not found for option '-L/lib'
configure:7326: $? = 0
configure:7326: result: yes
configure:7332: checking for strdup
configure:7332: gcc -o conftest -g -O2 -I/usr/local/opt/qt@5/include -I/include -L/usr/local/opt/qt@5/lib -L/lib conftest.c -lz -lm  >&5
conftest.c:82:6: warning: incompatible redeclaration of library function 'strdup' [-Wincompatible-library-redeclaration]
char strdup ();
     ^
conftest.c:82:6: note: 'strdup' is a builtin with type 'char *(const char *)'
1 warning generated.
ld: warning: directory not found for option '-L/lib'
configure:7332: $? = 0
configure:7332: result: yes
configure:7338: checking for strerror
configure:7338: gcc -o conftest -g -O2 -I/usr/local/opt/qt@5/include -I/include -L/usr/local/opt/qt@5/lib -L/lib conftest.c -lz -lm  >&5
conftest.c:83:6: warning: incompatible redeclaration of library function 'strerror' [-Wincompatible-library-redeclaration]
char strerror ();
     ^
conftest.c:83:6: note: 'strerror' is a builtin with type 'char *(int)'
1 warning generated.
ld: warning: directory not found for option '-L/lib'
configure:7338: $? = 0
configure:7338: result: yes
configure:7365: checking for flex
configure:7386: found /usr/bin/flex
configure:7397: result: flex
configure:7446: checking for lex output file root
configure:7459: flex conftest.l
configure:7463: $? = 0
configure:7471: result: lex.yy
configure:7486: checking for lex library
configure:7511: gcc -o conftest -g -O2 -I/usr/local/opt/qt@5/include -I/include -L/usr/local/opt/qt@5/lib -L/lib conftest.c -lz -lm  >&5
ld: warning: directory not found for option '-L/lib'
configure:7511: $? = 0
configure:7524: result: none needed
configure:7539: checking for library containing yywrap
configure:7569: gcc -o conftest -g -O2 -I/usr/local/opt/qt@5/include -I/include -L/usr/local/opt/qt@5/lib -L/lib conftest.c  >&5
ld: warning: directory not found for option '-L/lib'
Undefined symbols for architecture x86_64:
  "_yywrap", referenced from:
      _main in conftest-8d46c3.o
ld: symbol(s) not found for architecture x86_64
clang: error: linker command failed with exit code 1 (use -v to see invocation)
configure:7569: $? = 1
configure: failed program was:
| /* confdefs.h */
| #define PACKAGE_NAME "RCSSServer"
| #define PACKAGE_TARNAME "rcssserver"
| #define PACKAGE_VERSION "19.0.0"
| #define PACKAGE_STRING "RCSSServer 19.0.0"
| #define PACKAGE_BUGREPORT "https://github.com/rcsoccersim/"
| #define PACKAGE_URL ""
| #define PACKAGE "rcssserver"
| #define VERSION "19.0.0"
| #define HAVE_LIBM 1
| #define HAVE_STDIO_H 1
| #define HAVE_STDLIB_H 1
| #define HAVE_STRING_H 1
| #define HAVE_INTTYPES_H 1
| #define HAVE_STDINT_H 1
| #define HAVE_STRINGS_H 1
| #define HAVE_SYS_STAT_H 1
| #define HAVE_SYS_TYPES_H 1
| #define HAVE_UNISTD_H 1
| #define HAVE_SYS_SELECT_H 1
| #define HAVE_SYS_SOCKET_H 1
| #define STDC_HEADERS 1
| #define HAVE_LIBZ 1
| #define HAVE_ALLOCA_H 1
| #define HAVE_ALLOCA 1
| #define HAVE_ARPA_INET_H 1
| #define HAVE_FCNTL_H 1
| #define HAVE_INTTYPES_H 1
| #define HAVE_LIBINTL_H 1
| #define HAVE_LIBINTL_H 1
| #define HAVE_NETDB_H 1
| #define HAVE_NETINET_IN_H 1
| #define HAVE_POLL_H 1
| #define HAVE_PWD_H 1
| #define HAVE_STDDEF_H 1
| #define HAVE_STDLIB_H 1
| #define HAVE_SYS_PARAM_H 1
| #define HAVE_SYS_SOCKET_H 1
| #define HAVE_SYS_TIME_H 1
| #define HAVE_SYS_TYPES_H 1
| #define HAVE_UNISTD_H 1
| #define HAVE__BOOL 1
| #define HAVE_STDBOOL_H 1
| #define HAVE_PTRDIFF_T 1
| #define HAVE_SOCKLEN_T 1
| #define HAVE_FORK 1
| #define HAVE_VFORK 1
| #define HAVE_WORKING_VFORK 1
| #define HAVE_WORKING_FORK 1
| #define HAVE_MALLOC 1
| #define HAVE_REALLOC 1
| #define RETSIGTYPE void
| #define HAVE_STRFTIME 1
| #define HAVE_FLOOR 1
| #define HAVE_GETHOSTBYNAME 1
| #define HAVE_GETTIMEOFDAY 1
| #define HAVE_INET_NTOA 1
| #define HAVE_MEMSET 1
| #define HAVE_MKDIR 1
| #define HAVE_POW 1
| #define HAVE_RINT 1
| #define HAVE_SELECT 1
| #define HAVE_SOCKET 1
| #define HAVE_SQRT 1
| #define HAVE_STRDUP 1
| #define HAVE_STRERROR 1
| /* end confdefs.h.  */
| 
| /* Override any GCC internal prototype to avoid an error.
|    Use char because int might match the return type of a GCC
|    builtin and then its argument prototype would still apply.  */
| char yywrap ();
| int
| main (void)
| {
| return yywrap ();
|   ;
|   return 0;
| }
configure:7569: gcc -o conftest -g -O2 -I/usr/local/opt/qt@5/include -I/include -L/usr/local/opt/qt@5/lib -L/lib conftest.c -lfl   >&5
ld: warning: directory not found for option '-L/lib'
ld: library not found for -lfl
clang: error: linker command failed with exit code 1 (use -v to see invocation)
configure:7569: $? = 1
configure: failed program was:
| /* confdefs.h */
| #define PACKAGE_NAME "RCSSServer"
| #define PACKAGE_TARNAME "rcssserver"
| #define PACKAGE_VERSION "19.0.0"
| #define PACKAGE_STRING "RCSSServer 19.0.0"
| #define PACKAGE_BUGREPORT "https://github.com/rcsoccersim/"
| #define PACKAGE_URL ""
| #define PACKAGE "rcssserver"
| #define VERSION "19.0.0"
| #define HAVE_LIBM 1
| #define HAVE_STDIO_H 1
| #define HAVE_STDLIB_H 1
| #define HAVE_STRING_H 1
| #define HAVE_INTTYPES_H 1
| #define HAVE_STDINT_H 1
| #define HAVE_STRINGS_H 1
| #define HAVE_SYS_STAT_H 1
| #define HAVE_SYS_TYPES_H 1
| #define HAVE_UNISTD_H 1
| #define HAVE_SYS_SELECT_H 1
| #define HAVE_SYS_SOCKET_H 1
| #define STDC_HEADERS 1
| #define HAVE_LIBZ 1
| #define HAVE_ALLOCA_H 1
| #define HAVE_ALLOCA 1
| #define HAVE_ARPA_INET_H 1
| #define HAVE_FCNTL_H 1
| #define HAVE_INTTYPES_H 1
| #define HAVE_LIBINTL_H 1
| #define HAVE_LIBINTL_H 1
| #define HAVE_NETDB_H 1
| #define HAVE_NETINET_IN_H 1
| #define HAVE_POLL_H 1
| #define HAVE_PWD_H 1
| #define HAVE_STDDEF_H 1
| #define HAVE_STDLIB_H 1
| #define HAVE_SYS_PARAM_H 1
| #define HAVE_SYS_SOCKET_H 1
| #define HAVE_SYS_TIME_H 1
| #define HAVE_SYS_TYPES_H 1
| #define HAVE_UNISTD_H 1
| #define HAVE__BOOL 1
| #define HAVE_STDBOOL_H 1
| #define HAVE_PTRDIFF_T 1
| #define HAVE_SOCKLEN_T 1
| #define HAVE_FORK 1
| #define HAVE_VFORK 1
| #define HAVE_WORKING_VFORK 1
| #define HAVE_WORKING_FORK 1
| #define HAVE_MALLOC 1
| #define HAVE_REALLOC 1
| #define RETSIGTYPE void
| #define HAVE_STRFTIME 1
| #define HAVE_FLOOR 1
| #define HAVE_GETHOSTBYNAME 1
| #define HAVE_GETTIMEOFDAY 1
| #define HAVE_INET_NTOA 1
| #define HAVE_MEMSET 1
| #define HAVE_MKDIR 1
| #define HAVE_POW 1
| #define HAVE_RINT 1
| #define HAVE_SELECT 1
| #define HAVE_SOCKET 1
| #define HAVE_SQRT 1
| #define HAVE_STRDUP 1
| #define HAVE_STRERROR 1
| /* end confdefs.h.  */
| 
| /* Override any GCC internal prototype to avoid an error.
|    Use char because int might match the return type of a GCC
|    builtin and then its argument prototype would still apply.  */
| char yywrap ();
| int
| main (void)
| {
| return yywrap ();
|   ;
|   return 0;
| }
configure:7569: gcc -o conftest -g -O2 -I/usr/local/opt/qt@5/include -I/include -L/usr/local/opt/qt@5/lib -L/lib conftest.c -ll   >&5
ld: warning: directory not found for option '-L/lib'
configure:7569: $? = 0
configure:7589: result: -ll
configure:7605: checking whether yytext is a pointer
configure:7621: gcc -c -g -O2 -I/usr/local/opt/qt@5/include -I/include conftest.c >&5
configure:7621: $? = 0
configure:7628: result: yes
configure:7643: checking for grep that handles long lines and -e
configure:7707: result: /usr/bin/grep
configure:7712: checking for egrep
configure:7780: result: /usr/bin/grep -E
configure:7789: checking if flex is the lexer generator
configure:7804: result: yes
configure:7831: checking for bison
configure:7852: found /usr/local/opt/bison/bin/bison
configure:7863: result: bison -y
configure:7879: checking if bison is the parser generator
configure:7894: result: yes
configure:7980: WARNING: Libtool does not cope well with whitespace in `pwd`
configure:8025: checking how to print strings
configure:8052: result: printf
configure:8073: checking for a sed that does not truncate output
configure:8143: result: /usr/bin/sed
configure:8161: checking for fgrep
configure:8229: result: /usr/bin/grep -F
configure:8265: checking for ld used by gcc
configure:8333: result: /Library/Developer/CommandLineTools/usr/bin/ld
configure:8340: checking if the linker (/Library/Developer/CommandLineTools/usr/bin/ld) is GNU ld
configure:8356: result: no
configure:8368: checking for BSD- or MS-compatible name lister (nm)
configure:8423: result: /usr/bin/nm -B
configure:8563: checking the name lister (/usr/bin/nm -B) interface
configure:8571: gcc -c -g -O2 -I/usr/local/opt/qt@5/include -I/include conftest.c >&5
configure:8574: /usr/bin/nm -B "conftest.o"
configure:8577: output
0000000000000248 S _some_variable
configure:8584: result: BSD nm
configure:8588: checking the maximum length of command line arguments
configure:8720: result: 786432
configure:8768: checking how to convert x86_64-apple-darwin24.4.0 file names to x86_64-apple-darwin24.4.0 format
configure:8809: result: func_convert_file_noop
configure:8816: checking how to convert x86_64-apple-darwin24.4.0 file names to toolchain format
configure:8837: result: func_convert_file_noop
configure:8844: checking for /Library/Developer/CommandLineTools/usr/bin/ld option to reload object files
configure:8852: result: -r
configure:8931: checking for objdump
configure:8952: found /usr/bin/objdump
configure:8963: result: objdump
configure:8995: checking how to recognize dependent libraries
configure:9196: result: pass_all
configure:9286: checking for dlltool
configure:9321: result: no
configure:9351: checking how to associate runtime and link libraries
configure:9379: result: printf %s\n
configure:9444: checking for ar
configure:9465: found /usr/bin/ar
configure:9476: result: ar
configure:9513: checking for archiver @FILE support
configure:9531: gcc -c -g -O2 -I/usr/local/opt/qt@5/include -I/include conftest.c >&5
configure:9531: $? = 0
configure:9535: ar cr libconftest.a @conftest.lst >&5
ar: @conftest.lst: No such file or directory
configure:9538: $? = 1
configure:9558: result: no
configure:9621: checking for strip
configure:9642: found /usr/bin/strip
configure:9653: result: strip
configure:9730: checking for ranlib
configure:9751: found /usr/bin/ranlib
configure:9762: result: ranlib
configure:9864: checking command to parse /usr/bin/nm -B output from gcc object
configure:10018: gcc -c -g -O2 -I/usr/local/opt/qt@5/include -I/include conftest.c >&5
configure:10021: $? = 0
configure:10025: /usr/bin/nm -B conftest.o | sed -n -e 's/^.*[	 ]\([ABCDGIRSTW][ABCDGIRSTW]*\)[	 ][	 ]*\([_A-Za-z][_A-Za-z0-9]*\)$/\1 \2 \2/p' | sed '/ __gnu_lto/d' > conftest.nm
cannot find nm_test_var in conftest.nm
configure:10018: gcc -c -g -O2 -I/usr/local/opt/qt@5/include -I/include conftest.c >&5
configure:10021: $? = 0
configure:10025: /usr/bin/nm -B conftest.o | sed -n -e 's/^.*[	 ]\([ABCDGIRSTW][ABCDGIRSTW]*\)[	 ][	 ]*_\([_A-Za-z][_A-Za-z0-9]*\)$/\1 _\2 \2/p' | sed '/ __gnu_lto/d' > conftest.nm
configure:10091: gcc -o conftest -g -O2 -I/usr/local/opt/qt@5/include -I/include -L/usr/local/opt/qt@5/lib -L/lib conftest.c conftstm.o >&5
ld: warning: directory not found for option '-L/lib'
warning: (x86_64)  could not find object file symbol for symbol _main
configure:10094: $? = 0
configure:10132: result: ok
configure:10179: checking for sysroot
configure:10210: result: no
configure:10217: checking for a working dd
configure:10261: result: /bin/dd
configure:10265: checking how to truncate binary pipes
configure:10281: result: /bin/dd bs=4096 count=1
configure:10618: checking for mt
configure:10653: result: no
configure:10673: checking if : is a manifest tool
configure:10680: : '-?'
configure:10688: result: no
configure:10749: checking for dsymutil
configure:10770: found /usr/bin/dsymutil
configure:10781: result: dsymutil
configure:10851: checking for nmedit
configure:10872: found /usr/bin/nmedit
configure:10883: result: nmedit
configure:10953: checking for lipo
configure:10974: found /usr/bin/lipo
configure:10985: result: lipo
configure:11055: checking for otool
configure:11076: found /usr/bin/otool
configure:11087: result: otool
configure:11157: checking for otool64
configure:11192: result: no
configure:11237: checking for -single_module linker flag
gcc -g -O2 -L/usr/local/opt/qt@5/lib -L/lib -o libconftest.dylib -dynamiclib -Wl,-single_module conftest.c
configure:11271: result: yes
configure:11274: checking for -exported_symbols_list linker flag
configure:11295: gcc -o conftest -g -O2 -I/usr/local/opt/qt@5/include -I/include -L/usr/local/opt/qt@5/lib -L/lib -Wl,-exported_symbols_list,conftest.sym conftest.c -lz -lm  >&5
ld: warning: directory not found for option '-L/lib'
configure:11295: $? = 0
configure:11306: result: yes
configure:11309: checking for -force_load linker flag
gcc -g -O2 -c -o conftest.o conftest.c
ar cr libconftest.a conftest.o
ranlib libconftest.a
gcc -g -O2 -L/usr/local/opt/qt@5/lib -L/lib -o conftest conftest.c -Wl,-force_load,./libconftest.a
configure:11342: result: yes
configure:11414: checking for dlfcn.h
configure:11414: gcc -c -g -O2 -I/usr/local/opt/qt@5/include -I/include conftest.c >&5
configure:11414: $? = 0
configure:11414: result: yes
configure:11622: checking for objdir
configure:11638: result: .libs
configure:11902: checking if gcc supports -fno-rtti -fno-exceptions
configure:11921: gcc -c -g -O2 -I/usr/local/opt/qt@5/include -I/include -fno-rtti -fno-exceptions conftest.c >&5
configure:11925: $? = 0
configure:11938: result: yes
configure:12302: checking for gcc option to produce PIC
configure:12310: result: -fno-common -DPIC
configure:12318: checking if gcc PIC flag -fno-common -DPIC works
configure:12337: gcc -c -g -O2 -I/usr/local/opt/qt@5/include -I/include -fno-common -DPIC -DPIC conftest.c >&5
configure:12341: $? = 0
configure:12354: result: yes
configure:12383: checking if gcc static flag -static works
configure:12412: result: no
configure:12427: checking if gcc supports -c -o file.o
configure:12449: gcc -c -g -O2 -I/usr/local/opt/qt@5/include -I/include -o out/conftest2.o conftest.c >&5
configure:12453: $? = 0
configure:12475: result: yes
configure:12483: checking if gcc supports -c -o file.o
configure:12531: result: yes
configure:12564: checking whether the gcc linker (/Library/Developer/CommandLineTools/usr/bin/ld) supports shared libraries
configure:13834: result: yes
configure:14075: checking dynamic linker characteristics
configure:14908: result: darwin24.4.0 dyld
configure:15030: checking how to hardcode library paths into programs
configure:15055: result: immediate
configure:15607: checking whether stripping libraries is possible
configure:15621: result: yes
configure:15647: checking if libtool supports shared libraries
configure:15649: result: yes
configure:15652: checking whether to build shared libraries
configure:15677: result: yes
configure:15680: checking whether to build static libraries
configure:15684: result: no
configure:15707: checking how to run the C++ preprocessor
configure:15729: g++ -E -I/usr/local/opt/qt@5/include -I/include conftest.cpp
configure:15729: $? = 0
configure:15744: g++ -E -I/usr/local/opt/qt@5/include -I/include conftest.cpp
conftest.cpp:71:10: fatal error: 'ac_nonexistent.h' file not found
#include <ac_nonexistent.h>
         ^~~~~~~~~~~~~~~~~~
1 error generated.
configure:15744: $? = 1
configure: failed program was:
| /* confdefs.h */
| #define PACKAGE_NAME "RCSSServer"
| #define PACKAGE_TARNAME "rcssserver"
| #define PACKAGE_VERSION "19.0.0"
| #define PACKAGE_STRING "RCSSServer 19.0.0"
| #define PACKAGE_BUGREPORT "https://github.com/rcsoccersim/"
| #define PACKAGE_URL ""
| #define PACKAGE "rcssserver"
| #define VERSION "19.0.0"
| #define HAVE_LIBM 1
| #define HAVE_STDIO_H 1
| #define HAVE_STDLIB_H 1
| #define HAVE_STRING_H 1
| #define HAVE_INTTYPES_H 1
| #define HAVE_STDINT_H 1
| #define HAVE_STRINGS_H 1
| #define HAVE_SYS_STAT_H 1
| #define HAVE_SYS_TYPES_H 1
| #define HAVE_UNISTD_H 1
| #define HAVE_SYS_SELECT_H 1
| #define HAVE_SYS_SOCKET_H 1
| #define STDC_HEADERS 1
| #define HAVE_LIBZ 1
| #define HAVE_ALLOCA_H 1
| #define HAVE_ALLOCA 1
| #define HAVE_ARPA_INET_H 1
| #define HAVE_FCNTL_H 1
| #define HAVE_INTTYPES_H 1
| #define HAVE_LIBINTL_H 1
| #define HAVE_LIBINTL_H 1
| #define HAVE_NETDB_H 1
| #define HAVE_NETINET_IN_H 1
| #define HAVE_POLL_H 1
| #define HAVE_PWD_H 1
| #define HAVE_STDDEF_H 1
| #define HAVE_STDLIB_H 1
| #define HAVE_SYS_PARAM_H 1
| #define HAVE_SYS_SOCKET_H 1
| #define HAVE_SYS_TIME_H 1
| #define HAVE_SYS_TYPES_H 1
| #define HAVE_UNISTD_H 1
| #define HAVE__BOOL 1
| #define HAVE_STDBOOL_H 1
| #define HAVE_PTRDIFF_T 1
| #define HAVE_SOCKLEN_T 1
| #define HAVE_FORK 1
| #define HAVE_VFORK 1
| #define HAVE_WORKING_VFORK 1
| #define HAVE_WORKING_FORK 1
| #define HAVE_MALLOC 1
| #define HAVE_REALLOC 1
| #define RETSIGTYPE void
| #define HAVE_STRFTIME 1
| #define HAVE_FLOOR 1
| #define HAVE_GETHOSTBYNAME 1
| #define HAVE_GETTIMEOFDAY 1
| #define HAVE_INET_NTOA 1
| #define HAVE_MEMSET 1
| #define HAVE_MKDIR 1
| #define HAVE_POW 1
| #define HAVE_RINT 1
| #define HAVE_SELECT 1
| #define HAVE_SOCKET 1
| #define HAVE_SQRT 1
| #define HAVE_STRDUP 1
| #define HAVE_STRERROR 1
| #define YYTEXT_POINTER 1
| #define HAVE_DLFCN_H 1
| #define LT_OBJDIR ".libs/"
| /* end confdefs.h.  */
| #include <ac_nonexistent.h>
configure:15771: result: g++ -E
configure:15785: g++ -E -I/usr/local/opt/qt@5/include -I/include conftest.cpp
configure:15785: $? = 0
configure:15800: g++ -E -I/usr/local/opt/qt@5/include -I/include conftest.cpp
conftest.cpp:71:10: fatal error: 'ac_nonexistent.h' file not found
#include <ac_nonexistent.h>
         ^~~~~~~~~~~~~~~~~~
1 error generated.
configure:15800: $? = 1
configure: failed program was:
| /* confdefs.h */
| #define PACKAGE_NAME "RCSSServer"
| #define PACKAGE_TARNAME "rcssserver"
| #define PACKAGE_VERSION "19.0.0"
| #define PACKAGE_STRING "RCSSServer 19.0.0"
| #define PACKAGE_BUGREPORT "https://github.com/rcsoccersim/"
| #define PACKAGE_URL ""
| #define PACKAGE "rcssserver"
| #define VERSION "19.0.0"
| #define HAVE_LIBM 1
| #define HAVE_STDIO_H 1
| #define HAVE_STDLIB_H 1
| #define HAVE_STRING_H 1
| #define HAVE_INTTYPES_H 1
| #define HAVE_STDINT_H 1
| #define HAVE_STRINGS_H 1
| #define HAVE_SYS_STAT_H 1
| #define HAVE_SYS_TYPES_H 1
| #define HAVE_UNISTD_H 1
| #define HAVE_SYS_SELECT_H 1
| #define HAVE_SYS_SOCKET_H 1
| #define STDC_HEADERS 1
| #define HAVE_LIBZ 1
| #define HAVE_ALLOCA_H 1
| #define HAVE_ALLOCA 1
| #define HAVE_ARPA_INET_H 1
| #define HAVE_FCNTL_H 1
| #define HAVE_INTTYPES_H 1
| #define HAVE_LIBINTL_H 1
| #define HAVE_LIBINTL_H 1
| #define HAVE_NETDB_H 1
| #define HAVE_NETINET_IN_H 1
| #define HAVE_POLL_H 1
| #define HAVE_PWD_H 1
| #define HAVE_STDDEF_H 1
| #define HAVE_STDLIB_H 1
| #define HAVE_SYS_PARAM_H 1
| #define HAVE_SYS_SOCKET_H 1
| #define HAVE_SYS_TIME_H 1
| #define HAVE_SYS_TYPES_H 1
| #define HAVE_UNISTD_H 1
| #define HAVE__BOOL 1
| #define HAVE_STDBOOL_H 1
| #define HAVE_PTRDIFF_T 1
| #define HAVE_SOCKLEN_T 1
| #define HAVE_FORK 1
| #define HAVE_VFORK 1
| #define HAVE_WORKING_VFORK 1
| #define HAVE_WORKING_FORK 1
| #define HAVE_MALLOC 1
| #define HAVE_REALLOC 1
| #define RETSIGTYPE void
| #define HAVE_STRFTIME 1
| #define HAVE_FLOOR 1
| #define HAVE_GETHOSTBYNAME 1
| #define HAVE_GETTIMEOFDAY 1
| #define HAVE_INET_NTOA 1
| #define HAVE_MEMSET 1
| #define HAVE_MKDIR 1
| #define HAVE_POW 1
| #define HAVE_RINT 1
| #define HAVE_SELECT 1
| #define HAVE_SOCKET 1
| #define HAVE_SQRT 1
| #define HAVE_STRDUP 1
| #define HAVE_STRERROR 1
| #define YYTEXT_POINTER 1
| #define HAVE_DLFCN_H 1
| #define LT_OBJDIR ".libs/"
| /* end confdefs.h.  */
| #include <ac_nonexistent.h>
configure:15965: checking for ld used by g++
configure:16033: result: /Library/Developer/CommandLineTools/usr/bin/ld
configure:16040: checking if the linker (/Library/Developer/CommandLineTools/usr/bin/ld) is GNU ld
configure:16056: result: no
configure:16111: checking whether the g++ linker (/Library/Developer/CommandLineTools/usr/bin/ld) supports shared libraries
configure:17188: result: yes
configure:17224: g++ -c -g -O2 -I/usr/local/opt/qt@5/include -I/include conftest.cpp >&5
configure:17227: $? = 0
configure:17708: checking for g++ option to produce PIC
configure:17716: result: -fno-common -DPIC
configure:17724: checking if g++ PIC flag -fno-common -DPIC works
configure:17743: g++ -c -g -O2 -I/usr/local/opt/qt@5/include -I/include -fno-common -DPIC -DPIC conftest.cpp >&5
configure:17747: $? = 0
configure:17760: result: yes
configure:17783: checking if g++ static flag -static works
configure:17812: result: no
configure:17824: checking if g++ supports -c -o file.o
configure:17846: g++ -c -g -O2 -I/usr/local/opt/qt@5/include -I/include -o out/conftest2.o conftest.cpp >&5
configure:17850: $? = 0
configure:17872: result: yes
configure:17877: checking if g++ supports -c -o file.o
configure:17925: result: yes
configure:17955: checking whether the g++ linker (/Library/Developer/CommandLineTools/usr/bin/ld) supports shared libraries
configure:17998: result: yes
configure:18140: checking dynamic linker characteristics
configure:18900: result: darwin24.4.0 dyld
configure:18965: checking how to hardcode library paths into programs
configure:18990: result: immediate
configure:19110: checking whether g++ supports C++17 features with -std=c++17
configure:19911: g++ -std=c++17 -c -g -O2 -I/usr/local/opt/qt@5/include -I/include conftest.cpp >&5
configure:19911: $? = 0
configure:19921: result: yes
configure:20063: checking for boostlib >= 1.44.0 (104400) includes in "/usr/local/Cellar/boost/1.88.0/include"
configure:20068: result: yes
configure:20072: checking for boostlib >= 1.44.0 (104400) lib path in "/usr/local/Cellar/boost/1.88.0/lib/x86_64-darwin24.4.0"
configure:20083: result: no
configure:20072: checking for boostlib >= 1.44.0 (104400) lib path in "/usr/local/Cellar/boost/1.88.0/lib64"
configure:20083: result: no
configure:20072: checking for boostlib >= 1.44.0 (104400) lib path in "/usr/local/Cellar/boost/1.88.0/libx32"
configure:20083: result: no
configure:20072: checking for boostlib >= 1.44.0 (104400) lib path in "/usr/local/Cellar/boost/1.88.0/lib"
configure:20077: result: yes
configure:20118: checking for boostlib >= 1.44.0 (104400)
configure:20150: g++ -std=c++17 -c -g -O2 -I/usr/local/opt/qt@5/include -I/include -I/usr/local/Cellar/boost/1.88.0/include conftest.cpp >&5
configure:20150: $? = 0
configure:20153: result: yes
configure:20347: checking whether the Boost::System library is available
configure:20373: g++ -std=c++17 -c  -I/usr/local/opt/qt@5/include -I/include -I/usr/local/Cellar/boost/1.88.0/include conftest.cpp >&5
configure:20373: $? = 0
configure:20389: result: yes
configure:20404: checking for exit in -lboost_system
configure:20427: gcc -o conftest -g -O2 -I/usr/local/opt/qt@5/include -I/include -I/usr/local/Cellar/boost/1.88.0/include -L/usr/local/opt/qt@5/lib -L/lib -L/usr/local/Cellar/boost/1.88.0/lib conftest.c -lboost_system  -lz -lm  >&5
conftest.c:78:6: warning: incompatible redeclaration of library function 'exit' [-Wincompatible-library-redeclaration]
char exit ();
     ^
conftest.c:78:6: note: 'exit' is a builtin with type 'void (int) __attribute__((noreturn))'
1 warning generated.
ld: warning: directory not found for option '-L/lib'
ld: warning: dylib (/usr/local/Cellar/boost/1.88.0/lib/libboost_system.dylib) was built for newer macOS version (14.0) than being linked (13.3)
configure:20427: $? = 0
configure:20438: result: yes
configure:20589: checking for select
configure:20589: result: yes
configure:20599: checking types of arguments for select
configure:20629: gcc -c -g -O2 -I/usr/local/opt/qt@5/include -I/include -I/usr/local/Cellar/boost/1.88.0/include conftest.c >&5
configure:20629: $? = 0
configure:20639: result: int,fd_set *,struct timeval *
configure:20784: checking that generated files are newer than configure
configure:20790: result: done
configure:20817: creating ./config.status

## ---------------------- ##
## Running config.status. ##
## ---------------------- ##

This file was extended by RCSSServer config.status 19.0.0, which was
generated by GNU Autoconf 2.71.  Invocation command line was

  CONFIG_FILES    = 
  CONFIG_HEADERS  = 
  CONFIG_LINKS    = 
  CONFIG_COMMANDS = 
  $ ./config.status 

on Taewons-MacBook-Pro.local

config.status:1218: creating Makefile
config.status:1218: creating rcss/Makefile
config.status:1218: creating rcss/net/Makefile
config.status:1218: creating rcss/conf/Makefile
config.status:1218: creating rcss/gzip/Makefile
config.status:1218: creating rcss/clang/Makefile
config.status:1218: creating src/Makefile
config.status:1218: creating src/rcsoccersim
config.status:1218: creating config.h
config.status:1399: config.h is unchanged
config.status:1447: executing depfiles commands
config.status:1524: cd rcss/net       && sed -e '/# am--include-marker/d' Makefile         | make -f - am--depfiles
make: Nothing to be done for `am--depfiles'.
config.status:1529: $? = 0
config.status:1524: cd rcss/conf       && sed -e '/# am--include-marker/d' Makefile         | make -f - am--depfiles
make: Nothing to be done for `am--depfiles'.
config.status:1529: $? = 0
config.status:1524: cd rcss/gzip       && sed -e '/# am--include-marker/d' Makefile         | make -f - am--depfiles
make: Nothing to be done for `am--depfiles'.
config.status:1529: $? = 0
config.status:1524: cd rcss/clang       && sed -e '/# am--include-marker/d' Makefile         | make -f - am--depfiles
make: Nothing to be done for `am--depfiles'.
config.status:1529: $? = 0
config.status:1524: cd src       && sed -e '/# am--include-marker/d' Makefile         | make -f - am--depfiles
make: Nothing to be done for `am--depfiles'.
config.status:1529: $? = 0
config.status:1447: executing libtool commands

## ---------------- ##
## Cache variables. ##
## ---------------- ##

ac_cv_build=x86_64-apple-darwin24.4.0
ac_cv_c_compiler_gnu=yes
ac_cv_c_const=yes
ac_cv_c_inline=inline
ac_cv_c_int16_t=yes
ac_cv_c_int32_t=yes
ac_cv_c_int8_t=yes
ac_cv_c_uint16_t=yes
ac_cv_c_uint32_t=yes
ac_cv_c_uint8_t=yes
ac_cv_cxx_compiler_gnu=yes
ac_cv_env_CCC_set=
ac_cv_env_CCC_value=
ac_cv_env_CC_set=
ac_cv_env_CC_value=
ac_cv_env_CFLAGS_set=
ac_cv_env_CFLAGS_value=
ac_cv_env_CPPFLAGS_set=set
ac_cv_env_CPPFLAGS_value=-I/usr/local/opt/qt@5/include
ac_cv_env_CPP_set=
ac_cv_env_CPP_value=
ac_cv_env_CXXCPP_set=
ac_cv_env_CXXCPP_value=
ac_cv_env_CXXFLAGS_set=
ac_cv_env_CXXFLAGS_value=
ac_cv_env_CXX_set=
ac_cv_env_CXX_value=
ac_cv_env_FLEX_set=
ac_cv_env_FLEX_value=
ac_cv_env_LDFLAGS_set=set
ac_cv_env_LDFLAGS_value=-L/usr/local/opt/qt@5/lib
ac_cv_env_LIBS_set=
ac_cv_env_LIBS_value=
ac_cv_env_LT_SYS_LIBRARY_PATH_set=
ac_cv_env_LT_SYS_LIBRARY_PATH_value=
ac_cv_env_RCSSCLIENT_LIBS_set=
ac_cv_env_RCSSCLIENT_LIBS_value=
ac_cv_env_YACC_set=
ac_cv_env_YACC_value=
ac_cv_env_YFLAGS_set=
ac_cv_env_YFLAGS_value=
ac_cv_env_build_alias_set=
ac_cv_env_build_alias_value=
ac_cv_env_host_alias_set=
ac_cv_env_host_alias_value=
ac_cv_env_target_alias_set=
ac_cv_env_target_alias_value=
ac_cv_func_alloca_works=yes
ac_cv_func_floor=yes
ac_cv_func_fork=yes
ac_cv_func_fork_works=yes
ac_cv_func_gethostbyname=yes
ac_cv_func_gettimeofday=yes
ac_cv_func_inet_ntoa=yes
ac_cv_func_malloc_0_nonnull=yes
ac_cv_func_memset=yes
ac_cv_func_mkdir=yes
ac_cv_func_pow=yes
ac_cv_func_realloc_0_nonnull=yes
ac_cv_func_rint=yes
ac_cv_func_select=yes
ac_cv_func_select_args='int,fd_set *,struct timeval *'
ac_cv_func_socket=yes
ac_cv_func_sqrt=yes
ac_cv_func_strdup=yes
ac_cv_func_strerror=yes
ac_cv_func_strftime=yes
ac_cv_func_vfork=yes
ac_cv_func_vfork_works=yes
ac_cv_header_arpa_inet_h=yes
ac_cv_header_dlfcn_h=yes
ac_cv_header_fcntl_h=yes
ac_cv_header_inttypes_h=yes
ac_cv_header_libintl_h=yes
ac_cv_header_malloc_h=no
ac_cv_header_netdb_h=yes
ac_cv_header_netinet_in_h=yes
ac_cv_header_poll_h=yes
ac_cv_header_pwd_h=yes
ac_cv_header_stdbool_h=yes
ac_cv_header_stddef_h=yes
ac_cv_header_stdint_h=yes
ac_cv_header_stdio_h=yes
ac_cv_header_stdlib_h=yes
ac_cv_header_string_h=yes
ac_cv_header_strings_h=yes
ac_cv_header_sys_param_h=yes
ac_cv_header_sys_select_h=yes
ac_cv_header_sys_socket_h=yes
ac_cv_header_sys_stat_h=yes
ac_cv_header_sys_time_h=yes
ac_cv_header_sys_types_h=yes
ac_cv_header_unistd_h=yes
ac_cv_header_vfork_h=no
ac_cv_header_zlib_h=yes
ac_cv_host=x86_64-apple-darwin24.4.0
ac_cv_lib_boost_system_exit=yes
ac_cv_lib_lex='none needed'
ac_cv_lib_m_cos=yes
ac_cv_lib_z_inflateEnd=yes
ac_cv_objext=o
ac_cv_path_EGREP='/usr/bin/grep -E'
ac_cv_path_FGREP='/usr/bin/grep -F'
ac_cv_path_GREP=/usr/bin/grep
ac_cv_path_SED=/usr/bin/sed
ac_cv_path_install='/usr/bin/install -c'
ac_cv_path_lt_DD=/bin/dd
ac_cv_prog_AWK=awk
ac_cv_prog_CPP='gcc -E'
ac_cv_prog_CXXCPP='g++ -E'
ac_cv_prog_LEX=flex
ac_cv_prog_YACC='bison -y'
ac_cv_prog_ac_ct_AR=ar
ac_cv_prog_ac_ct_CC=gcc
ac_cv_prog_ac_ct_CXX=g++
ac_cv_prog_ac_ct_DSYMUTIL=dsymutil
ac_cv_prog_ac_ct_LIPO=lipo
ac_cv_prog_ac_ct_NMEDIT=nmedit
ac_cv_prog_ac_ct_OBJDUMP=objdump
ac_cv_prog_ac_ct_OTOOL=otool
ac_cv_prog_ac_ct_RANLIB=ranlib
ac_cv_prog_ac_ct_STRIP=strip
ac_cv_prog_cc_c11=
ac_cv_prog_cc_g=yes
ac_cv_prog_cc_stdc=
ac_cv_prog_cxx_11=no
ac_cv_prog_cxx_g=yes
ac_cv_prog_cxx_stdcxx=
ac_cv_prog_lex_root=lex.yy
ac_cv_prog_lex_yytext_pointer=yes
ac_cv_prog_make_make_set=yes
ac_cv_search_yywrap=-ll
ac_cv_struct_tm=time.h
ac_cv_type__Bool=yes
ac_cv_type_pid_t=yes
ac_cv_type_ptrdiff_t=yes
ac_cv_type_signal=void
ac_cv_type_size_t=yes
ac_cv_type_socklen_t=yes
ac_cv_working_alloca_h=yes
am_cv_CC_dependencies_compiler_type=gcc3
am_cv_CXX_dependencies_compiler_type=gcc3
am_cv_make_support_nested_variables=yes
am_cv_prog_cc_c_o=yes
ax_cv_boost_system=yes
ax_cv_cxx_compile_cxx17__std_cpp17=yes
ax_cv_prog_bison=yes
ax_cv_prog_flex=yes
lt_cv_apple_cc_single_mod=yes
lt_cv_ar_at_file=no
lt_cv_deplibs_check_method=pass_all
lt_cv_file_magic_cmd='$MAGIC_CMD'
lt_cv_file_magic_test_file=
lt_cv_ld_exported_symbols_list=yes
lt_cv_ld_force_load=yes
lt_cv_ld_reload_flag=-r
lt_cv_nm_interface='BSD nm'
lt_cv_objdir=.libs
lt_cv_path_LD=/Library/Developer/CommandLineTools/usr/bin/ld
lt_cv_path_LDCXX=/Library/Developer/CommandLineTools/usr/bin/ld
lt_cv_path_NM='/usr/bin/nm -B'
lt_cv_path_mainfest_tool=no
lt_cv_prog_compiler_c_o=yes
lt_cv_prog_compiler_c_o_CXX=yes
lt_cv_prog_compiler_pic='-fno-common -DPIC'
lt_cv_prog_compiler_pic_CXX='-fno-common -DPIC'
lt_cv_prog_compiler_pic_works=yes
lt_cv_prog_compiler_pic_works_CXX=yes
lt_cv_prog_compiler_rtti_exceptions=yes
lt_cv_prog_compiler_static_works=no
lt_cv_prog_compiler_static_works_CXX=no
lt_cv_prog_gnu_ld=no
lt_cv_prog_gnu_ldcxx=no
lt_cv_sharedlib_from_linklib_cmd='printf %s\n'
lt_cv_sys_global_symbol_pipe='sed -n -e '\''s/^.*[	 ]\([ABCDGIRSTW][ABCDGIRSTW]*\)[	 ][	 ]*_\([_A-Za-z][_A-Za-z0-9]*\)$/\1 _\2 \2/p'\'' | sed '\''/ __gnu_lto/d'\'''
lt_cv_sys_global_symbol_to_c_name_address='sed -n -e '\''s/^: \(.*\) .*$/  {"\1", (void *) 0},/p'\'' -e '\''s/^[ABCDGIRSTW][ABCDGIRSTW]* .* \(.*\)$/  {"\1", (void *) \&\1},/p'\'''
lt_cv_sys_global_symbol_to_c_name_address_lib_prefix='sed -n -e '\''s/^: \(.*\) .*$/  {"\1", (void *) 0},/p'\'' -e '\''s/^[ABCDGIRSTW][ABCDGIRSTW]* .* \(lib.*\)$/  {"\1", (void *) \&\1},/p'\'' -e '\''s/^[ABCDGIRSTW][ABCDGIRSTW]* .* \(.*\)$/  {"lib\1", (void *) \&\1},/p'\'''
lt_cv_sys_global_symbol_to_cdecl='sed -n -e '\''s/^T .* \(.*\)$/extern int \1();/p'\'' -e '\''s/^[ABCDGIRSTW][ABCDGIRSTW]* .* \(.*\)$/extern char \1;/p'\'''
lt_cv_sys_global_symbol_to_import=
lt_cv_sys_max_cmd_len=786432
lt_cv_to_host_file_cmd=func_convert_file_noop
lt_cv_to_tool_file_cmd=func_convert_file_noop
lt_cv_truncate_bin='/bin/dd bs=4096 count=1'
zlib_cv_libz=yes
zlib_cv_zlib_h=yes

## ----------------- ##
## Output variables. ##
## ----------------- ##

ACLOCAL='${SHELL} '\''/Users/taewonhwang/Downloads/soccer-tournament-main 7/rcssserver-19.0.0/missing'\'' aclocal-1.16'
ALLOCA=''
AMDEPBACKSLASH='\'
AMDEP_FALSE='#'
AMDEP_TRUE=''
AMTAR='$${TAR-tar}'
AM_BACKSLASH='\'
AM_DEFAULT_V='$(AM_DEFAULT_VERBOSITY)'
AM_DEFAULT_VERBOSITY='1'
AM_FLEXFLAGS='-olex.yy.c'
AM_V='$(V)'
AR='ar'
AUTOCONF='${SHELL} '\''/Users/taewonhwang/Downloads/soccer-tournament-main 7/rcssserver-19.0.0/missing'\'' autoconf'
AUTOHEADER='${SHELL} '\''/Users/taewonhwang/Downloads/soccer-tournament-main 7/rcssserver-19.0.0/missing'\'' autoheader'
AUTOMAKE='${SHELL} '\''/Users/taewonhwang/Downloads/soccer-tournament-main 7/rcssserver-19.0.0/missing'\'' automake-1.16'
AWK='awk'
BOOST_CPPFLAGS='-I/usr/local/Cellar/boost/1.88.0/include'
BOOST_LDFLAGS='-L/usr/local/Cellar/boost/1.88.0/lib'
BOOST_SYSTEM_LIB='-lboost_system'
CC='gcc'
CCDEPMODE='depmode=gcc3'
CFLAGS='-g -O2'
CPP='gcc -E'
CPPFLAGS='-I/usr/local/opt/qt@5/include -I/include -I/usr/local/Cellar/boost/1.88.0/include'
CSCOPE='cscope'
CTAGS='ctags'
CXX='g++ -std=c++17'
CXXCPP='g++ -E -std=c++17'
CXXDEPMODE='depmode=gcc3'
CXXFLAGS='-g -O2'
CYGPATH_W='echo'
DEFS='-DHAVE_CONFIG_H'
DEPDIR='.deps'
DLLTOOL='false'
DSYMUTIL='dsymutil'
DUMPBIN=''
ECHO_C='\c'
ECHO_N=''
ECHO_T=''
EGREP='/usr/bin/grep -E'
ETAGS='etags'
EXEEXT=''
FGREP='/usr/bin/grep -F'
FLEX='flex'
FLEXFLAGS=''
GREP='/usr/bin/grep'
HAVE_CXX17='1'
INSTALL_DATA='${INSTALL} -m 644'
INSTALL_PROGRAM='${INSTALL}'
INSTALL_SCRIPT='${INSTALL}'
INSTALL_STRIP_PROGRAM='$(install_sh) -c -s'
LD='/Library/Developer/CommandLineTools/usr/bin/ld'
LDFLAGS='-L/usr/local/opt/qt@5/lib -L/lib -L/usr/local/Cellar/boost/1.88.0/lib'
LEX='flex'
LEXLIB='-ll '
LEX_OUTPUT_ROOT='lex.yy'
LIBOBJS=''
LIBS='-lz -lm '
LIBTOOL='$(SHELL) $(top_builddir)/libtool'
LIBTOOL_DEPS='.//ltmain.sh'
LIPO='lipo'
LN_S='ln -s'
LTLIBOBJS=''
LT_SYS_LIBRARY_PATH=''
MAKEINFO='${SHELL} '\''/Users/taewonhwang/Downloads/soccer-tournament-main 7/rcssserver-19.0.0/missing'\'' makeinfo'
MANIFEST_TOOL=':'
MKDIR_P='./install-sh -c -d'
NM='/usr/bin/nm -B'
NMEDIT='nmedit'
OBJDUMP='objdump'
OBJEXT='o'
OTOOL64=':'
OTOOL='otool'
PACKAGE='rcssserver'
PACKAGE_BUGREPORT='https://github.com/rcsoccersim/'
PACKAGE_NAME='RCSSServer'
PACKAGE_STRING='RCSSServer 19.0.0'
PACKAGE_TARNAME='rcssserver'
PACKAGE_URL=''
PACKAGE_VERSION='19.0.0'
PATH_SEPARATOR=':'
RANLIB='ranlib'
RCSSCLIENT='rcssclient'
RCSSCLIENT_LIBS=''
SED='/usr/bin/sed'
SET_MAKE=''
SHELL='/bin/sh'
STRIP='strip'
VERSION='19.0.0'
YACC='bison -o y.tab.c'
YFLAGS=''
ac_ct_AR='ar'
ac_ct_CC='gcc'
ac_ct_CXX='g++'
ac_ct_DUMPBIN=''
am__EXEEXT_FALSE=''
am__EXEEXT_TRUE='#'
am__fastdepCC_FALSE='#'
am__fastdepCC_TRUE=''
am__fastdepCXX_FALSE='#'
am__fastdepCXX_TRUE=''
am__include='include'
am__isrc=''
am__leading_dot='.'
am__nodep='_no'
am__quote=''
am__tar='$${TAR-tar} chof - "$$tardir"'
am__untar='$${TAR-tar} xf -'
bindir='${exec_prefix}/bin'
build='x86_64-apple-darwin24.4.0'
build_alias=''
build_cpu='x86_64'
build_os='darwin24.4.0'
build_vendor='apple'
datadir='${datarootdir}'
datarootdir='${prefix}/share'
docdir='${datarootdir}/doc/${PACKAGE_TARNAME}'
dvidir='${docdir}'
exec_prefix='${prefix}'
host='x86_64-apple-darwin24.4.0'
host_alias=''
host_cpu='x86_64'
host_os='darwin24.4.0'
host_vendor='apple'
htmldir='${docdir}'
includedir='${prefix}/include'
infodir='${datarootdir}/info'
install_sh='${SHELL} '\''/Users/taewonhwang/Downloads/soccer-tournament-main 7/rcssserver-19.0.0/install-sh'\'''
libdir='${exec_prefix}/lib'
libexecdir='${exec_prefix}/libexec'
localedir='${datarootdir}/locale'
localstatedir='${prefix}/var'
mandir='${datarootdir}/man'
mkdir_p='$(MKDIR_P)'
oldincludedir='/usr/include'
pdfdir='${docdir}'
prefix='/usr/local'
program_transform_name='s,x,x,'
psdir='${docdir}'
runstatedir='${localstatedir}/run'
sbindir='${exec_prefix}/sbin'
sharedstatedir='${prefix}/com'
sysconfdir='${prefix}/etc'
target_alias=''

## ----------- ##
## confdefs.h. ##
## ----------- ##

/* confdefs.h */
#define PACKAGE_NAME "RCSSServer"
#define PACKAGE_TARNAME "rcssserver"
#define PACKAGE_VERSION "19.0.0"
#define PACKAGE_STRING "RCSSServer 19.0.0"
#define PACKAGE_BUGREPORT "https://github.com/rcsoccersim/"
#define PACKAGE_URL ""
#define PACKAGE "rcssserver"
#define VERSION "19.0.0"
#define HAVE_LIBM 1
#define HAVE_STDIO_H 1
#define HAVE_STDLIB_H 1
#define HAVE_STRING_H 1
#define HAVE_INTTYPES_H 1
#define HAVE_STDINT_H 1
#define HAVE_STRINGS_H 1
#define HAVE_SYS_STAT_H 1
#define HAVE_SYS_TYPES_H 1
#define HAVE_UNISTD_H 1
#define HAVE_SYS_SELECT_H 1
#define HAVE_SYS_SOCKET_H 1
#define STDC_HEADERS 1
#define HAVE_LIBZ 1
#define HAVE_ALLOCA_H 1
#define HAVE_ALLOCA 1
#define HAVE_ARPA_INET_H 1
#define HAVE_FCNTL_H 1
#define HAVE_INTTYPES_H 1
#define HAVE_LIBINTL_H 1
#define HAVE_LIBINTL_H 1
#define HAVE_NETDB_H 1
#define HAVE_NETINET_IN_H 1
#define HAVE_POLL_H 1
#define HAVE_PWD_H 1
#define HAVE_STDDEF_H 1
#define HAVE_STDLIB_H 1
#define HAVE_SYS_PARAM_H 1
#define HAVE_SYS_SOCKET_H 1
#define HAVE_SYS_TIME_H 1
#define HAVE_SYS_TYPES_H 1
#define HAVE_UNISTD_H 1
#define HAVE__BOOL 1
#define HAVE_STDBOOL_H 1
#define HAVE_PTRDIFF_T 1
#define HAVE_SOCKLEN_T 1
#define HAVE_FORK 1
#define HAVE_VFORK 1
#define HAVE_WORKING_VFORK 1
#define HAVE_WORKING_FORK 1
#define HAVE_MALLOC 1
#define HAVE_REALLOC 1
#define RETSIGTYPE void
#define HAVE_STRFTIME 1
#define HAVE_FLOOR 1
#define HAVE_GETHOSTBYNAME 1
#define HAVE_GETTIMEOFDAY 1
#define HAVE_INET_NTOA 1
#define HAVE_MEMSET 1
#define HAVE_MKDIR 1
#define HAVE_POW 1
#define HAVE_RINT 1
#define HAVE_SELECT 1
#define HAVE_SOCKET 1
#define HAVE_SQRT 1
#define HAVE_STRDUP 1
#define HAVE_STRERROR 1
#define YYTEXT_POINTER 1
#define HAVE_DLFCN_H 1
#define LT_OBJDIR ".libs/"
#define HAVE_CXX17 1
#define HAVE_BOOST /**/
#define HAVE_BOOST_SYSTEM /**/
#define HAVE_SELECT 1
#define SELECT_TYPE_ARG1 int
#define SELECT_TYPE_ARG234 (fd_set *)
#define SELECT_TYPE_ARG5 (struct timeval *)

configure: exit 0
